<?xml version="1.0" encoding="UTF-8" standalone="no"?>
<!DOCTYPE log SYSTEM "logger.dtd">
<log>
<record>
  <date>2020-03-02T09:20:51</date>
  <millis>1583155251471</millis>
  <sequence>0</sequence>
  <level>START</level>
  <class>com.kms.katalon.core.logging.XmlKeywordLogger</class>
  <method>startSuite</method>
  <thread>1</thread>
  <message>Start Test Suite : Test Suites/Funcionalidades_Pedidos/Flujo Completo Mov Inventario</message>
  <nestedLevel>0</nestedLevel>
  <property name="name">Flujo Completo Mov Inventario</property>
  <property name="description"></property>
  <property name="id">Test Suites/Funcionalidades_Pedidos/Flujo Completo Mov Inventario</property>
</record>
<record>
  <date>2020-03-02T09:20:51</date>
  <millis>1583155251494</millis>
  <sequence>1</sequence>
  <level>RUN_DATA</level>
  <class>com.kms.katalon.core.logging.XmlKeywordLogger</class>
  <method>logMessage</method>
  <thread>1</thread>
  <message>hostName = kaizen - LAPTOP-K43U1BVQ</message>
  <nestedLevel>0</nestedLevel>
  <property name="hostName">kaizen - LAPTOP-K43U1BVQ</property>
</record>
<record>
  <date>2020-03-02T09:20:51</date>
  <millis>1583155251496</millis>
  <sequence>2</sequence>
  <level>RUN_DATA</level>
  <class>com.kms.katalon.core.logging.XmlKeywordLogger</class>
  <method>logMessage</method>
  <thread>1</thread>
  <message>os = Windows 10 64bit</message>
  <nestedLevel>0</nestedLevel>
  <property name="os">Windows 10 64bit</property>
</record>
<record>
  <date>2020-03-02T09:20:51</date>
  <millis>1583155251497</millis>
  <sequence>3</sequence>
  <level>RUN_DATA</level>
  <class>com.kms.katalon.core.logging.XmlKeywordLogger</class>
  <method>logMessage</method>
  <thread>1</thread>
  <message>hostAddress = 192.168.99.1</message>
  <nestedLevel>0</nestedLevel>
  <property name="hostAddress">192.168.99.1</property>
</record>
<record>
  <date>2020-03-02T09:20:51</date>
  <millis>1583155251499</millis>
  <sequence>4</sequence>
  <level>RUN_DATA</level>
  <class>com.kms.katalon.core.logging.XmlKeywordLogger</class>
  <method>logMessage</method>
  <thread>1</thread>
  <message>katalonVersion = 7.2.1.1</message>
  <nestedLevel>0</nestedLevel>
  <property name="katalonVersion">7.2.1.1</property>
</record>
<record>
  <date>2020-03-02T09:20:51</date>
  <millis>1583155251919</millis>
  <sequence>5</sequence>
  <level>START</level>
  <class>com.kms.katalon.core.logging.XmlKeywordLogger</class>
  <method>startTest</method>
  <thread>1</thread>
  <message>Start Test Case : Test Cases/Generar_Excels_Secuencias/TC_Generar_Excel_ProductoAlmacen</message>
  <nestedLevel>1</nestedLevel>
  <property name="name">Test Cases/Generar_Excels_Secuencias/TC_Generar_Excel_ProductoAlmacen</property>
  <property name="description"></property>
  <property name="id">Test Cases/Generar_Excels_Secuencias/TC_Generar_Excel_ProductoAlmacen</property>
  <property name="source">C:\\Users\\kaizen\\git\\AutomatizacionKatalon\\Test Cases\\Generar_Excels_Secuencias\\TC_Generar_Excel_ProductoAlmacen.tc</property>
  <property name="tag"></property>
  <property name="isOptional">false</property>
</record>
<record>
  <date>2020-03-02T09:20:52</date>
  <millis>1583155252355</millis>
  <sequence>7</sequence>
  <level>START</level>
  <class>com.kms.katalon.core.logging.XmlKeywordLogger</class>
  <method>startKeyword</method>
  <thread>1</thread>
  <message>Start action : python.ejecutarAleatoriosPython.runPython(\&amp;quot;ProductoAlmacen\&amp;quot;)</message>
  <nestedLevel>1</nestedLevel>
  <property name="startLine">18</property>
  <property name="stepIndex">1</property>
</record>
<record>
  <date>2020-03-02T09:20:57</date>
  <millis>1583155257937</millis>
  <sequence>8</sequence>
  <level>PASSED</level>
  <class>com.kms.katalon.core.logging.XmlKeywordLogger</class>
  <method>logMessage</method>
  <thread>1</thread>
  <message>python.ejecutarAleatoriosPython.runPython is PASSED</message>
  <nestedLevel>1</nestedLevel>
</record>
<record>
  <date>2020-03-02T09:20:57</date>
  <millis>1583155257938</millis>
  <sequence>9</sequence>
  <level>END</level>
  <class>com.kms.katalon.core.logging.XmlKeywordLogger</class>
  <method>endKeyword</method>
  <thread>1</thread>
  <message>End action : python.ejecutarAleatoriosPython.runPython(\&amp;quot;ProductoAlmacen\&amp;quot;)</message>
  <nestedLevel>1</nestedLevel>
</record>
<record>
  <date>2020-03-02T09:20:57</date>
  <millis>1583155257939</millis>
  <sequence>10</sequence>
  <level>PASSED</level>
  <class>com.kms.katalon.core.logging.XmlKeywordLogger</class>
  <method>logMessage</method>
  <thread>1</thread>
  <message>Test Cases/Generar_Excels_Secuencias/TC_Generar_Excel_ProductoAlmacen</message>
  <nestedLevel>1</nestedLevel>
</record>
<record>
  <date>2020-03-02T09:20:57</date>
  <millis>1583155257940</millis>
  <sequence>11</sequence>
  <level>END</level>
  <class>com.kms.katalon.core.logging.XmlKeywordLogger</class>
  <method>endTest</method>
  <thread>1</thread>
  <message>End Test Case : Test Cases/Generar_Excels_Secuencias/TC_Generar_Excel_ProductoAlmacen</message>
  <nestedLevel>0</nestedLevel>
</record>
<record>
  <date>2020-03-02T09:20:57</date>
  <millis>1583155257947</millis>
  <sequence>12</sequence>
  <level>START</level>
  <class>com.kms.katalon.core.logging.XmlKeywordLogger</class>
  <method>startTest</method>
  <thread>1</thread>
  <message>Start Test Case : Test Cases/Generar_Excels_Secuencias/TC_Generar_Excel_Mov_Inventario</message>
  <nestedLevel>1</nestedLevel>
  <property name="name">Test Cases/Generar_Excels_Secuencias/TC_Generar_Excel_Mov_Inventario</property>
  <property name="description"></property>
  <property name="id">Test Cases/Generar_Excels_Secuencias/TC_Generar_Excel_Mov_Inventario</property>
  <property name="source">C:\\Users\\kaizen\\git\\AutomatizacionKatalon\\Test Cases\\Generar_Excels_Secuencias\\TC_Generar_Excel_Mov_Inventario.tc</property>
  <property name="tag"></property>
  <property name="isOptional">false</property>
</record>
<record>
  <date>2020-03-02T09:20:58</date>
  <millis>1583155258253</millis>
  <sequence>14</sequence>
  <level>START</level>
  <class>com.kms.katalon.core.logging.XmlKeywordLogger</class>
  <method>startKeyword</method>
  <thread>1</thread>
  <message>Start action : python.ejecutarAleatoriosPython.runPython(\&amp;quot;MovimientoInventario\&amp;quot;)</message>
  <nestedLevel>1</nestedLevel>
  <property name="startLine">18</property>
  <property name="stepIndex">1</property>
</record>
<record>
  <date>2020-03-02T09:21:02</date>
  <millis>1583155262843</millis>
  <sequence>15</sequence>
  <level>PASSED</level>
  <class>com.kms.katalon.core.logging.XmlKeywordLogger</class>
  <method>logMessage</method>
  <thread>1</thread>
  <message>python.ejecutarAleatoriosPython.runPython is PASSED</message>
  <nestedLevel>1</nestedLevel>
</record>
<record>
  <date>2020-03-02T09:21:02</date>
  <millis>1583155262843</millis>
  <sequence>16</sequence>
  <level>END</level>
  <class>com.kms.katalon.core.logging.XmlKeywordLogger</class>
  <method>endKeyword</method>
  <thread>1</thread>
  <message>End action : python.ejecutarAleatoriosPython.runPython(\&amp;quot;MovimientoInventario\&amp;quot;)</message>
  <nestedLevel>1</nestedLevel>
</record>
<record>
  <date>2020-03-02T09:21:02</date>
  <millis>1583155262844</millis>
  <sequence>17</sequence>
  <level>PASSED</level>
  <class>com.kms.katalon.core.logging.XmlKeywordLogger</class>
  <method>logMessage</method>
  <thread>1</thread>
  <message>Test Cases/Generar_Excels_Secuencias/TC_Generar_Excel_Mov_Inventario</message>
  <nestedLevel>1</nestedLevel>
</record>
<record>
  <date>2020-03-02T09:21:02</date>
  <millis>1583155262845</millis>
  <sequence>18</sequence>
  <level>END</level>
  <class>com.kms.katalon.core.logging.XmlKeywordLogger</class>
  <method>endTest</method>
  <thread>1</thread>
  <message>End Test Case : Test Cases/Generar_Excels_Secuencias/TC_Generar_Excel_Mov_Inventario</message>
  <nestedLevel>0</nestedLevel>
</record>
<record>
  <date>2020-03-02T09:21:02</date>
  <millis>1583155262935</millis>
  <sequence>19</sequence>
  <level>END</level>
  <class>com.kms.katalon.core.logging.XmlKeywordLogger</class>
  <method>endSuite</method>
  <thread>1</thread>
  <message>End Test Suite : Test Suites/Funcionalidades_Pedidos/Flujo Completo Mov Inventario</message>
  <nestedLevel>0</nestedLevel>
</record>
</log>
