<?xml version="1.0" encoding="UTF-8" standalone="no"?>
<!DOCTYPE log SYSTEM "logger.dtd">
<log>
<record>
  <date>2020-03-04T16:32:17</date>
  <millis>1583353937949</millis>
  <sequence>0</sequence>
  <level>START</level>
  <class>com.kms.katalon.core.logging.XmlKeywordLogger</class>
  <method>startSuite</method>
  <thread>1</thread>
  <message>Start Test Suite : Test Suites/Funcionalidades_Pedidos/Flujo Completo Mov Inventario</message>
  <nestedLevel>0</nestedLevel>
  <property name="name">Flujo Completo Mov Inventario</property>
  <property name="description"></property>
  <property name="id">Test Suites/Funcionalidades_Pedidos/Flujo Completo Mov Inventario</property>
</record>
<record>
  <date>2020-03-04T16:32:17</date>
  <millis>1583353937980</millis>
  <sequence>1</sequence>
  <level>RUN_DATA</level>
  <class>com.kms.katalon.core.logging.XmlKeywordLogger</class>
  <method>logMessage</method>
  <thread>1</thread>
  <message>hostName = kaizen - LAPTOP-K43U1BVQ</message>
  <nestedLevel>0</nestedLevel>
  <property name="hostName">kaizen - LAPTOP-K43U1BVQ</property>
</record>
<record>
  <date>2020-03-04T16:32:17</date>
  <millis>1583353937981</millis>
  <sequence>2</sequence>
  <level>RUN_DATA</level>
  <class>com.kms.katalon.core.logging.XmlKeywordLogger</class>
  <method>logMessage</method>
  <thread>1</thread>
  <message>os = Windows 10 64bit</message>
  <nestedLevel>0</nestedLevel>
  <property name="os">Windows 10 64bit</property>
</record>
<record>
  <date>2020-03-04T16:32:17</date>
  <millis>1583353937982</millis>
  <sequence>3</sequence>
  <level>RUN_DATA</level>
  <class>com.kms.katalon.core.logging.XmlKeywordLogger</class>
  <method>logMessage</method>
  <thread>1</thread>
  <message>hostAddress = 192.168.99.1</message>
  <nestedLevel>0</nestedLevel>
  <property name="hostAddress">192.168.99.1</property>
</record>
<record>
  <date>2020-03-04T16:32:17</date>
  <millis>1583353937983</millis>
  <sequence>4</sequence>
  <level>RUN_DATA</level>
  <class>com.kms.katalon.core.logging.XmlKeywordLogger</class>
  <method>logMessage</method>
  <thread>1</thread>
  <message>katalonVersion = 7.2.1.1</message>
  <nestedLevel>0</nestedLevel>
  <property name="katalonVersion">7.2.1.1</property>
</record>
<record>
  <date>2020-03-04T16:32:18</date>
  <millis>1583353938607</millis>
  <sequence>5</sequence>
  <level>START</level>
  <class>com.kms.katalon.core.logging.XmlKeywordLogger</class>
  <method>startTest</method>
  <thread>1</thread>
  <message>Start Test Case : Test Cases/Generar_Excels_Secuencias/TC_Generar_Excel_ProductoAlmacen</message>
  <nestedLevel>1</nestedLevel>
  <property name="name">Test Cases/Generar_Excels_Secuencias/TC_Generar_Excel_ProductoAlmacen</property>
  <property name="description"></property>
  <property name="id">Test Cases/Generar_Excels_Secuencias/TC_Generar_Excel_ProductoAlmacen</property>
  <property name="source">C:\\Users\\kaizen\\git\\AutomatizacionKatalon\\Test Cases\\Generar_Excels_Secuencias\\TC_Generar_Excel_ProductoAlmacen.tc</property>
  <property name="tag"></property>
  <property name="isOptional">false</property>
</record>
<record>
  <date>2020-03-04T16:32:19</date>
  <millis>1583353939413</millis>
  <sequence>7</sequence>
  <level>START</level>
  <class>com.kms.katalon.core.logging.XmlKeywordLogger</class>
  <method>startKeyword</method>
  <thread>1</thread>
  <message>Start action : python.ejecutarAleatoriosPython.runPython(\&amp;quot;ProductoAlmacen\&amp;quot;)</message>
  <nestedLevel>1</nestedLevel>
  <property name="startLine">18</property>
  <property name="stepIndex">1</property>
</record>
<record>
  <date>2020-03-04T16:32:28</date>
  <millis>1583353948625</millis>
  <sequence>8</sequence>
  <level>PASSED</level>
  <class>com.kms.katalon.core.logging.XmlKeywordLogger</class>
  <method>logMessage</method>
  <thread>1</thread>
  <message>python.ejecutarAleatoriosPython.runPython is PASSED</message>
  <nestedLevel>1</nestedLevel>
</record>
<record>
  <date>2020-03-04T16:32:28</date>
  <millis>1583353948627</millis>
  <sequence>9</sequence>
  <level>END</level>
  <class>com.kms.katalon.core.logging.XmlKeywordLogger</class>
  <method>endKeyword</method>
  <thread>1</thread>
  <message>End action : python.ejecutarAleatoriosPython.runPython(\&amp;quot;ProductoAlmacen\&amp;quot;)</message>
  <nestedLevel>1</nestedLevel>
</record>
<record>
  <date>2020-03-04T16:32:28</date>
  <millis>1583353948628</millis>
  <sequence>10</sequence>
  <level>PASSED</level>
  <class>com.kms.katalon.core.logging.XmlKeywordLogger</class>
  <method>logMessage</method>
  <thread>1</thread>
  <message>Test Cases/Generar_Excels_Secuencias/TC_Generar_Excel_ProductoAlmacen</message>
  <nestedLevel>1</nestedLevel>
</record>
<record>
  <date>2020-03-04T16:32:28</date>
  <millis>1583353948628</millis>
  <sequence>11</sequence>
  <level>END</level>
  <class>com.kms.katalon.core.logging.XmlKeywordLogger</class>
  <method>endTest</method>
  <thread>1</thread>
  <message>End Test Case : Test Cases/Generar_Excels_Secuencias/TC_Generar_Excel_ProductoAlmacen</message>
  <nestedLevel>0</nestedLevel>
</record>
<record>
  <date>2020-03-04T16:32:28</date>
  <millis>1583353948642</millis>
  <sequence>12</sequence>
  <level>START</level>
  <class>com.kms.katalon.core.logging.XmlKeywordLogger</class>
  <method>startTest</method>
  <thread>1</thread>
  <message>Start Test Case : Test Cases/Generar_Excels_Secuencias/TC_Generar_Excel_Mov_Inventario</message>
  <nestedLevel>1</nestedLevel>
  <property name="name">Test Cases/Generar_Excels_Secuencias/TC_Generar_Excel_Mov_Inventario</property>
  <property name="description"></property>
  <property name="id">Test Cases/Generar_Excels_Secuencias/TC_Generar_Excel_Mov_Inventario</property>
  <property name="source">C:\\Users\\kaizen\\git\\AutomatizacionKatalon\\Test Cases\\Generar_Excels_Secuencias\\TC_Generar_Excel_Mov_Inventario.tc</property>
  <property name="tag"></property>
  <property name="isOptional">false</property>
</record>
<record>
  <date>2020-03-04T16:32:29</date>
  <millis>1583353949672</millis>
  <sequence>14</sequence>
  <level>START</level>
  <class>com.kms.katalon.core.logging.XmlKeywordLogger</class>
  <method>startKeyword</method>
  <thread>1</thread>
  <message>Start action : python.ejecutarAleatoriosPython.runPython(\&amp;quot;MovimientoInventario\&amp;quot;)</message>
  <nestedLevel>1</nestedLevel>
  <property name="startLine">18</property>
  <property name="stepIndex">1</property>
</record>
<record>
  <date>2020-03-04T16:32:32</date>
  <millis>1583353952201</millis>
  <sequence>15</sequence>
  <level>PASSED</level>
  <class>com.kms.katalon.core.logging.XmlKeywordLogger</class>
  <method>logMessage</method>
  <thread>1</thread>
  <message>python.ejecutarAleatoriosPython.runPython is PASSED</message>
  <nestedLevel>1</nestedLevel>
</record>
<record>
  <date>2020-03-04T16:32:32</date>
  <millis>1583353952202</millis>
  <sequence>16</sequence>
  <level>END</level>
  <class>com.kms.katalon.core.logging.XmlKeywordLogger</class>
  <method>endKeyword</method>
  <thread>1</thread>
  <message>End action : python.ejecutarAleatoriosPython.runPython(\&amp;quot;MovimientoInventario\&amp;quot;)</message>
  <nestedLevel>1</nestedLevel>
</record>
<record>
  <date>2020-03-04T16:32:32</date>
  <millis>1583353952203</millis>
  <sequence>17</sequence>
  <level>PASSED</level>
  <class>com.kms.katalon.core.logging.XmlKeywordLogger</class>
  <method>logMessage</method>
  <thread>1</thread>
  <message>Test Cases/Generar_Excels_Secuencias/TC_Generar_Excel_Mov_Inventario</message>
  <nestedLevel>1</nestedLevel>
</record>
<record>
  <date>2020-03-04T16:32:32</date>
  <millis>1583353952205</millis>
  <sequence>18</sequence>
  <level>END</level>
  <class>com.kms.katalon.core.logging.XmlKeywordLogger</class>
  <method>endTest</method>
  <thread>1</thread>
  <message>End Test Case : Test Cases/Generar_Excels_Secuencias/TC_Generar_Excel_Mov_Inventario</message>
  <nestedLevel>0</nestedLevel>
</record>
<record>
  <date>2020-03-04T16:32:32</date>
  <millis>1583353952214</millis>
  <sequence>19</sequence>
  <level>START</level>
  <class>com.kms.katalon.core.logging.XmlKeywordLogger</class>
  <method>startTest</method>
  <thread>1</thread>
  <message>Start Test Case : Test Cases/Generar_Excels_Secuencias/TC_Generar_Excel_Reporte_Mov_Inventario</message>
  <nestedLevel>1</nestedLevel>
  <property name="name">Test Cases/Generar_Excels_Secuencias/TC_Generar_Excel_Reporte_Mov_Inventario</property>
  <property name="description"></property>
  <property name="id">Test Cases/Generar_Excels_Secuencias/TC_Generar_Excel_Reporte_Mov_Inventario</property>
  <property name="source">C:\\Users\\kaizen\\git\\AutomatizacionKatalon\\Test Cases\\Generar_Excels_Secuencias\\TC_Generar_Excel_Reporte_Mov_Inventario.tc</property>
  <property name="tag"></property>
  <property name="isOptional">false</property>
</record>
<record>
  <date>2020-03-04T16:32:32</date>
  <millis>1583353952544</millis>
  <sequence>21</sequence>
  <level>START</level>
  <class>com.kms.katalon.core.logging.XmlKeywordLogger</class>
  <method>startKeyword</method>
  <thread>1</thread>
  <message>Start action : python.ejecutarAleatoriosPython.runPython(\&amp;quot;Reporte\&amp;quot;)</message>
  <nestedLevel>1</nestedLevel>
  <property name="startLine">18</property>
  <property name="stepIndex">1</property>
</record>
<record>
  <date>2020-03-04T16:33:29</date>
  <millis>1583354009492</millis>
  <sequence>22</sequence>
  <level>PASSED</level>
  <class>com.kms.katalon.core.logging.XmlKeywordLogger</class>
  <method>logMessage</method>
  <thread>1</thread>
  <message>python.ejecutarAleatoriosPython.runPython is PASSED</message>
  <nestedLevel>1</nestedLevel>
</record>
<record>
  <date>2020-03-04T16:33:29</date>
  <millis>1583354009492</millis>
  <sequence>23</sequence>
  <level>END</level>
  <class>com.kms.katalon.core.logging.XmlKeywordLogger</class>
  <method>endKeyword</method>
  <thread>1</thread>
  <message>End action : python.ejecutarAleatoriosPython.runPython(\&amp;quot;Reporte\&amp;quot;)</message>
  <nestedLevel>1</nestedLevel>
</record>
<record>
  <date>2020-03-04T16:33:29</date>
  <millis>1583354009493</millis>
  <sequence>24</sequence>
  <level>PASSED</level>
  <class>com.kms.katalon.core.logging.XmlKeywordLogger</class>
  <method>logMessage</method>
  <thread>1</thread>
  <message>Test Cases/Generar_Excels_Secuencias/TC_Generar_Excel_Reporte_Mov_Inventario</message>
  <nestedLevel>1</nestedLevel>
</record>
<record>
  <date>2020-03-04T16:33:29</date>
  <millis>1583354009494</millis>
  <sequence>25</sequence>
  <level>END</level>
  <class>com.kms.katalon.core.logging.XmlKeywordLogger</class>
  <method>endTest</method>
  <thread>1</thread>
  <message>End Test Case : Test Cases/Generar_Excels_Secuencias/TC_Generar_Excel_Reporte_Mov_Inventario</message>
  <nestedLevel>0</nestedLevel>
</record>
<record>
  <date>2020-03-04T16:33:29</date>
  <millis>1583354009622</millis>
  <sequence>26</sequence>
  <level>END</level>
  <class>com.kms.katalon.core.logging.XmlKeywordLogger</class>
  <method>endSuite</method>
  <thread>1</thread>
  <message>End Test Suite : Test Suites/Funcionalidades_Pedidos/Flujo Completo Mov Inventario</message>
  <nestedLevel>0</nestedLevel>
</record>
</log>
