<?xml version="1.0" encoding="UTF-8" standalone="no"?>
<!DOCTYPE log SYSTEM "logger.dtd">
<log>
<record>
  <date>2020-03-10T10:35:25</date>
  <millis>1583850925439</millis>
  <sequence>0</sequence>
  <level>START</level>
  <class>com.kms.katalon.core.logging.XmlKeywordLogger</class>
  <method>startSuite</method>
  <thread>1</thread>
  <message>Start Test Suite : Test Suites/Funcionalidades_Pedidos/Borrado Total Archivos</message>
  <nestedLevel>0</nestedLevel>
  <property name="name">Borrado Total Archivos</property>
  <property name="description"></property>
  <property name="id">Test Suites/Funcionalidades_Pedidos/Borrado Total Archivos</property>
</record>
<record>
  <date>2020-03-10T10:35:25</date>
  <millis>1583850925455</millis>
  <sequence>1</sequence>
  <level>RUN_DATA</level>
  <class>com.kms.katalon.core.logging.XmlKeywordLogger</class>
  <method>logMessage</method>
  <thread>1</thread>
  <message>hostName = kaizen - LAPTOP-K43U1BVQ</message>
  <nestedLevel>0</nestedLevel>
  <property name="hostName">kaizen - LAPTOP-K43U1BVQ</property>
</record>
<record>
  <date>2020-03-10T10:35:25</date>
  <millis>1583850925456</millis>
  <sequence>2</sequence>
  <level>RUN_DATA</level>
  <class>com.kms.katalon.core.logging.XmlKeywordLogger</class>
  <method>logMessage</method>
  <thread>1</thread>
  <message>os = Windows 10 64bit</message>
  <nestedLevel>0</nestedLevel>
  <property name="os">Windows 10 64bit</property>
</record>
<record>
  <date>2020-03-10T10:35:25</date>
  <millis>1583850925458</millis>
  <sequence>3</sequence>
  <level>RUN_DATA</level>
  <class>com.kms.katalon.core.logging.XmlKeywordLogger</class>
  <method>logMessage</method>
  <thread>1</thread>
  <message>hostAddress = 192.168.99.1</message>
  <nestedLevel>0</nestedLevel>
  <property name="hostAddress">192.168.99.1</property>
</record>
<record>
  <date>2020-03-10T10:35:25</date>
  <millis>1583850925459</millis>
  <sequence>4</sequence>
  <level>RUN_DATA</level>
  <class>com.kms.katalon.core.logging.XmlKeywordLogger</class>
  <method>logMessage</method>
  <thread>1</thread>
  <message>katalonVersion = 7.2.1.1</message>
  <nestedLevel>0</nestedLevel>
  <property name="katalonVersion">7.2.1.1</property>
</record>
<record>
  <date>2020-03-10T10:35:25</date>
  <millis>1583850925823</millis>
  <sequence>5</sequence>
  <level>START</level>
  <class>com.kms.katalon.core.logging.XmlKeywordLogger</class>
  <method>startTest</method>
  <thread>1</thread>
  <message>Start Test Case : Test Cases/Secuencias de Ejecucion/TC_Remover_archivos</message>
  <nestedLevel>1</nestedLevel>
  <property name="name">Test Cases/Secuencias de Ejecucion/TC_Remover_archivos</property>
  <property name="description"></property>
  <property name="id">Test Cases/Secuencias de Ejecucion/TC_Remover_archivos</property>
  <property name="source">C:\\Users\\kaizen\\git\\AutomatizacionKatalon\\Test Cases\\Secuencias de Ejecucion\\TC_Remover_archivos.tc</property>
  <property name="tag"></property>
  <property name="isOptional">false</property>
</record>
<record>
  <date>2020-03-10T10:35:25</date>
  <millis>1583850925967</millis>
  <sequence>7</sequence>
  <level>INFO</level>
  <class>com.kms.katalon.core.logging.XmlKeywordLogger</class>
  <method>logMessage</method>
  <thread>1</thread>
  <message>(Default) variable = </message>
  <nestedLevel>1</nestedLevel>
</record>
<record>
  <date>2020-03-10T10:35:26</date>
  <millis>1583850926259</millis>
  <sequence>8</sequence>
  <level>START</level>
  <class>com.kms.katalon.core.logging.XmlKeywordLogger</class>
  <method>startKeyword</method>
  <thread>1</thread>
  <message>Start action : python.ejecutarAleatoriosPython.runPython(\&amp;quot;BorradoTotal\&amp;quot;)</message>
  <nestedLevel>1</nestedLevel>
  <property name="startLine">18</property>
  <property name="stepIndex">1</property>
</record>
<record>
  <date>2020-03-10T10:35:26</date>
  <millis>1583850926681</millis>
  <sequence>9</sequence>
  <level>PASSED</level>
  <class>com.kms.katalon.core.logging.XmlKeywordLogger</class>
  <method>logMessage</method>
  <thread>1</thread>
  <message>python.ejecutarAleatoriosPython.runPython is PASSED</message>
  <nestedLevel>1</nestedLevel>
</record>
<record>
  <date>2020-03-10T10:35:26</date>
  <millis>1583850926682</millis>
  <sequence>10</sequence>
  <level>END</level>
  <class>com.kms.katalon.core.logging.XmlKeywordLogger</class>
  <method>endKeyword</method>
  <thread>1</thread>
  <message>End action : python.ejecutarAleatoriosPython.runPython(\&amp;quot;BorradoTotal\&amp;quot;)</message>
  <nestedLevel>1</nestedLevel>
</record>
<record>
  <date>2020-03-10T10:35:26</date>
  <millis>1583850926683</millis>
  <sequence>11</sequence>
  <level>PASSED</level>
  <class>com.kms.katalon.core.logging.XmlKeywordLogger</class>
  <method>logMessage</method>
  <thread>1</thread>
  <message>Test Cases/Secuencias de Ejecucion/TC_Remover_archivos</message>
  <nestedLevel>1</nestedLevel>
</record>
<record>
  <date>2020-03-10T10:35:26</date>
  <millis>1583850926683</millis>
  <sequence>12</sequence>
  <level>END</level>
  <class>com.kms.katalon.core.logging.XmlKeywordLogger</class>
  <method>endTest</method>
  <thread>1</thread>
  <message>End Test Case : Test Cases/Secuencias de Ejecucion/TC_Remover_archivos</message>
  <nestedLevel>0</nestedLevel>
</record>
<record>
  <date>2020-03-10T10:35:26</date>
  <millis>1583850926806</millis>
  <sequence>13</sequence>
  <level>START</level>
  <class>com.kms.katalon.core.logging.XmlKeywordLogger</class>
  <method>startKeyword</method>
  <thread>1</thread>
  <message>Start listener action : exportKatalonReports</message>
  <nestedLevel>0</nestedLevel>
</record>
<record>
  <date>2020-03-10T10:35:26</date>
  <millis>1583850926981</millis>
  <sequence>41</sequence>
  <level>INFO</level>
  <class>com.kms.katalon.core.logging.XmlKeywordLogger</class>
  <method>logMessage</method>
  <thread>1</thread>
  <message>Start generating HTML report folder at: C:\\Users\\kaizen\\git\\AutomatizacionKatalon\\Reports\\20200310_103522\\Funcionalidades_Pedidos\\Borrado Total Archivos\\20200310_103522...</message>
  <nestedLevel>0</nestedLevel>
</record>
<record>
  <date>2020-03-10T10:35:26</date>
  <millis>1583850926997</millis>
  <sequence>42</sequence>
  <level>INFO</level>
  <class>com.kms.katalon.core.logging.XmlKeywordLogger</class>
  <method>logMessage</method>
  <thread>1</thread>
  <message>HTML report generated</message>
  <nestedLevel>0</nestedLevel>
</record>
<record>
  <date>2020-03-10T10:35:26</date>
  <millis>1583850926997</millis>
  <sequence>43</sequence>
  <level>INFO</level>
  <class>com.kms.katalon.core.logging.XmlKeywordLogger</class>
  <method>logMessage</method>
  <thread>1</thread>
  <message>Start generating CSV report folder at: C:\\Users\\kaizen\\git\\AutomatizacionKatalon\\Reports\\20200310_103522\\Funcionalidades_Pedidos\\Borrado Total Archivos\\20200310_103522...</message>
  <nestedLevel>0</nestedLevel>
</record>
<record>
  <date>2020-03-10T10:35:27</date>
  <millis>1583850927060</millis>
  <sequence>44</sequence>
  <level>INFO</level>
  <class>com.kms.katalon.core.logging.XmlKeywordLogger</class>
  <method>logMessage</method>
  <thread>1</thread>
  <message>CSV report generated</message>
  <nestedLevel>0</nestedLevel>
</record>
<record>
  <date>2020-03-10T10:35:27</date>
  <millis>1583850927061</millis>
  <sequence>45</sequence>
  <level>INFO</level>
  <class>com.kms.katalon.core.logging.XmlKeywordLogger</class>
  <method>logMessage</method>
  <thread>1</thread>
  <message>Start generating PDF report folder at: C:\\Users\\kaizen\\git\\AutomatizacionKatalon\\Reports\\20200310_103522\\Funcionalidades_Pedidos\\Borrado Total Archivos\\20200310_103522...</message>
  <nestedLevel>0</nestedLevel>
</record>
<record>
  <date>2020-03-10T10:35:36</date>
  <millis>1583850936605</millis>
  <sequence>46</sequence>
  <level>INFO</level>
  <class>com.kms.katalon.core.logging.XmlKeywordLogger</class>
  <method>logMessage</method>
  <thread>1</thread>
  <message>PDF report generated</message>
  <nestedLevel>0</nestedLevel>
</record>
<record>
  <date>2020-03-10T10:35:36</date>
  <millis>1583850936605</millis>
  <sequence>48</sequence>
  <level>END</level>
  <class>com.kms.katalon.core.logging.XmlKeywordLogger</class>
  <method>endKeyword</method>
  <thread>1</thread>
  <message>End listener action : exportKatalonReports</message>
  <nestedLevel>0</nestedLevel>
</record>
<record>
  <date>2020-03-10T10:35:36</date>
  <millis>1583850936669</millis>
  <sequence>49</sequence>
  <level>END</level>
  <class>com.kms.katalon.core.logging.XmlKeywordLogger</class>
  <method>endSuite</method>
  <thread>1</thread>
  <message>End Test Suite : Test Suites/Funcionalidades_Pedidos/Borrado Total Archivos</message>
  <nestedLevel>0</nestedLevel>
</record>
</log>