<?xml version="1.0" encoding="UTF-8" standalone="no"?>
<!DOCTYPE log SYSTEM "logger.dtd">
<log>
<record>
  <date>2020-03-03T10:48:40</date>
  <millis>1583246920164</millis>
  <sequence>0</sequence>
  <level>START</level>
  <class>com.kms.katalon.core.logging.XmlKeywordLogger</class>
  <method>startSuite</method>
  <thread>1</thread>
  <message>Start Test Suite : Test Suites/Funcionalidades_Pedidos/Flujo Completo Mov Inventario</message>
  <nestedLevel>0</nestedLevel>
  <property name="name">Flujo Completo Mov Inventario</property>
  <property name="description"></property>
  <property name="id">Test Suites/Funcionalidades_Pedidos/Flujo Completo Mov Inventario</property>
</record>
<record>
  <date>2020-03-03T10:48:40</date>
  <millis>1583246920198</millis>
  <sequence>1</sequence>
  <level>RUN_DATA</level>
  <class>com.kms.katalon.core.logging.XmlKeywordLogger</class>
  <method>logMessage</method>
  <thread>1</thread>
  <message>hostName = kaizen - LAPTOP-K43U1BVQ</message>
  <nestedLevel>0</nestedLevel>
  <property name="hostName">kaizen - LAPTOP-K43U1BVQ</property>
</record>
<record>
  <date>2020-03-03T10:48:40</date>
  <millis>1583246920199</millis>
  <sequence>2</sequence>
  <level>RUN_DATA</level>
  <class>com.kms.katalon.core.logging.XmlKeywordLogger</class>
  <method>logMessage</method>
  <thread>1</thread>
  <message>os = Windows 10 64bit</message>
  <nestedLevel>0</nestedLevel>
  <property name="os">Windows 10 64bit</property>
</record>
<record>
  <date>2020-03-03T10:48:40</date>
  <millis>1583246920201</millis>
  <sequence>3</sequence>
  <level>RUN_DATA</level>
  <class>com.kms.katalon.core.logging.XmlKeywordLogger</class>
  <method>logMessage</method>
  <thread>1</thread>
  <message>hostAddress = 192.168.99.1</message>
  <nestedLevel>0</nestedLevel>
  <property name="hostAddress">192.168.99.1</property>
</record>
<record>
  <date>2020-03-03T10:48:40</date>
  <millis>1583246920202</millis>
  <sequence>4</sequence>
  <level>RUN_DATA</level>
  <class>com.kms.katalon.core.logging.XmlKeywordLogger</class>
  <method>logMessage</method>
  <thread>1</thread>
  <message>katalonVersion = 7.2.1.1</message>
  <nestedLevel>0</nestedLevel>
  <property name="katalonVersion">7.2.1.1</property>
</record>
<record>
  <date>2020-03-03T10:48:40</date>
  <millis>1583246920770</millis>
  <sequence>5</sequence>
  <level>START</level>
  <class>com.kms.katalon.core.logging.XmlKeywordLogger</class>
  <method>startTest</method>
  <thread>1</thread>
  <message>Start Test Case : Test Cases/Secuencias de Ejecucion/TC_Agregar_Movimiento_Inventario</message>
  <nestedLevel>1</nestedLevel>
  <property name="name">Test Cases/Secuencias de Ejecucion/TC_Agregar_Movimiento_Inventario</property>
  <property name="description"></property>
  <property name="id">Test Cases/Secuencias de Ejecucion/TC_Agregar_Movimiento_Inventario</property>
  <property name="source">C:\\Users\\kaizen\\git\\AutomatizacionKatalon\\Test Cases\\Secuencias de Ejecucion\\TC_Agregar_Movimiento_Inventario.tc</property>
  <property name="tag"></property>
  <property name="isOptional">false</property>
</record>
<record>
  <date>2020-03-03T10:48:41</date>
  <millis>1583246921315</millis>
  <sequence>7</sequence>
  <level>START</level>
  <class>com.kms.katalon.core.logging.XmlKeywordLogger</class>
  <method>startKeyword</method>
  <thread>1</thread>
  <message>Start action : archivo = $RunConfiguration.getProjectDir()/Pedidos/DataExcel/MovimientoDeInventario.xlsx</message>
  <nestedLevel>1</nestedLevel>
  <property name="startLine">20</property>
  <property name="stepIndex">1</property>
</record>
<record>
  <date>2020-03-03T10:48:41</date>
  <millis>1583246921353</millis>
  <sequence>8</sequence>
  <level>END</level>
  <class>com.kms.katalon.core.logging.XmlKeywordLogger</class>
  <method>endKeyword</method>
  <thread>1</thread>
  <message>End action : archivo = $RunConfiguration.getProjectDir()/Pedidos/DataExcel/MovimientoDeInventario.xlsx</message>
  <nestedLevel>1</nestedLevel>
</record>
<record>
  <date>2020-03-03T10:48:41</date>
  <millis>1583246921355</millis>
  <sequence>9</sequence>
  <level>START</level>
  <class>com.kms.katalon.core.logging.XmlKeywordLogger</class>
  <method>startKeyword</method>
  <thread>1</thread>
  <message>Start action : excelData = getExcelDataWithDefaultSheet(archivo, \&amp;quot;Sheet1\&amp;quot;, true)</message>
  <nestedLevel>1</nestedLevel>
  <property name="startLine">22</property>
  <property name="stepIndex">2</property>
</record>
<record>
  <date>2020-03-03T10:48:42</date>
  <millis>1583246922581</millis>
  <sequence>10</sequence>
  <level>END</level>
  <class>com.kms.katalon.core.logging.XmlKeywordLogger</class>
  <method>endKeyword</method>
  <thread>1</thread>
  <message>End action : excelData = getExcelDataWithDefaultSheet(archivo, \&amp;quot;Sheet1\&amp;quot;, true)</message>
  <nestedLevel>1</nestedLevel>
</record>
<record>
  <date>2020-03-03T10:48:42</date>
  <millis>1583246922581</millis>
  <sequence>11</sequence>
  <level>START</level>
  <class>com.kms.katalon.core.logging.XmlKeywordLogger</class>
  <method>startKeyword</method>
  <thread>1</thread>
  <message>Start action : for ([Index = 1, Index &amp;lt;= excelData.getRowNumbers(), (Index++)])</message>
  <nestedLevel>1</nestedLevel>
  <property name="startLine">24</property>
  <property name="stepIndex">3</property>
</record>
<record>
  <date>2020-03-03T10:48:42</date>
  <millis>1583246922633</millis>
  <sequence>12</sequence>
  <level>START</level>
  <class>com.kms.katalon.core.logging.XmlKeywordLogger</class>
  <method>startKeyword</method>
  <thread>1</thread>
  <message>Start action : callTestCase(findTestCase(\&amp;quot;Individual_Tests/Login\&amp;quot;), [\&amp;quot;Evento\&amp;quot;:\&amp;quot;MovimientoDeInventario\&amp;quot;, \&amp;quot;Index\&amp;quot;:Index, \&amp;quot;Usuario\&amp;quot;:\&amp;quot;\&amp;quot;, \&amp;quot;Contrasena\&amp;quot;:\&amp;quot;\&amp;quot;], STOP_ON_FAILURE)</message>
  <nestedLevel>2</nestedLevel>
  <property name="startLine">26</property>
  <property name="stepIndex">1</property>
</record>
<record>
  <date>2020-03-03T10:48:43</date>
  <millis>1583246923017</millis>
  <sequence>15</sequence>
  <level>START</level>
  <class>com.kms.katalon.core.logging.XmlKeywordLogger</class>
  <method>startTest</method>
  <thread>1</thread>
  <message>Start Test Case : Test Cases/Individual_Tests/Login</message>
  <nestedLevel>2</nestedLevel>
  <property name="name">Test Cases/Individual_Tests/Login</property>
  <property name="description"></property>
  <property name="id">Test Cases/Individual_Tests/Login</property>
  <property name="source">C:\\Users\\kaizen\\git\\AutomatizacionKatalon\\Test Cases\\Individual_Tests\\Login.tc</property>
  <property name="tag"></property>
  <property name="isOptional">false</property>
</record>
<record>
  <date>2020-03-03T10:48:43</date>
  <millis>1583246923140</millis>
  <sequence>17</sequence>
  <level>INFO</level>
  <class>com.kms.katalon.core.logging.XmlKeywordLogger</class>
  <method>logMessage</method>
  <thread>1</thread>
  <message>Index = 1</message>
  <nestedLevel>2</nestedLevel>
</record>
<record>
  <date>2020-03-03T10:48:43</date>
  <millis>1583246923141</millis>
  <sequence>18</sequence>
  <level>INFO</level>
  <class>com.kms.katalon.core.logging.XmlKeywordLogger</class>
  <method>logMessage</method>
  <thread>1</thread>
  <message>Evento = MovimientoDeInventario</message>
  <nestedLevel>2</nestedLevel>
</record>
<record>
  <date>2020-03-03T10:48:43</date>
  <millis>1583246923742</millis>
  <sequence>19</sequence>
  <level>START</level>
  <class>com.kms.katalon.core.logging.XmlKeywordLogger</class>
  <method>startKeyword</method>
  <thread>1</thread>
  <message>Start action : print(\&amp;quot;Evento Seleccionado: \&amp;quot; + Evento + \&amp;quot;\n\&amp;quot;)</message>
  <nestedLevel>1</nestedLevel>
  <property name="startLine">19</property>
  <property name="stepIndex">1</property>
</record>
<record>
  <date>2020-03-03T10:48:43</date>
  <millis>1583246923762</millis>
  <sequence>20</sequence>
  <level>END</level>
  <class>com.kms.katalon.core.logging.XmlKeywordLogger</class>
  <method>endKeyword</method>
  <thread>1</thread>
  <message>End action : print(\&amp;quot;Evento Seleccionado: \&amp;quot; + Evento + \&amp;quot;\n\&amp;quot;)</message>
  <nestedLevel>1</nestedLevel>
</record>
<record>
  <date>2020-03-03T10:48:43</date>
  <millis>1583246923763</millis>
  <sequence>21</sequence>
  <level>START</level>
  <class>com.kms.katalon.core.logging.XmlKeywordLogger</class>
  <method>startKeyword</method>
  <thread>1</thread>
  <message>Start action : openBrowser(Web)</message>
  <nestedLevel>1</nestedLevel>
  <property name="startLine">21</property>
  <property name="stepIndex">2</property>
</record>
<record>
  <date>2020-03-03T10:48:44</date>
  <millis>1583246924702</millis>
  <sequence>23</sequence>
  <level>INFO</level>
  <class>com.kms.katalon.core.logging.XmlKeywordLogger</class>
  <method>logMessage</method>
  <thread>1</thread>
  <message>Starting &amp;apos;Chrome&amp;apos; driver</message>
  <nestedLevel>2</nestedLevel>
</record>
<record>
  <date>2020-03-03T10:48:44</date>
  <millis>1583246924819</millis>
  <sequence>25</sequence>
  <level>INFO</level>
  <class>com.kms.katalon.core.logging.XmlKeywordLogger</class>
  <method>logMessage</method>
  <thread>1</thread>
  <message>Action delay is set to 0 seconds</message>
  <nestedLevel>2</nestedLevel>
</record>
<record>
  <date>2020-03-03T10:48:49</date>
  <millis>1583246929348</millis>
  <sequence>27</sequence>
  <level>RUN_DATA</level>
  <class>com.kms.katalon.core.logging.XmlKeywordLogger</class>
  <method>logMessage</method>
  <thread>1</thread>
  <message>sessionId = 66d617c89fee8db9d1669fefdcf512be</message>
  <nestedLevel>2</nestedLevel>
  <property name="sessionId">66d617c89fee8db9d1669fefdcf512be</property>
</record>
<record>
  <date>2020-03-03T10:48:49</date>
  <millis>1583246929580</millis>
  <sequence>28</sequence>
  <level>RUN_DATA</level>
  <class>com.kms.katalon.core.logging.XmlKeywordLogger</class>
  <method>logMessage</method>
  <thread>1</thread>
  <message>browser = Chrome 80.0.3987.122</message>
  <nestedLevel>2</nestedLevel>
  <property name="browser">Chrome 80.0.3987.122</property>
</record>
<record>
  <date>2020-03-03T10:48:49</date>
  <millis>1583246929581</millis>
  <sequence>29</sequence>
  <level>RUN_DATA</level>
  <class>com.kms.katalon.core.logging.XmlKeywordLogger</class>
  <method>logMessage</method>
  <thread>1</thread>
  <message>platform = Windows 10</message>
  <nestedLevel>2</nestedLevel>
  <property name="platform">Windows 10</property>
</record>
<record>
  <date>2020-03-03T10:48:49</date>
  <millis>1583246929581</millis>
  <sequence>30</sequence>
  <level>RUN_DATA</level>
  <class>com.kms.katalon.core.logging.XmlKeywordLogger</class>
  <method>logMessage</method>
  <thread>1</thread>
  <message>seleniumVersion = 3.141.59</message>
  <nestedLevel>2</nestedLevel>
  <property name="seleniumVersion">3.141.59</property>
</record>
<record>
  <date>2020-03-03T10:48:49</date>
  <millis>1583246929583</millis>
  <sequence>31</sequence>
  <level>RUN_DATA</level>
  <class>com.kms.katalon.core.logging.XmlKeywordLogger</class>
  <method>logMessage</method>
  <thread>1</thread>
  <message>proxyInformation = ProxyInformation{proxyOption=NO_PROXY, proxyServerType=HTTP, password=, proxyServerAddress=, proxyServerPort=0, executionList=}</message>
  <nestedLevel>2</nestedLevel>
  <property name="proxyInformation">ProxyInformation{proxyOption=NO_PROXY, proxyServerType=HTTP, password=, proxyServerAddress=, proxyServerPort=0, executionList=}</property>
</record>
<record>
  <date>2020-03-03T10:49:12</date>
  <millis>1583246952781</millis>
  <sequence>33</sequence>
  <level>PASSED</level>
  <class>com.kms.katalon.core.logging.XmlKeywordLogger</class>
  <method>logMessage</method>
  <thread>1</thread>
  <message>Browser is opened with url: &amp;apos;http://test.kaizendev.net/Login/Accesar?salir=true&amp;apos;</message>
  <nestedLevel>2</nestedLevel>
</record>
<record>
  <date>2020-03-03T10:49:12</date>
  <millis>1583246952783</millis>
  <sequence>34</sequence>
  <level>END</level>
  <class>com.kms.katalon.core.logging.XmlKeywordLogger</class>
  <method>endKeyword</method>
  <thread>1</thread>
  <message>End action : openBrowser(Web)</message>
  <nestedLevel>1</nestedLevel>
</record>
<record>
  <date>2020-03-03T10:49:12</date>
  <millis>1583246952784</millis>
  <sequence>35</sequence>
  <level>START</level>
  <class>com.kms.katalon.core.logging.XmlKeywordLogger</class>
  <method>startKeyword</method>
  <thread>1</thread>
  <message>Start action : maximizeWindow()</message>
  <nestedLevel>1</nestedLevel>
  <property name="startLine">23</property>
  <property name="stepIndex">3</property>
</record>
<record>
  <date>2020-03-03T10:49:13</date>
  <millis>1583246953960</millis>
  <sequence>37</sequence>
  <level>PASSED</level>
  <class>com.kms.katalon.core.logging.XmlKeywordLogger</class>
  <method>logMessage</method>
  <thread>1</thread>
  <message>Current window maximized</message>
  <nestedLevel>2</nestedLevel>
</record>
<record>
  <date>2020-03-03T10:49:13</date>
  <millis>1583246953961</millis>
  <sequence>38</sequence>
  <level>END</level>
  <class>com.kms.katalon.core.logging.XmlKeywordLogger</class>
  <method>endKeyword</method>
  <thread>1</thread>
  <message>End action : maximizeWindow()</message>
  <nestedLevel>1</nestedLevel>
</record>
<record>
  <date>2020-03-03T10:49:13</date>
  <millis>1583246953961</millis>
  <sequence>39</sequence>
  <level>START</level>
  <class>com.kms.katalon.core.logging.XmlKeywordLogger</class>
  <method>startKeyword</method>
  <thread>1</thread>
  <message>Start action : if (Evento == \&amp;quot;Crear20\&amp;quot;)</message>
  <nestedLevel>1</nestedLevel>
  <property name="startLine">25</property>
  <property name="stepIndex">4</property>
</record>
<record>
  <date>2020-03-03T10:49:13</date>
  <millis>1583246953962</millis>
  <sequence>40</sequence>
  <level>END</level>
  <class>com.kms.katalon.core.logging.XmlKeywordLogger</class>
  <method>endKeyword</method>
  <thread>1</thread>
  <message>End action : if (Evento == \&amp;quot;Crear20\&amp;quot;)</message>
  <nestedLevel>1</nestedLevel>
</record>
<record>
  <date>2020-03-03T10:49:13</date>
  <millis>1583246953962</millis>
  <sequence>41</sequence>
  <level>START</level>
  <class>com.kms.katalon.core.logging.XmlKeywordLogger</class>
  <method>startKeyword</method>
  <thread>1</thread>
  <message>Start action : else if (Evento == \&amp;quot;Crear40\&amp;quot;)</message>
  <nestedLevel>1</nestedLevel>
  <property name="startLine">34</property>
  <property name="stepIndex">5</property>
</record>
<record>
  <date>2020-03-03T10:49:13</date>
  <millis>1583246953963</millis>
  <sequence>42</sequence>
  <level>END</level>
  <class>com.kms.katalon.core.logging.XmlKeywordLogger</class>
  <method>endKeyword</method>
  <thread>1</thread>
  <message>End action : else if (Evento == \&amp;quot;Crear40\&amp;quot;)</message>
  <nestedLevel>1</nestedLevel>
</record>
<record>
  <date>2020-03-03T10:49:13</date>
  <millis>1583246953963</millis>
  <sequence>43</sequence>
  <level>START</level>
  <class>com.kms.katalon.core.logging.XmlKeywordLogger</class>
  <method>startKeyword</method>
  <thread>1</thread>
  <message>Start action : else if (Evento == \&amp;quot;Aprobar\&amp;quot;)</message>
  <nestedLevel>1</nestedLevel>
  <property name="startLine">43</property>
  <property name="stepIndex">6</property>
</record>
<record>
  <date>2020-03-03T10:49:13</date>
  <millis>1583246953964</millis>
  <sequence>44</sequence>
  <level>END</level>
  <class>com.kms.katalon.core.logging.XmlKeywordLogger</class>
  <method>endKeyword</method>
  <thread>1</thread>
  <message>End action : else if (Evento == \&amp;quot;Aprobar\&amp;quot;)</message>
  <nestedLevel>1</nestedLevel>
</record>
<record>
  <date>2020-03-03T10:49:13</date>
  <millis>1583246953965</millis>
  <sequence>45</sequence>
  <level>START</level>
  <class>com.kms.katalon.core.logging.XmlKeywordLogger</class>
  <method>startKeyword</method>
  <thread>1</thread>
  <message>Start action : else if (Evento == \&amp;quot;Logistica\&amp;quot;)</message>
  <nestedLevel>1</nestedLevel>
  <property name="startLine">52</property>
  <property name="stepIndex">7</property>
</record>
<record>
  <date>2020-03-03T10:49:13</date>
  <millis>1583246953965</millis>
  <sequence>46</sequence>
  <level>END</level>
  <class>com.kms.katalon.core.logging.XmlKeywordLogger</class>
  <method>endKeyword</method>
  <thread>1</thread>
  <message>End action : else if (Evento == \&amp;quot;Logistica\&amp;quot;)</message>
  <nestedLevel>1</nestedLevel>
</record>
<record>
  <date>2020-03-03T10:49:13</date>
  <millis>1583246953966</millis>
  <sequence>47</sequence>
  <level>START</level>
  <class>com.kms.katalon.core.logging.XmlKeywordLogger</class>
  <method>startKeyword</method>
  <thread>1</thread>
  <message>Start action : else if (Evento == \&amp;quot;Produccion\&amp;quot;)</message>
  <nestedLevel>1</nestedLevel>
  <property name="startLine">61</property>
  <property name="stepIndex">8</property>
</record>
<record>
  <date>2020-03-03T10:49:13</date>
  <millis>1583246953966</millis>
  <sequence>48</sequence>
  <level>END</level>
  <class>com.kms.katalon.core.logging.XmlKeywordLogger</class>
  <method>endKeyword</method>
  <thread>1</thread>
  <message>End action : else if (Evento == \&amp;quot;Produccion\&amp;quot;)</message>
  <nestedLevel>1</nestedLevel>
</record>
<record>
  <date>2020-03-03T10:49:13</date>
  <millis>1583246953966</millis>
  <sequence>49</sequence>
  <level>START</level>
  <class>com.kms.katalon.core.logging.XmlKeywordLogger</class>
  <method>startKeyword</method>
  <thread>1</thread>
  <message>Start action : else if (Evento == \&amp;quot;Inventario\&amp;quot;)</message>
  <nestedLevel>1</nestedLevel>
  <property name="startLine">70</property>
  <property name="stepIndex">9</property>
</record>
<record>
  <date>2020-03-03T10:49:13</date>
  <millis>1583246953967</millis>
  <sequence>50</sequence>
  <level>END</level>
  <class>com.kms.katalon.core.logging.XmlKeywordLogger</class>
  <method>endKeyword</method>
  <thread>1</thread>
  <message>End action : else if (Evento == \&amp;quot;Inventario\&amp;quot;)</message>
  <nestedLevel>1</nestedLevel>
</record>
<record>
  <date>2020-03-03T10:49:13</date>
  <millis>1583246953967</millis>
  <sequence>51</sequence>
  <level>START</level>
  <class>com.kms.katalon.core.logging.XmlKeywordLogger</class>
  <method>startKeyword</method>
  <thread>1</thread>
  <message>Start action : else if (Evento == \&amp;quot;Despacho\&amp;quot;)</message>
  <nestedLevel>1</nestedLevel>
  <property name="startLine">79</property>
  <property name="stepIndex">10</property>
</record>
<record>
  <date>2020-03-03T10:49:13</date>
  <millis>1583246953968</millis>
  <sequence>52</sequence>
  <level>END</level>
  <class>com.kms.katalon.core.logging.XmlKeywordLogger</class>
  <method>endKeyword</method>
  <thread>1</thread>
  <message>End action : else if (Evento == \&amp;quot;Despacho\&amp;quot;)</message>
  <nestedLevel>1</nestedLevel>
</record>
<record>
  <date>2020-03-03T10:49:13</date>
  <millis>1583246953968</millis>
  <sequence>53</sequence>
  <level>START</level>
  <class>com.kms.katalon.core.logging.XmlKeywordLogger</class>
  <method>startKeyword</method>
  <thread>1</thread>
  <message>Start action : else if (Evento == \&amp;quot;ProductoAlmacen\&amp;quot;)</message>
  <nestedLevel>1</nestedLevel>
  <property name="startLine">88</property>
  <property name="stepIndex">11</property>
</record>
<record>
  <date>2020-03-03T10:49:13</date>
  <millis>1583246953970</millis>
  <sequence>54</sequence>
  <level>END</level>
  <class>com.kms.katalon.core.logging.XmlKeywordLogger</class>
  <method>endKeyword</method>
  <thread>1</thread>
  <message>End action : else if (Evento == \&amp;quot;ProductoAlmacen\&amp;quot;)</message>
  <nestedLevel>1</nestedLevel>
</record>
<record>
  <date>2020-03-03T10:49:13</date>
  <millis>1583246953970</millis>
  <sequence>55</sequence>
  <level>START</level>
  <class>com.kms.katalon.core.logging.XmlKeywordLogger</class>
  <method>startKeyword</method>
  <thread>1</thread>
  <message>Start action : else if (Evento == \&amp;quot;MovimientoDeInventario\&amp;quot;)</message>
  <nestedLevel>1</nestedLevel>
  <property name="startLine">97</property>
  <property name="stepIndex">12</property>
</record>
<record>
  <date>2020-03-03T10:49:13</date>
  <millis>1583246953974</millis>
  <sequence>56</sequence>
  <level>START</level>
  <class>com.kms.katalon.core.logging.XmlKeywordLogger</class>
  <method>startKeyword</method>
  <thread>1</thread>
  <message>Start action : data8 = obtener_excels.obtener_mov_inventario.getValuesExcelMovInventario(Index)</message>
  <nestedLevel>2</nestedLevel>
  <property name="startLine">98</property>
  <property name="stepIndex">1</property>
</record>
<record>
  <date>2020-03-03T10:49:14</date>
  <millis>1583246954144</millis>
  <sequence>57</sequence>
  <level>PASSED</level>
  <class>com.kms.katalon.core.logging.XmlKeywordLogger</class>
  <method>logMessage</method>
  <thread>1</thread>
  <message>obtener_excels.obtener_mov_inventario.getValuesExcelMovInventario is PASSED</message>
  <nestedLevel>2</nestedLevel>
</record>
<record>
  <date>2020-03-03T10:49:14</date>
  <millis>1583246954145</millis>
  <sequence>58</sequence>
  <level>END</level>
  <class>com.kms.katalon.core.logging.XmlKeywordLogger</class>
  <method>endKeyword</method>
  <thread>1</thread>
  <message>End action : data8 = obtener_excels.obtener_mov_inventario.getValuesExcelMovInventario(Index)</message>
  <nestedLevel>2</nestedLevel>
</record>
<record>
  <date>2020-03-03T10:49:14</date>
  <millis>1583246954145</millis>
  <sequence>59</sequence>
  <level>START</level>
  <class>com.kms.katalon.core.logging.XmlKeywordLogger</class>
  <method>startKeyword</method>
  <thread>1</thread>
  <message>Start action : Usuario = data8[1]</message>
  <nestedLevel>2</nestedLevel>
  <property name="startLine">99</property>
  <property name="stepIndex">2</property>
</record>
<record>
  <date>2020-03-03T10:49:14</date>
  <millis>1583246954148</millis>
  <sequence>60</sequence>
  <level>END</level>
  <class>com.kms.katalon.core.logging.XmlKeywordLogger</class>
  <method>endKeyword</method>
  <thread>1</thread>
  <message>End action : Usuario = data8[1]</message>
  <nestedLevel>2</nestedLevel>
</record>
<record>
  <date>2020-03-03T10:49:14</date>
  <millis>1583246954149</millis>
  <sequence>61</sequence>
  <level>START</level>
  <class>com.kms.katalon.core.logging.XmlKeywordLogger</class>
  <method>startKeyword</method>
  <thread>1</thread>
  <message>Start action : Contrasena = data8[2]</message>
  <nestedLevel>2</nestedLevel>
  <property name="startLine">100</property>
  <property name="stepIndex">3</property>
</record>
<record>
  <date>2020-03-03T10:49:14</date>
  <millis>1583246954149</millis>
  <sequence>62</sequence>
  <level>END</level>
  <class>com.kms.katalon.core.logging.XmlKeywordLogger</class>
  <method>endKeyword</method>
  <thread>1</thread>
  <message>End action : Contrasena = data8[2]</message>
  <nestedLevel>2</nestedLevel>
</record>
<record>
  <date>2020-03-03T10:49:14</date>
  <millis>1583246954150</millis>
  <sequence>63</sequence>
  <level>START</level>
  <class>com.kms.katalon.core.logging.XmlKeywordLogger</class>
  <method>startKeyword</method>
  <thread>1</thread>
  <message>Start action : setText(findTestObject(\&amp;quot;Page_Iniciar Sesion - KAIZEN/is_input_email\&amp;quot;), Usuario)</message>
  <nestedLevel>2</nestedLevel>
  <property name="startLine">101</property>
  <property name="stepIndex">4</property>
</record>
<record>
  <date>2020-03-03T10:49:14</date>
  <millis>1583246954895</millis>
  <sequence>74</sequence>
  <level>PASSED</level>
  <class>com.kms.katalon.core.logging.XmlKeywordLogger</class>
  <method>logMessage</method>
  <thread>1</thread>
  <message>Text &amp;apos;automated.test@grupokaizen.net&amp;apos; is set on object &amp;apos;Object Repository/Page_Iniciar Sesion - KAIZEN/is_input_email&amp;apos;</message>
  <nestedLevel>2</nestedLevel>
</record>
<record>
  <date>2020-03-03T10:49:14</date>
  <millis>1583246954896</millis>
  <sequence>75</sequence>
  <level>END</level>
  <class>com.kms.katalon.core.logging.XmlKeywordLogger</class>
  <method>endKeyword</method>
  <thread>1</thread>
  <message>End action : setText(findTestObject(\&amp;quot;Page_Iniciar Sesion - KAIZEN/is_input_email\&amp;quot;), Usuario)</message>
  <nestedLevel>2</nestedLevel>
</record>
<record>
  <date>2020-03-03T10:49:14</date>
  <millis>1583246954896</millis>
  <sequence>76</sequence>
  <level>START</level>
  <class>com.kms.katalon.core.logging.XmlKeywordLogger</class>
  <method>startKeyword</method>
  <thread>1</thread>
  <message>Start action : setEncryptedText(findTestObject(\&amp;quot;Page_Iniciar Sesion - KAIZEN/IS_input_contrasena\&amp;quot;), Contrasena)</message>
  <nestedLevel>2</nestedLevel>
  <property name="startLine">102</property>
  <property name="stepIndex">5</property>
</record>
<record>
  <date>2020-03-03T10:49:15</date>
  <millis>1583246955527</millis>
  <sequence>87</sequence>
  <level>PASSED</level>
  <class>com.kms.katalon.core.logging.XmlKeywordLogger</class>
  <method>logMessage</method>
  <thread>1</thread>
  <message>Text ****** has been set on object &amp;apos;Object Repository/Page_Iniciar Sesion - KAIZEN/IS_input_contrasena&amp;apos;</message>
  <nestedLevel>2</nestedLevel>
</record>
<record>
  <date>2020-03-03T10:49:15</date>
  <millis>1583246955527</millis>
  <sequence>88</sequence>
  <level>END</level>
  <class>com.kms.katalon.core.logging.XmlKeywordLogger</class>
  <method>endKeyword</method>
  <thread>1</thread>
  <message>End action : setEncryptedText(findTestObject(\&amp;quot;Page_Iniciar Sesion - KAIZEN/IS_input_contrasena\&amp;quot;), Contrasena)</message>
  <nestedLevel>2</nestedLevel>
</record>
<record>
  <date>2020-03-03T10:49:15</date>
  <millis>1583246955527</millis>
  <sequence>89</sequence>
  <level>START</level>
  <class>com.kms.katalon.core.logging.XmlKeywordLogger</class>
  <method>startKeyword</method>
  <thread>1</thread>
  <message>Start action : click(findTestObject(\&amp;quot;Page_Iniciar Sesion - KAIZEN/is_btn_ingresar_sistema\&amp;quot;))</message>
  <nestedLevel>2</nestedLevel>
  <property name="startLine">103</property>
  <property name="stepIndex">6</property>
</record>
<record>
  <date>2020-03-03T10:49:18</date>
  <millis>1583246958617</millis>
  <sequence>100</sequence>
  <level>PASSED</level>
  <class>com.kms.katalon.core.logging.XmlKeywordLogger</class>
  <method>logMessage</method>
  <thread>1</thread>
  <message>Object: &amp;apos;Object Repository/Page_Iniciar Sesion - KAIZEN/is_btn_ingresar_sistema&amp;apos; is clicked on</message>
  <nestedLevel>2</nestedLevel>
</record>
<record>
  <date>2020-03-03T10:49:18</date>
  <millis>1583246958617</millis>
  <sequence>101</sequence>
  <level>END</level>
  <class>com.kms.katalon.core.logging.XmlKeywordLogger</class>
  <method>endKeyword</method>
  <thread>1</thread>
  <message>End action : click(findTestObject(\&amp;quot;Page_Iniciar Sesion - KAIZEN/is_btn_ingresar_sistema\&amp;quot;))</message>
  <nestedLevel>2</nestedLevel>
</record>
<record>
  <date>2020-03-03T10:49:18</date>
  <millis>1583246958617</millis>
  <sequence>102</sequence>
  <level>END</level>
  <class>com.kms.katalon.core.logging.XmlKeywordLogger</class>
  <method>endKeyword</method>
  <thread>1</thread>
  <message>End action : else if (Evento == \&amp;quot;MovimientoDeInventario\&amp;quot;)</message>
  <nestedLevel>1</nestedLevel>
</record>
<record>
  <date>2020-03-03T10:49:18</date>
  <millis>1583246958617</millis>
  <sequence>103</sequence>
  <level>PASSED</level>
  <class>com.kms.katalon.core.logging.XmlKeywordLogger</class>
  <method>logMessage</method>
  <thread>1</thread>
  <message>Test Cases/Individual_Tests/Login</message>
  <nestedLevel>2</nestedLevel>
</record>
<record>
  <date>2020-03-03T10:49:18</date>
  <millis>1583246958618</millis>
  <sequence>104</sequence>
  <level>END</level>
  <class>com.kms.katalon.core.logging.XmlKeywordLogger</class>
  <method>endTest</method>
  <thread>1</thread>
  <message>End Test Case : Test Cases/Individual_Tests/Login</message>
  <nestedLevel>1</nestedLevel>
</record>
<record>
  <date>2020-03-03T10:49:18</date>
  <millis>1583246958628</millis>
  <sequence>105</sequence>
  <level>PASSED</level>
  <class>com.kms.katalon.core.logging.XmlKeywordLogger</class>
  <method>logMessage</method>
  <thread>1</thread>
  <message>Call Test Case &amp;apos;Test Cases/Individual_Tests/Login&amp;apos; successfully</message>
  <nestedLevel>1</nestedLevel>
</record>
<record>
  <date>2020-03-03T10:49:18</date>
  <millis>1583246958629</millis>
  <sequence>106</sequence>
  <level>END</level>
  <class>com.kms.katalon.core.logging.XmlKeywordLogger</class>
  <method>endKeyword</method>
  <thread>1</thread>
  <message>End action : callTestCase(findTestCase(\&amp;quot;Individual_Tests/Login\&amp;quot;), [\&amp;quot;Evento\&amp;quot;:\&amp;quot;MovimientoDeInventario\&amp;quot;, \&amp;quot;Index\&amp;quot;:Index, \&amp;quot;Usuario\&amp;quot;:\&amp;quot;\&amp;quot;, \&amp;quot;Contrasena\&amp;quot;:\&amp;quot;\&amp;quot;], STOP_ON_FAILURE)</message>
  <nestedLevel>2</nestedLevel>
</record>
<record>
  <date>2020-03-03T10:49:18</date>
  <millis>1583246958630</millis>
  <sequence>107</sequence>
  <level>START</level>
  <class>com.kms.katalon.core.logging.XmlKeywordLogger</class>
  <method>startKeyword</method>
  <thread>1</thread>
  <message>Start action : callTestCase(findTestCase(\&amp;quot;Individual_Tests/Seleccionar_Idioma\&amp;quot;), [\&amp;quot;Evento\&amp;quot;:\&amp;quot;MovimientoDeInventario\&amp;quot;, \&amp;quot;Index\&amp;quot;:Index], STOP_ON_FAILURE)</message>
  <nestedLevel>2</nestedLevel>
  <property name="startLine">29</property>
  <property name="stepIndex">2</property>
</record>
<record>
  <date>2020-03-03T10:49:18</date>
  <millis>1583246958694</millis>
  <sequence>110</sequence>
  <level>START</level>
  <class>com.kms.katalon.core.logging.XmlKeywordLogger</class>
  <method>startTest</method>
  <thread>1</thread>
  <message>Start Test Case : Test Cases/Individual_Tests/Seleccionar_Idioma</message>
  <nestedLevel>2</nestedLevel>
  <property name="name">Test Cases/Individual_Tests/Seleccionar_Idioma</property>
  <property name="description"></property>
  <property name="id">Test Cases/Individual_Tests/Seleccionar_Idioma</property>
  <property name="source">C:\\Users\\kaizen\\git\\AutomatizacionKatalon\\Test Cases\\Individual_Tests\\Seleccionar_Idioma.tc</property>
  <property name="tag"></property>
  <property name="isOptional">false</property>
</record>
<record>
  <date>2020-03-03T10:49:18</date>
  <millis>1583246958712</millis>
  <sequence>112</sequence>
  <level>INFO</level>
  <class>com.kms.katalon.core.logging.XmlKeywordLogger</class>
  <method>logMessage</method>
  <thread>1</thread>
  <message>Evento = MovimientoDeInventario</message>
  <nestedLevel>2</nestedLevel>
</record>
<record>
  <date>2020-03-03T10:49:18</date>
  <millis>1583246958712</millis>
  <sequence>113</sequence>
  <level>INFO</level>
  <class>com.kms.katalon.core.logging.XmlKeywordLogger</class>
  <method>logMessage</method>
  <thread>1</thread>
  <message>Index = 1</message>
  <nestedLevel>2</nestedLevel>
</record>
<record>
  <date>2020-03-03T10:49:19</date>
  <millis>1583246959057</millis>
  <sequence>114</sequence>
  <level>START</level>
  <class>com.kms.katalon.core.logging.XmlKeywordLogger</class>
  <method>startKeyword</method>
  <thread>1</thread>
  <message>Start action : Idioma = 0</message>
  <nestedLevel>1</nestedLevel>
  <property name="startLine">17</property>
  <property name="stepIndex">1</property>
</record>
<record>
  <date>2020-03-03T10:49:19</date>
  <millis>1583246959058</millis>
  <sequence>115</sequence>
  <level>END</level>
  <class>com.kms.katalon.core.logging.XmlKeywordLogger</class>
  <method>endKeyword</method>
  <thread>1</thread>
  <message>End action : Idioma = 0</message>
  <nestedLevel>1</nestedLevel>
</record>
<record>
  <date>2020-03-03T10:49:19</date>
  <millis>1583246959059</millis>
  <sequence>116</sequence>
  <level>START</level>
  <class>com.kms.katalon.core.logging.XmlKeywordLogger</class>
  <method>startKeyword</method>
  <thread>1</thread>
  <message>Start action : if (Evento == \&amp;quot;Crear20\&amp;quot;)</message>
  <nestedLevel>1</nestedLevel>
  <property name="startLine">19</property>
  <property name="stepIndex">2</property>
</record>
<record>
  <date>2020-03-03T10:49:19</date>
  <millis>1583246959060</millis>
  <sequence>117</sequence>
  <level>END</level>
  <class>com.kms.katalon.core.logging.XmlKeywordLogger</class>
  <method>endKeyword</method>
  <thread>1</thread>
  <message>End action : if (Evento == \&amp;quot;Crear20\&amp;quot;)</message>
  <nestedLevel>1</nestedLevel>
</record>
<record>
  <date>2020-03-03T10:49:19</date>
  <millis>1583246959060</millis>
  <sequence>118</sequence>
  <level>START</level>
  <class>com.kms.katalon.core.logging.XmlKeywordLogger</class>
  <method>startKeyword</method>
  <thread>1</thread>
  <message>Start action : else if (Evento == \&amp;quot;Crear40\&amp;quot;)</message>
  <nestedLevel>1</nestedLevel>
  <property name="startLine">23</property>
  <property name="stepIndex">3</property>
</record>
<record>
  <date>2020-03-03T10:49:19</date>
  <millis>1583246959061</millis>
  <sequence>119</sequence>
  <level>END</level>
  <class>com.kms.katalon.core.logging.XmlKeywordLogger</class>
  <method>endKeyword</method>
  <thread>1</thread>
  <message>End action : else if (Evento == \&amp;quot;Crear40\&amp;quot;)</message>
  <nestedLevel>1</nestedLevel>
</record>
<record>
  <date>2020-03-03T10:49:19</date>
  <millis>1583246959061</millis>
  <sequence>120</sequence>
  <level>START</level>
  <class>com.kms.katalon.core.logging.XmlKeywordLogger</class>
  <method>startKeyword</method>
  <thread>1</thread>
  <message>Start action : else if (Evento == \&amp;quot;Aprobar\&amp;quot;)</message>
  <nestedLevel>1</nestedLevel>
  <property name="startLine">27</property>
  <property name="stepIndex">4</property>
</record>
<record>
  <date>2020-03-03T10:49:19</date>
  <millis>1583246959062</millis>
  <sequence>121</sequence>
  <level>END</level>
  <class>com.kms.katalon.core.logging.XmlKeywordLogger</class>
  <method>endKeyword</method>
  <thread>1</thread>
  <message>End action : else if (Evento == \&amp;quot;Aprobar\&amp;quot;)</message>
  <nestedLevel>1</nestedLevel>
</record>
<record>
  <date>2020-03-03T10:49:19</date>
  <millis>1583246959062</millis>
  <sequence>122</sequence>
  <level>START</level>
  <class>com.kms.katalon.core.logging.XmlKeywordLogger</class>
  <method>startKeyword</method>
  <thread>1</thread>
  <message>Start action : else if (Evento == \&amp;quot;Logistica\&amp;quot;)</message>
  <nestedLevel>1</nestedLevel>
  <property name="startLine">31</property>
  <property name="stepIndex">5</property>
</record>
<record>
  <date>2020-03-03T10:49:19</date>
  <millis>1583246959064</millis>
  <sequence>123</sequence>
  <level>END</level>
  <class>com.kms.katalon.core.logging.XmlKeywordLogger</class>
  <method>endKeyword</method>
  <thread>1</thread>
  <message>End action : else if (Evento == \&amp;quot;Logistica\&amp;quot;)</message>
  <nestedLevel>1</nestedLevel>
</record>
<record>
  <date>2020-03-03T10:49:19</date>
  <millis>1583246959064</millis>
  <sequence>124</sequence>
  <level>START</level>
  <class>com.kms.katalon.core.logging.XmlKeywordLogger</class>
  <method>startKeyword</method>
  <thread>1</thread>
  <message>Start action : else if (Evento == \&amp;quot;Produccion\&amp;quot;)</message>
  <nestedLevel>1</nestedLevel>
  <property name="startLine">35</property>
  <property name="stepIndex">6</property>
</record>
<record>
  <date>2020-03-03T10:49:19</date>
  <millis>1583246959066</millis>
  <sequence>125</sequence>
  <level>END</level>
  <class>com.kms.katalon.core.logging.XmlKeywordLogger</class>
  <method>endKeyword</method>
  <thread>1</thread>
  <message>End action : else if (Evento == \&amp;quot;Produccion\&amp;quot;)</message>
  <nestedLevel>1</nestedLevel>
</record>
<record>
  <date>2020-03-03T10:49:19</date>
  <millis>1583246959069</millis>
  <sequence>126</sequence>
  <level>START</level>
  <class>com.kms.katalon.core.logging.XmlKeywordLogger</class>
  <method>startKeyword</method>
  <thread>1</thread>
  <message>Start action : else if (Evento == \&amp;quot;Inventario\&amp;quot;)</message>
  <nestedLevel>1</nestedLevel>
  <property name="startLine">39</property>
  <property name="stepIndex">7</property>
</record>
<record>
  <date>2020-03-03T10:49:19</date>
  <millis>1583246959071</millis>
  <sequence>127</sequence>
  <level>END</level>
  <class>com.kms.katalon.core.logging.XmlKeywordLogger</class>
  <method>endKeyword</method>
  <thread>1</thread>
  <message>End action : else if (Evento == \&amp;quot;Inventario\&amp;quot;)</message>
  <nestedLevel>1</nestedLevel>
</record>
<record>
  <date>2020-03-03T10:49:19</date>
  <millis>1583246959072</millis>
  <sequence>128</sequence>
  <level>START</level>
  <class>com.kms.katalon.core.logging.XmlKeywordLogger</class>
  <method>startKeyword</method>
  <thread>1</thread>
  <message>Start action : else if (Evento == \&amp;quot;Despacho\&amp;quot;)</message>
  <nestedLevel>1</nestedLevel>
  <property name="startLine">43</property>
  <property name="stepIndex">8</property>
</record>
<record>
  <date>2020-03-03T10:49:19</date>
  <millis>1583246959072</millis>
  <sequence>129</sequence>
  <level>END</level>
  <class>com.kms.katalon.core.logging.XmlKeywordLogger</class>
  <method>endKeyword</method>
  <thread>1</thread>
  <message>End action : else if (Evento == \&amp;quot;Despacho\&amp;quot;)</message>
  <nestedLevel>1</nestedLevel>
</record>
<record>
  <date>2020-03-03T10:49:19</date>
  <millis>1583246959073</millis>
  <sequence>130</sequence>
  <level>START</level>
  <class>com.kms.katalon.core.logging.XmlKeywordLogger</class>
  <method>startKeyword</method>
  <thread>1</thread>
  <message>Start action : else if (Evento == \&amp;quot;ProductoAlmacen\&amp;quot;)</message>
  <nestedLevel>1</nestedLevel>
  <property name="startLine">48</property>
  <property name="stepIndex">9</property>
</record>
<record>
  <date>2020-03-03T10:49:19</date>
  <millis>1583246959074</millis>
  <sequence>131</sequence>
  <level>END</level>
  <class>com.kms.katalon.core.logging.XmlKeywordLogger</class>
  <method>endKeyword</method>
  <thread>1</thread>
  <message>End action : else if (Evento == \&amp;quot;ProductoAlmacen\&amp;quot;)</message>
  <nestedLevel>1</nestedLevel>
</record>
<record>
  <date>2020-03-03T10:49:19</date>
  <millis>1583246959074</millis>
  <sequence>132</sequence>
  <level>START</level>
  <class>com.kms.katalon.core.logging.XmlKeywordLogger</class>
  <method>startKeyword</method>
  <thread>1</thread>
  <message>Start action : else if (Evento == \&amp;quot;MovimientoDeInventario\&amp;quot;)</message>
  <nestedLevel>1</nestedLevel>
  <property name="startLine">53</property>
  <property name="stepIndex">10</property>
</record>
<record>
  <date>2020-03-03T10:49:19</date>
  <millis>1583246959076</millis>
  <sequence>133</sequence>
  <level>START</level>
  <class>com.kms.katalon.core.logging.XmlKeywordLogger</class>
  <method>startKeyword</method>
  <thread>1</thread>
  <message>Start action : data7 = obtener_excels.obtener_mov_inventario.getValuesExcelMovInventario(Index)</message>
  <nestedLevel>2</nestedLevel>
  <property name="startLine">54</property>
  <property name="stepIndex">1</property>
</record>
<record>
  <date>2020-03-03T10:49:19</date>
  <millis>1583246959160</millis>
  <sequence>134</sequence>
  <level>PASSED</level>
  <class>com.kms.katalon.core.logging.XmlKeywordLogger</class>
  <method>logMessage</method>
  <thread>1</thread>
  <message>obtener_excels.obtener_mov_inventario.getValuesExcelMovInventario is PASSED</message>
  <nestedLevel>2</nestedLevel>
</record>
<record>
  <date>2020-03-03T10:49:19</date>
  <millis>1583246959161</millis>
  <sequence>135</sequence>
  <level>END</level>
  <class>com.kms.katalon.core.logging.XmlKeywordLogger</class>
  <method>endKeyword</method>
  <thread>1</thread>
  <message>End action : data7 = obtener_excels.obtener_mov_inventario.getValuesExcelMovInventario(Index)</message>
  <nestedLevel>2</nestedLevel>
</record>
<record>
  <date>2020-03-03T10:49:19</date>
  <millis>1583246959162</millis>
  <sequence>136</sequence>
  <level>START</level>
  <class>com.kms.katalon.core.logging.XmlKeywordLogger</class>
  <method>startKeyword</method>
  <thread>1</thread>
  <message>Start action : Idioma = data7[0]</message>
  <nestedLevel>2</nestedLevel>
  <property name="startLine">55</property>
  <property name="stepIndex">2</property>
</record>
<record>
  <date>2020-03-03T10:49:19</date>
  <millis>1583246959162</millis>
  <sequence>137</sequence>
  <level>END</level>
  <class>com.kms.katalon.core.logging.XmlKeywordLogger</class>
  <method>endKeyword</method>
  <thread>1</thread>
  <message>End action : Idioma = data7[0]</message>
  <nestedLevel>2</nestedLevel>
</record>
<record>
  <date>2020-03-03T10:49:19</date>
  <millis>1583246959163</millis>
  <sequence>138</sequence>
  <level>END</level>
  <class>com.kms.katalon.core.logging.XmlKeywordLogger</class>
  <method>endKeyword</method>
  <thread>1</thread>
  <message>End action : else if (Evento == \&amp;quot;MovimientoDeInventario\&amp;quot;)</message>
  <nestedLevel>1</nestedLevel>
</record>
<record>
  <date>2020-03-03T10:49:19</date>
  <millis>1583246959163</millis>
  <sequence>139</sequence>
  <level>START</level>
  <class>com.kms.katalon.core.logging.XmlKeywordLogger</class>
  <method>startKeyword</method>
  <thread>1</thread>
  <message>Start action : click(findTestObject(\&amp;quot;Page_- KAIZEN/si_btn_idioma\&amp;quot;))</message>
  <nestedLevel>1</nestedLevel>
  <property name="startLine">59</property>
  <property name="stepIndex">11</property>
</record>
<record>
  <date>2020-03-03T10:49:19</date>
  <millis>1583246959583</millis>
  <sequence>150</sequence>
  <level>PASSED</level>
  <class>com.kms.katalon.core.logging.XmlKeywordLogger</class>
  <method>logMessage</method>
  <thread>1</thread>
  <message>Object: &amp;apos;Object Repository/Page_- KAIZEN/si_btn_idioma&amp;apos; is clicked on</message>
  <nestedLevel>2</nestedLevel>
</record>
<record>
  <date>2020-03-03T10:49:19</date>
  <millis>1583246959584</millis>
  <sequence>151</sequence>
  <level>END</level>
  <class>com.kms.katalon.core.logging.XmlKeywordLogger</class>
  <method>endKeyword</method>
  <thread>1</thread>
  <message>End action : click(findTestObject(\&amp;quot;Page_- KAIZEN/si_btn_idioma\&amp;quot;))</message>
  <nestedLevel>1</nestedLevel>
</record>
<record>
  <date>2020-03-03T10:49:19</date>
  <millis>1583246959584</millis>
  <sequence>152</sequence>
  <level>START</level>
  <class>com.kms.katalon.core.logging.XmlKeywordLogger</class>
  <method>startKeyword</method>
  <thread>1</thread>
  <message>Start action : if (Idioma == \&amp;quot;0\&amp;quot;)</message>
  <nestedLevel>1</nestedLevel>
  <property name="startLine">61</property>
  <property name="stepIndex">12</property>
</record>
<record>
  <date>2020-03-03T10:49:19</date>
  <millis>1583246959585</millis>
  <sequence>153</sequence>
  <level>END</level>
  <class>com.kms.katalon.core.logging.XmlKeywordLogger</class>
  <method>endKeyword</method>
  <thread>1</thread>
  <message>End action : if (Idioma == \&amp;quot;0\&amp;quot;)</message>
  <nestedLevel>1</nestedLevel>
</record>
<record>
  <date>2020-03-03T10:49:19</date>
  <millis>1583246959585</millis>
  <sequence>154</sequence>
  <level>START</level>
  <class>com.kms.katalon.core.logging.XmlKeywordLogger</class>
  <method>startKeyword</method>
  <thread>1</thread>
  <message>Start action : else</message>
  <nestedLevel>1</nestedLevel>
  <property name="startLine">66</property>
  <property name="stepIndex">13</property>
</record>
<record>
  <date>2020-03-03T10:49:19</date>
  <millis>1583246959586</millis>
  <sequence>155</sequence>
  <level>START</level>
  <class>com.kms.katalon.core.logging.XmlKeywordLogger</class>
  <method>startKeyword</method>
  <thread>1</thread>
  <message>Start action : click(findTestObject(\&amp;quot;Page_- KAIZEN/si_Spanish\&amp;quot;))</message>
  <nestedLevel>2</nestedLevel>
  <property name="startLine">68</property>
  <property name="stepIndex">1</property>
</record>
<record>
  <date>2020-03-03T10:49:21</date>
  <millis>1583246961134</millis>
  <sequence>166</sequence>
  <level>PASSED</level>
  <class>com.kms.katalon.core.logging.XmlKeywordLogger</class>
  <method>logMessage</method>
  <thread>1</thread>
  <message>Object: &amp;apos;Object Repository/Page_- KAIZEN/si_Spanish&amp;apos; is clicked on</message>
  <nestedLevel>2</nestedLevel>
</record>
<record>
  <date>2020-03-03T10:49:21</date>
  <millis>1583246961135</millis>
  <sequence>167</sequence>
  <level>END</level>
  <class>com.kms.katalon.core.logging.XmlKeywordLogger</class>
  <method>endKeyword</method>
  <thread>1</thread>
  <message>End action : click(findTestObject(\&amp;quot;Page_- KAIZEN/si_Spanish\&amp;quot;))</message>
  <nestedLevel>2</nestedLevel>
</record>
<record>
  <date>2020-03-03T10:49:21</date>
  <millis>1583246961135</millis>
  <sequence>168</sequence>
  <level>END</level>
  <class>com.kms.katalon.core.logging.XmlKeywordLogger</class>
  <method>endKeyword</method>
  <thread>1</thread>
  <message>End action : else</message>
  <nestedLevel>1</nestedLevel>
</record>
<record>
  <date>2020-03-03T10:49:21</date>
  <millis>1583246961135</millis>
  <sequence>169</sequence>
  <level>PASSED</level>
  <class>com.kms.katalon.core.logging.XmlKeywordLogger</class>
  <method>logMessage</method>
  <thread>1</thread>
  <message>Test Cases/Individual_Tests/Seleccionar_Idioma</message>
  <nestedLevel>2</nestedLevel>
</record>
<record>
  <date>2020-03-03T10:49:21</date>
  <millis>1583246961136</millis>
  <sequence>170</sequence>
  <level>END</level>
  <class>com.kms.katalon.core.logging.XmlKeywordLogger</class>
  <method>endTest</method>
  <thread>1</thread>
  <message>End Test Case : Test Cases/Individual_Tests/Seleccionar_Idioma</message>
  <nestedLevel>1</nestedLevel>
</record>
<record>
  <date>2020-03-03T10:49:21</date>
  <millis>1583246961136</millis>
  <sequence>171</sequence>
  <level>PASSED</level>
  <class>com.kms.katalon.core.logging.XmlKeywordLogger</class>
  <method>logMessage</method>
  <thread>1</thread>
  <message>Call Test Case &amp;apos;Test Cases/Individual_Tests/Seleccionar_Idioma&amp;apos; successfully</message>
  <nestedLevel>1</nestedLevel>
</record>
<record>
  <date>2020-03-03T10:49:21</date>
  <millis>1583246961138</millis>
  <sequence>172</sequence>
  <level>END</level>
  <class>com.kms.katalon.core.logging.XmlKeywordLogger</class>
  <method>endKeyword</method>
  <thread>1</thread>
  <message>End action : callTestCase(findTestCase(\&amp;quot;Individual_Tests/Seleccionar_Idioma\&amp;quot;), [\&amp;quot;Evento\&amp;quot;:\&amp;quot;MovimientoDeInventario\&amp;quot;, \&amp;quot;Index\&amp;quot;:Index], STOP_ON_FAILURE)</message>
  <nestedLevel>2</nestedLevel>
</record>
<record>
  <date>2020-03-03T10:49:21</date>
  <millis>1583246961139</millis>
  <sequence>173</sequence>
  <level>START</level>
  <class>com.kms.katalon.core.logging.XmlKeywordLogger</class>
  <method>startKeyword</method>
  <thread>1</thread>
  <message>Start action : callTestCase(findTestCase(\&amp;quot;Individual_Tests/Movimientos_Inventario\&amp;quot;), [\&amp;quot;Index\&amp;quot;:Index], STOP_ON_FAILURE)</message>
  <nestedLevel>2</nestedLevel>
  <property name="startLine">31</property>
  <property name="stepIndex">3</property>
</record>
<record>
  <date>2020-03-03T10:49:21</date>
  <millis>1583246961198</millis>
  <sequence>176</sequence>
  <level>START</level>
  <class>com.kms.katalon.core.logging.XmlKeywordLogger</class>
  <method>startTest</method>
  <thread>1</thread>
  <message>Start Test Case : Test Cases/Individual_Tests/Movimientos_Inventario</message>
  <nestedLevel>2</nestedLevel>
  <property name="name">Test Cases/Individual_Tests/Movimientos_Inventario</property>
  <property name="description"></property>
  <property name="id">Test Cases/Individual_Tests/Movimientos_Inventario</property>
  <property name="source">C:\\Users\\kaizen\\git\\AutomatizacionKatalon\\Test Cases\\Individual_Tests\\Movimientos_Inventario.tc</property>
  <property name="tag"></property>
  <property name="isOptional">false</property>
</record>
<record>
  <date>2020-03-03T10:49:21</date>
  <millis>1583246961220</millis>
  <sequence>178</sequence>
  <level>INFO</level>
  <class>com.kms.katalon.core.logging.XmlKeywordLogger</class>
  <method>logMessage</method>
  <thread>1</thread>
  <message>Index = 1</message>
  <nestedLevel>2</nestedLevel>
</record>
<record>
  <date>2020-03-03T10:49:21</date>
  <millis>1583246961634</millis>
  <sequence>179</sequence>
  <level>START</level>
  <class>com.kms.katalon.core.logging.XmlKeywordLogger</class>
  <method>startKeyword</method>
  <thread>1</thread>
  <message>Start action : data = obtener_excels.obtener_mov_inventario.getValuesExcelMovInventario(Index)</message>
  <nestedLevel>1</nestedLevel>
  <property name="startLine">19</property>
  <property name="stepIndex">1</property>
</record>
<record>
  <date>2020-03-03T10:49:21</date>
  <millis>1583246961678</millis>
  <sequence>180</sequence>
  <level>PASSED</level>
  <class>com.kms.katalon.core.logging.XmlKeywordLogger</class>
  <method>logMessage</method>
  <thread>1</thread>
  <message>obtener_excels.obtener_mov_inventario.getValuesExcelMovInventario is PASSED</message>
  <nestedLevel>2</nestedLevel>
</record>
<record>
  <date>2020-03-03T10:49:21</date>
  <millis>1583246961679</millis>
  <sequence>181</sequence>
  <level>END</level>
  <class>com.kms.katalon.core.logging.XmlKeywordLogger</class>
  <method>endKeyword</method>
  <thread>1</thread>
  <message>End action : data = obtener_excels.obtener_mov_inventario.getValuesExcelMovInventario(Index)</message>
  <nestedLevel>1</nestedLevel>
</record>
<record>
  <date>2020-03-03T10:49:21</date>
  <millis>1583246961679</millis>
  <sequence>182</sequence>
  <level>START</level>
  <class>com.kms.katalon.core.logging.XmlKeywordLogger</class>
  <method>startKeyword</method>
  <thread>1</thread>
  <message>Start action : concepto = data[3]</message>
  <nestedLevel>1</nestedLevel>
  <property name="startLine">21</property>
  <property name="stepIndex">2</property>
</record>
<record>
  <date>2020-03-03T10:49:21</date>
  <millis>1583246961680</millis>
  <sequence>183</sequence>
  <level>END</level>
  <class>com.kms.katalon.core.logging.XmlKeywordLogger</class>
  <method>endKeyword</method>
  <thread>1</thread>
  <message>End action : concepto = data[3]</message>
  <nestedLevel>1</nestedLevel>
</record>
<record>
  <date>2020-03-03T10:49:21</date>
  <millis>1583246961680</millis>
  <sequence>184</sequence>
  <level>START</level>
  <class>com.kms.katalon.core.logging.XmlKeywordLogger</class>
  <method>startKeyword</method>
  <thread>1</thread>
  <message>Start action : motivo = data[4]</message>
  <nestedLevel>1</nestedLevel>
  <property name="startLine">23</property>
  <property name="stepIndex">3</property>
</record>
<record>
  <date>2020-03-03T10:49:21</date>
  <millis>1583246961680</millis>
  <sequence>185</sequence>
  <level>END</level>
  <class>com.kms.katalon.core.logging.XmlKeywordLogger</class>
  <method>endKeyword</method>
  <thread>1</thread>
  <message>End action : motivo = data[4]</message>
  <nestedLevel>1</nestedLevel>
</record>
<record>
  <date>2020-03-03T10:49:21</date>
  <millis>1583246961681</millis>
  <sequence>186</sequence>
  <level>START</level>
  <class>com.kms.katalon.core.logging.XmlKeywordLogger</class>
  <method>startKeyword</method>
  <thread>1</thread>
  <message>Start action : codProducto = data[5]</message>
  <nestedLevel>1</nestedLevel>
  <property name="startLine">25</property>
  <property name="stepIndex">4</property>
</record>
<record>
  <date>2020-03-03T10:49:21</date>
  <millis>1583246961682</millis>
  <sequence>187</sequence>
  <level>END</level>
  <class>com.kms.katalon.core.logging.XmlKeywordLogger</class>
  <method>endKeyword</method>
  <thread>1</thread>
  <message>End action : codProducto = data[5]</message>
  <nestedLevel>1</nestedLevel>
</record>
<record>
  <date>2020-03-03T10:49:21</date>
  <millis>1583246961682</millis>
  <sequence>188</sequence>
  <level>START</level>
  <class>com.kms.katalon.core.logging.XmlKeywordLogger</class>
  <method>startKeyword</method>
  <thread>1</thread>
  <message>Start action : Producto = data[7]</message>
  <nestedLevel>1</nestedLevel>
  <property name="startLine">27</property>
  <property name="stepIndex">5</property>
</record>
<record>
  <date>2020-03-03T10:49:21</date>
  <millis>1583246961682</millis>
  <sequence>189</sequence>
  <level>END</level>
  <class>com.kms.katalon.core.logging.XmlKeywordLogger</class>
  <method>endKeyword</method>
  <thread>1</thread>
  <message>End action : Producto = data[7]</message>
  <nestedLevel>1</nestedLevel>
</record>
<record>
  <date>2020-03-03T10:49:21</date>
  <millis>1583246961683</millis>
  <sequence>190</sequence>
  <level>START</level>
  <class>com.kms.katalon.core.logging.XmlKeywordLogger</class>
  <method>startKeyword</method>
  <thread>1</thread>
  <message>Start action : IdAlmacen1 = data[9]</message>
  <nestedLevel>1</nestedLevel>
  <property name="startLine">29</property>
  <property name="stepIndex">6</property>
</record>
<record>
  <date>2020-03-03T10:49:21</date>
  <millis>1583246961683</millis>
  <sequence>191</sequence>
  <level>END</level>
  <class>com.kms.katalon.core.logging.XmlKeywordLogger</class>
  <method>endKeyword</method>
  <thread>1</thread>
  <message>End action : IdAlmacen1 = data[9]</message>
  <nestedLevel>1</nestedLevel>
</record>
<record>
  <date>2020-03-03T10:49:21</date>
  <millis>1583246961686</millis>
  <sequence>192</sequence>
  <level>START</level>
  <class>com.kms.katalon.core.logging.XmlKeywordLogger</class>
  <method>startKeyword</method>
  <thread>1</thread>
  <message>Start action : IdAlmacen2 = data[11]</message>
  <nestedLevel>1</nestedLevel>
  <property name="startLine">31</property>
  <property name="stepIndex">7</property>
</record>
<record>
  <date>2020-03-03T10:49:21</date>
  <millis>1583246961688</millis>
  <sequence>193</sequence>
  <level>END</level>
  <class>com.kms.katalon.core.logging.XmlKeywordLogger</class>
  <method>endKeyword</method>
  <thread>1</thread>
  <message>End action : IdAlmacen2 = data[11]</message>
  <nestedLevel>1</nestedLevel>
</record>
<record>
  <date>2020-03-03T10:49:21</date>
  <millis>1583246961688</millis>
  <sequence>194</sequence>
  <level>START</level>
  <class>com.kms.katalon.core.logging.XmlKeywordLogger</class>
  <method>startKeyword</method>
  <thread>1</thread>
  <message>Start action : cantidad = data[13]</message>
  <nestedLevel>1</nestedLevel>
  <property name="startLine">33</property>
  <property name="stepIndex">8</property>
</record>
<record>
  <date>2020-03-03T10:49:21</date>
  <millis>1583246961689</millis>
  <sequence>195</sequence>
  <level>END</level>
  <class>com.kms.katalon.core.logging.XmlKeywordLogger</class>
  <method>endKeyword</method>
  <thread>1</thread>
  <message>End action : cantidad = data[13]</message>
  <nestedLevel>1</nestedLevel>
</record>
<record>
  <date>2020-03-03T10:49:21</date>
  <millis>1583246961689</millis>
  <sequence>196</sequence>
  <level>START</level>
  <class>com.kms.katalon.core.logging.XmlKeywordLogger</class>
  <method>startKeyword</method>
  <thread>1</thread>
  <message>Start action : if (concepto == \&amp;quot;TransferenciaDeMercancias\&amp;quot; &amp;amp; cantidad == \&amp;quot;0\&amp;quot;)</message>
  <nestedLevel>1</nestedLevel>
  <property name="startLine">35</property>
  <property name="stepIndex">9</property>
</record>
<record>
  <date>2020-03-03T10:49:21</date>
  <millis>1583246961759</millis>
  <sequence>197</sequence>
  <level>END</level>
  <class>com.kms.katalon.core.logging.XmlKeywordLogger</class>
  <method>endKeyword</method>
  <thread>1</thread>
  <message>End action : if (concepto == \&amp;quot;TransferenciaDeMercancias\&amp;quot; &amp;amp; cantidad == \&amp;quot;0\&amp;quot;)</message>
  <nestedLevel>1</nestedLevel>
</record>
<record>
  <date>2020-03-03T10:49:21</date>
  <millis>1583246961759</millis>
  <sequence>198</sequence>
  <level>START</level>
  <class>com.kms.katalon.core.logging.XmlKeywordLogger</class>
  <method>startKeyword</method>
  <thread>1</thread>
  <message>Start action : click(findTestObject(\&amp;quot;Object Repository/Page_- KAIZEN/mi_menu_Pedidos\&amp;quot;))</message>
  <nestedLevel>1</nestedLevel>
  <property name="startLine">44</property>
  <property name="stepIndex">10</property>
</record>
<record>
  <date>2020-03-03T10:49:22</date>
  <millis>1583246962264</millis>
  <sequence>209</sequence>
  <level>PASSED</level>
  <class>com.kms.katalon.core.logging.XmlKeywordLogger</class>
  <method>logMessage</method>
  <thread>1</thread>
  <message>Object: &amp;apos;Object Repository/Page_- KAIZEN/mi_menu_Pedidos&amp;apos; is clicked on</message>
  <nestedLevel>2</nestedLevel>
</record>
<record>
  <date>2020-03-03T10:49:22</date>
  <millis>1583246962265</millis>
  <sequence>210</sequence>
  <level>END</level>
  <class>com.kms.katalon.core.logging.XmlKeywordLogger</class>
  <method>endKeyword</method>
  <thread>1</thread>
  <message>End action : click(findTestObject(\&amp;quot;Object Repository/Page_- KAIZEN/mi_menu_Pedidos\&amp;quot;))</message>
  <nestedLevel>1</nestedLevel>
</record>
<record>
  <date>2020-03-03T10:49:22</date>
  <millis>1583246962265</millis>
  <sequence>211</sequence>
  <level>START</level>
  <class>com.kms.katalon.core.logging.XmlKeywordLogger</class>
  <method>startKeyword</method>
  <thread>1</thread>
  <message>Start action : click(findTestObject(\&amp;quot;Object Repository/Page_- KAIZEN/mi_menu_Inventario\&amp;quot;))</message>
  <nestedLevel>1</nestedLevel>
  <property name="startLine">46</property>
  <property name="stepIndex">11</property>
</record>
<record>
  <date>2020-03-03T10:49:22</date>
  <millis>1583246962746</millis>
  <sequence>222</sequence>
  <level>PASSED</level>
  <class>com.kms.katalon.core.logging.XmlKeywordLogger</class>
  <method>logMessage</method>
  <thread>1</thread>
  <message>Object: &amp;apos;Object Repository/Page_- KAIZEN/mi_menu_Inventario&amp;apos; is clicked on</message>
  <nestedLevel>2</nestedLevel>
</record>
<record>
  <date>2020-03-03T10:49:22</date>
  <millis>1583246962747</millis>
  <sequence>223</sequence>
  <level>END</level>
  <class>com.kms.katalon.core.logging.XmlKeywordLogger</class>
  <method>endKeyword</method>
  <thread>1</thread>
  <message>End action : click(findTestObject(\&amp;quot;Object Repository/Page_- KAIZEN/mi_menu_Inventario\&amp;quot;))</message>
  <nestedLevel>1</nestedLevel>
</record>
<record>
  <date>2020-03-03T10:49:22</date>
  <millis>1583246962747</millis>
  <sequence>224</sequence>
  <level>START</level>
  <class>com.kms.katalon.core.logging.XmlKeywordLogger</class>
  <method>startKeyword</method>
  <thread>1</thread>
  <message>Start action : click(findTestObject(\&amp;quot;Object Repository/Page_- KAIZEN/mi_menu_Movimientos\&amp;quot;))</message>
  <nestedLevel>1</nestedLevel>
  <property name="startLine">48</property>
  <property name="stepIndex">12</property>
</record>
<record>
  <date>2020-03-03T10:49:25</date>
  <millis>1583246965574</millis>
  <sequence>235</sequence>
  <level>PASSED</level>
  <class>com.kms.katalon.core.logging.XmlKeywordLogger</class>
  <method>logMessage</method>
  <thread>1</thread>
  <message>Object: &amp;apos;Object Repository/Page_- KAIZEN/mi_menu_Movimientos&amp;apos; is clicked on</message>
  <nestedLevel>2</nestedLevel>
</record>
<record>
  <date>2020-03-03T10:49:25</date>
  <millis>1583246965574</millis>
  <sequence>236</sequence>
  <level>END</level>
  <class>com.kms.katalon.core.logging.XmlKeywordLogger</class>
  <method>endKeyword</method>
  <thread>1</thread>
  <message>End action : click(findTestObject(\&amp;quot;Object Repository/Page_- KAIZEN/mi_menu_Movimientos\&amp;quot;))</message>
  <nestedLevel>1</nestedLevel>
</record>
<record>
  <date>2020-03-03T10:49:25</date>
  <millis>1583246965575</millis>
  <sequence>237</sequence>
  <level>START</level>
  <class>com.kms.katalon.core.logging.XmlKeywordLogger</class>
  <method>startKeyword</method>
  <thread>1</thread>
  <message>Start action : click(findTestObject(\&amp;quot;Object Repository/Page_Index - KAIZEN/mi_btn_agregar\&amp;quot;))</message>
  <nestedLevel>1</nestedLevel>
  <property name="startLine">50</property>
  <property name="stepIndex">13</property>
</record>
<record>
  <date>2020-03-03T10:49:28</date>
  <millis>1583246968684</millis>
  <sequence>248</sequence>
  <level>PASSED</level>
  <class>com.kms.katalon.core.logging.XmlKeywordLogger</class>
  <method>logMessage</method>
  <thread>1</thread>
  <message>Object: &amp;apos;Object Repository/Page_Index - KAIZEN/mi_btn_agregar&amp;apos; is clicked on</message>
  <nestedLevel>2</nestedLevel>
</record>
<record>
  <date>2020-03-03T10:49:28</date>
  <millis>1583246968685</millis>
  <sequence>249</sequence>
  <level>END</level>
  <class>com.kms.katalon.core.logging.XmlKeywordLogger</class>
  <method>endKeyword</method>
  <thread>1</thread>
  <message>End action : click(findTestObject(\&amp;quot;Object Repository/Page_Index - KAIZEN/mi_btn_agregar\&amp;quot;))</message>
  <nestedLevel>1</nestedLevel>
</record>
<record>
  <date>2020-03-03T10:49:28</date>
  <millis>1583246968685</millis>
  <sequence>250</sequence>
  <level>START</level>
  <class>com.kms.katalon.core.logging.XmlKeywordLogger</class>
  <method>startKeyword</method>
  <thread>1</thread>
  <message>Start action : selectOptionByValue(findTestObject(\&amp;quot;Object Repository/Page_Create - KAIZEN/mi_select_concepto\&amp;quot;), concepto, true)</message>
  <nestedLevel>1</nestedLevel>
  <property name="startLine">52</property>
  <property name="stepIndex">14</property>
</record>
<record>
  <date>2020-03-03T10:49:30</date>
  <millis>1583246970516</millis>
  <sequence>263</sequence>
  <level>PASSED</level>
  <class>com.kms.katalon.core.logging.XmlKeywordLogger</class>
  <method>logMessage</method>
  <thread>1</thread>
  <message>All options with value &amp;apos;EntradaDeMercancias&amp;apos; are selected in object &amp;apos;Object Repository/Page_Create - KAIZEN/mi_select_concepto&amp;apos;  using regular expression</message>
  <nestedLevel>2</nestedLevel>
</record>
<record>
  <date>2020-03-03T10:49:30</date>
  <millis>1583246970517</millis>
  <sequence>264</sequence>
  <level>END</level>
  <class>com.kms.katalon.core.logging.XmlKeywordLogger</class>
  <method>endKeyword</method>
  <thread>1</thread>
  <message>End action : selectOptionByValue(findTestObject(\&amp;quot;Object Repository/Page_Create - KAIZEN/mi_select_concepto\&amp;quot;), concepto, true)</message>
  <nestedLevel>1</nestedLevel>
</record>
<record>
  <date>2020-03-03T10:49:30</date>
  <millis>1583246970517</millis>
  <sequence>265</sequence>
  <level>START</level>
  <class>com.kms.katalon.core.logging.XmlKeywordLogger</class>
  <method>startKeyword</method>
  <thread>1</thread>
  <message>Start action : selectOptionByValue(findTestObject(\&amp;quot;Object Repository/Page_Create - KAIZEN/mi_select_motivo\&amp;quot;), motivo, true)</message>
  <nestedLevel>1</nestedLevel>
  <property name="startLine">54</property>
  <property name="stepIndex">15</property>
</record>
<record>
  <date>2020-03-03T10:49:31</date>
  <millis>1583246971763</millis>
  <sequence>278</sequence>
  <level>PASSED</level>
  <class>com.kms.katalon.core.logging.XmlKeywordLogger</class>
  <method>logMessage</method>
  <thread>1</thread>
  <message>All options with value &amp;apos;CompraProductos&amp;apos; are selected in object &amp;apos;Object Repository/Page_Create - KAIZEN/mi_select_motivo&amp;apos;  using regular expression</message>
  <nestedLevel>2</nestedLevel>
</record>
<record>
  <date>2020-03-03T10:49:31</date>
  <millis>1583246971764</millis>
  <sequence>279</sequence>
  <level>END</level>
  <class>com.kms.katalon.core.logging.XmlKeywordLogger</class>
  <method>endKeyword</method>
  <thread>1</thread>
  <message>End action : selectOptionByValue(findTestObject(\&amp;quot;Object Repository/Page_Create - KAIZEN/mi_select_motivo\&amp;quot;), motivo, true)</message>
  <nestedLevel>1</nestedLevel>
</record>
<record>
  <date>2020-03-03T10:49:31</date>
  <millis>1583246971764</millis>
  <sequence>280</sequence>
  <level>START</level>
  <class>com.kms.katalon.core.logging.XmlKeywordLogger</class>
  <method>startKeyword</method>
  <thread>1</thread>
  <message>Start action : click(findTestObject(\&amp;quot;Object Repository/Page_Create - KAIZEN/mi_select_buscar_Producto\&amp;quot;))</message>
  <nestedLevel>1</nestedLevel>
  <property name="startLine">56</property>
  <property name="stepIndex">16</property>
</record>
<record>
  <date>2020-03-03T10:49:32</date>
  <millis>1583246972368</millis>
  <sequence>291</sequence>
  <level>PASSED</level>
  <class>com.kms.katalon.core.logging.XmlKeywordLogger</class>
  <method>logMessage</method>
  <thread>1</thread>
  <message>Object: &amp;apos;Object Repository/Page_Create - KAIZEN/mi_select_buscar_Producto&amp;apos; is clicked on</message>
  <nestedLevel>2</nestedLevel>
</record>
<record>
  <date>2020-03-03T10:49:32</date>
  <millis>1583246972369</millis>
  <sequence>292</sequence>
  <level>END</level>
  <class>com.kms.katalon.core.logging.XmlKeywordLogger</class>
  <method>endKeyword</method>
  <thread>1</thread>
  <message>End action : click(findTestObject(\&amp;quot;Object Repository/Page_Create - KAIZEN/mi_select_buscar_Producto\&amp;quot;))</message>
  <nestedLevel>1</nestedLevel>
</record>
<record>
  <date>2020-03-03T10:49:32</date>
  <millis>1583246972369</millis>
  <sequence>293</sequence>
  <level>START</level>
  <class>com.kms.katalon.core.logging.XmlKeywordLogger</class>
  <method>startKeyword</method>
  <thread>1</thread>
  <message>Start action : setText(findTestObject(\&amp;quot;Object Repository/Page_Create - KAIZEN/mi_assing_producto\&amp;quot;), codProducto)</message>
  <nestedLevel>1</nestedLevel>
  <property name="startLine">58</property>
  <property name="stepIndex">17</property>
</record>
<record>
  <date>2020-03-03T10:49:33</date>
  <millis>1583246973355</millis>
  <sequence>304</sequence>
  <level>PASSED</level>
  <class>com.kms.katalon.core.logging.XmlKeywordLogger</class>
  <method>logMessage</method>
  <thread>1</thread>
  <message>Text &amp;apos;2663-909-114&amp;apos; is set on object &amp;apos;Object Repository/Page_Create - KAIZEN/mi_assing_producto&amp;apos;</message>
  <nestedLevel>2</nestedLevel>
</record>
<record>
  <date>2020-03-03T10:49:33</date>
  <millis>1583246973356</millis>
  <sequence>305</sequence>
  <level>END</level>
  <class>com.kms.katalon.core.logging.XmlKeywordLogger</class>
  <method>endKeyword</method>
  <thread>1</thread>
  <message>End action : setText(findTestObject(\&amp;quot;Object Repository/Page_Create - KAIZEN/mi_assing_producto\&amp;quot;), codProducto)</message>
  <nestedLevel>1</nestedLevel>
</record>
<record>
  <date>2020-03-03T10:49:33</date>
  <millis>1583246973356</millis>
  <sequence>306</sequence>
  <level>START</level>
  <class>com.kms.katalon.core.logging.XmlKeywordLogger</class>
  <method>startKeyword</method>
  <thread>1</thread>
  <message>Start action : sendKeys(findTestObject(\&amp;quot;Object Repository/Page_Create - KAIZEN/mi_assing_producto\&amp;quot;), Keys.chord(ENTER))</message>
  <nestedLevel>1</nestedLevel>
  <property name="startLine">60</property>
  <property name="stepIndex">18</property>
</record>
<record>
  <date>2020-03-03T10:49:33</date>
  <millis>1583246973828</millis>
  <sequence>314</sequence>
  <level>PASSED</level>
  <class>com.kms.katalon.core.logging.XmlKeywordLogger</class>
  <method>logMessage</method>
  <thread>1</thread>
  <message>Keys &amp;apos;ENTER + &amp;apos; sent to object: &amp;apos;Object Repository/Page_Create - KAIZEN/mi_assing_producto&amp;apos;</message>
  <nestedLevel>2</nestedLevel>
</record>
<record>
  <date>2020-03-03T10:49:33</date>
  <millis>1583246973828</millis>
  <sequence>315</sequence>
  <level>END</level>
  <class>com.kms.katalon.core.logging.XmlKeywordLogger</class>
  <method>endKeyword</method>
  <thread>1</thread>
  <message>End action : sendKeys(findTestObject(\&amp;quot;Object Repository/Page_Create - KAIZEN/mi_assing_producto\&amp;quot;), Keys.chord(ENTER))</message>
  <nestedLevel>1</nestedLevel>
</record>
<record>
  <date>2020-03-03T10:49:33</date>
  <millis>1583246973829</millis>
  <sequence>316</sequence>
  <level>START</level>
  <class>com.kms.katalon.core.logging.XmlKeywordLogger</class>
  <method>startKeyword</method>
  <thread>1</thread>
  <message>Start action : setText(findTestObject(\&amp;quot;Object Repository/Page_Create - KAIZEN/mi_assing_cantidad\&amp;quot;), cantidad)</message>
  <nestedLevel>1</nestedLevel>
  <property name="startLine">62</property>
  <property name="stepIndex">19</property>
</record>
<record>
  <date>2020-03-03T10:49:34</date>
  <millis>1583246974467</millis>
  <sequence>327</sequence>
  <level>PASSED</level>
  <class>com.kms.katalon.core.logging.XmlKeywordLogger</class>
  <method>logMessage</method>
  <thread>1</thread>
  <message>Text &amp;apos;4348193&amp;apos; is set on object &amp;apos;Object Repository/Page_Create - KAIZEN/mi_assing_cantidad&amp;apos;</message>
  <nestedLevel>2</nestedLevel>
</record>
<record>
  <date>2020-03-03T10:49:34</date>
  <millis>1583246974467</millis>
  <sequence>328</sequence>
  <level>END</level>
  <class>com.kms.katalon.core.logging.XmlKeywordLogger</class>
  <method>endKeyword</method>
  <thread>1</thread>
  <message>End action : setText(findTestObject(\&amp;quot;Object Repository/Page_Create - KAIZEN/mi_assing_cantidad\&amp;quot;), cantidad)</message>
  <nestedLevel>1</nestedLevel>
</record>
<record>
  <date>2020-03-03T10:49:34</date>
  <millis>1583246974468</millis>
  <sequence>329</sequence>
  <level>START</level>
  <class>com.kms.katalon.core.logging.XmlKeywordLogger</class>
  <method>startKeyword</method>
  <thread>1</thread>
  <message>Start action : sendKeys(findTestObject(\&amp;quot;Object Repository/Page_Create - KAIZEN/mi_assing_cantidad\&amp;quot;), Keys.chord(ENTER))</message>
  <nestedLevel>1</nestedLevel>
  <property name="startLine">64</property>
  <property name="stepIndex">20</property>
</record>
<record>
  <date>2020-03-03T10:49:34</date>
  <millis>1583246974796</millis>
  <sequence>337</sequence>
  <level>PASSED</level>
  <class>com.kms.katalon.core.logging.XmlKeywordLogger</class>
  <method>logMessage</method>
  <thread>1</thread>
  <message>Keys &amp;apos;ENTER + &amp;apos; sent to object: &amp;apos;Object Repository/Page_Create - KAIZEN/mi_assing_cantidad&amp;apos;</message>
  <nestedLevel>2</nestedLevel>
</record>
<record>
  <date>2020-03-03T10:49:34</date>
  <millis>1583246974797</millis>
  <sequence>338</sequence>
  <level>END</level>
  <class>com.kms.katalon.core.logging.XmlKeywordLogger</class>
  <method>endKeyword</method>
  <thread>1</thread>
  <message>End action : sendKeys(findTestObject(\&amp;quot;Object Repository/Page_Create - KAIZEN/mi_assing_cantidad\&amp;quot;), Keys.chord(ENTER))</message>
  <nestedLevel>1</nestedLevel>
</record>
<record>
  <date>2020-03-03T10:49:34</date>
  <millis>1583246974797</millis>
  <sequence>339</sequence>
  <level>START</level>
  <class>com.kms.katalon.core.logging.XmlKeywordLogger</class>
  <method>startKeyword</method>
  <thread>1</thread>
  <message>Start action : delay(5)</message>
  <nestedLevel>1</nestedLevel>
  <property name="startLine">66</property>
  <property name="stepIndex">21</property>
</record>
<record>
  <date>2020-03-03T10:49:39</date>
  <millis>1583246979807</millis>
  <sequence>341</sequence>
  <level>PASSED</level>
  <class>com.kms.katalon.core.logging.XmlKeywordLogger</class>
  <method>logMessage</method>
  <thread>1</thread>
  <message>Delayed 5 second(s)</message>
  <nestedLevel>2</nestedLevel>
</record>
<record>
  <date>2020-03-03T10:49:39</date>
  <millis>1583246979807</millis>
  <sequence>342</sequence>
  <level>END</level>
  <class>com.kms.katalon.core.logging.XmlKeywordLogger</class>
  <method>endKeyword</method>
  <thread>1</thread>
  <message>End action : delay(5)</message>
  <nestedLevel>1</nestedLevel>
</record>
<record>
  <date>2020-03-03T10:49:39</date>
  <millis>1583246979808</millis>
  <sequence>343</sequence>
  <level>START</level>
  <class>com.kms.katalon.core.logging.XmlKeywordLogger</class>
  <method>startKeyword</method>
  <thread>1</thread>
  <message>Start action : modal = executeJavaScript(\&amp;quot;return document.querySelector(&amp;apos;.swal2-popup&amp;apos;);\&amp;quot;, null)</message>
  <nestedLevel>1</nestedLevel>
  <property name="startLine">68</property>
  <property name="stepIndex">22</property>
</record>
<record>
  <date>2020-03-03T10:49:39</date>
  <millis>1583246979838</millis>
  <sequence>344</sequence>
  <level>PASSED</level>
  <class>com.kms.katalon.core.logging.XmlKeywordLogger</class>
  <method>logMessage</method>
  <thread>1</thread>
  <message>Execute JavaScript &amp;apos;return document.querySelector(&amp;apos;.swal2-popup&amp;apos;);&amp;apos; successfully</message>
  <nestedLevel>2</nestedLevel>
</record>
<record>
  <date>2020-03-03T10:49:39</date>
  <millis>1583246979839</millis>
  <sequence>345</sequence>
  <level>END</level>
  <class>com.kms.katalon.core.logging.XmlKeywordLogger</class>
  <method>endKeyword</method>
  <thread>1</thread>
  <message>End action : modal = executeJavaScript(\&amp;quot;return document.querySelector(&amp;apos;.swal2-popup&amp;apos;);\&amp;quot;, null)</message>
  <nestedLevel>1</nestedLevel>
</record>
<record>
  <date>2020-03-03T10:49:39</date>
  <millis>1583246979839</millis>
  <sequence>346</sequence>
  <level>START</level>
  <class>com.kms.katalon.core.logging.XmlKeywordLogger</class>
  <method>startKeyword</method>
  <thread>1</thread>
  <message>Start action : if (modal == null)</message>
  <nestedLevel>1</nestedLevel>
  <property name="startLine">70</property>
  <property name="stepIndex">23</property>
</record>
<record>
  <date>2020-03-03T10:49:39</date>
  <millis>1583246979839</millis>
  <sequence>347</sequence>
  <level>START</level>
  <class>com.kms.katalon.core.logging.XmlKeywordLogger</class>
  <method>startKeyword</method>
  <thread>1</thread>
  <message>Start action : print(modal)</message>
  <nestedLevel>2</nestedLevel>
  <property name="startLine">72</property>
  <property name="stepIndex">1</property>
</record>
<record>
  <date>2020-03-03T10:49:39</date>
  <millis>1583246979845</millis>
  <sequence>348</sequence>
  <level>END</level>
  <class>com.kms.katalon.core.logging.XmlKeywordLogger</class>
  <method>endKeyword</method>
  <thread>1</thread>
  <message>End action : print(modal)</message>
  <nestedLevel>2</nestedLevel>
</record>
<record>
  <date>2020-03-03T10:49:39</date>
  <millis>1583246979846</millis>
  <sequence>349</sequence>
  <level>START</level>
  <class>com.kms.katalon.core.logging.XmlKeywordLogger</class>
  <method>startKeyword</method>
  <thread>1</thread>
  <message>Start action : if (motivo == \&amp;quot;EntradaPorFabricacion\&amp;quot;)</message>
  <nestedLevel>2</nestedLevel>
  <property name="startLine">76</property>
  <property name="stepIndex">2</property>
</record>
<record>
  <date>2020-03-03T10:49:39</date>
  <millis>1583246979846</millis>
  <sequence>350</sequence>
  <level>END</level>
  <class>com.kms.katalon.core.logging.XmlKeywordLogger</class>
  <method>endKeyword</method>
  <thread>1</thread>
  <message>End action : if (motivo == \&amp;quot;EntradaPorFabricacion\&amp;quot;)</message>
  <nestedLevel>2</nestedLevel>
</record>
<record>
  <date>2020-03-03T10:49:39</date>
  <millis>1583246979846</millis>
  <sequence>351</sequence>
  <level>START</level>
  <class>com.kms.katalon.core.logging.XmlKeywordLogger</class>
  <method>startKeyword</method>
  <thread>1</thread>
  <message>Start action : else</message>
  <nestedLevel>2</nestedLevel>
  <property name="startLine">81</property>
  <property name="stepIndex">3</property>
</record>
<record>
  <date>2020-03-03T10:49:39</date>
  <millis>1583246979847</millis>
  <sequence>352</sequence>
  <level>START</level>
  <class>com.kms.katalon.core.logging.XmlKeywordLogger</class>
  <method>startKeyword</method>
  <thread>1</thread>
  <message>Start action : selectOptionByValue(findTestObject(\&amp;quot;Object Repository/Page_Create - KAIZEN/mi_assing_almacen1\&amp;quot;), IdAlmacen1, true)</message>
  <nestedLevel>3</nestedLevel>
  <property name="startLine">82</property>
  <property name="stepIndex">1</property>
</record>
<record>
  <date>2020-03-03T10:49:41</date>
  <millis>1583246981338</millis>
  <sequence>365</sequence>
  <level>PASSED</level>
  <class>com.kms.katalon.core.logging.XmlKeywordLogger</class>
  <method>logMessage</method>
  <thread>1</thread>
  <message>All options with value &amp;apos;1&amp;apos; are selected in object &amp;apos;Object Repository/Page_Create - KAIZEN/mi_assing_almacen1&amp;apos;  using regular expression</message>
  <nestedLevel>2</nestedLevel>
</record>
<record>
  <date>2020-03-03T10:49:41</date>
  <millis>1583246981339</millis>
  <sequence>366</sequence>
  <level>END</level>
  <class>com.kms.katalon.core.logging.XmlKeywordLogger</class>
  <method>endKeyword</method>
  <thread>1</thread>
  <message>End action : selectOptionByValue(findTestObject(\&amp;quot;Object Repository/Page_Create - KAIZEN/mi_assing_almacen1\&amp;quot;), IdAlmacen1, true)</message>
  <nestedLevel>3</nestedLevel>
</record>
<record>
  <date>2020-03-03T10:49:41</date>
  <millis>1583246981339</millis>
  <sequence>367</sequence>
  <level>START</level>
  <class>com.kms.katalon.core.logging.XmlKeywordLogger</class>
  <method>startKeyword</method>
  <thread>1</thread>
  <message>Start action : if (concepto == \&amp;quot;TransferenciaDeMercancias\&amp;quot;)</message>
  <nestedLevel>3</nestedLevel>
  <property name="startLine">85</property>
  <property name="stepIndex">2</property>
</record>
<record>
  <date>2020-03-03T10:49:41</date>
  <millis>1583246981340</millis>
  <sequence>368</sequence>
  <level>END</level>
  <class>com.kms.katalon.core.logging.XmlKeywordLogger</class>
  <method>endKeyword</method>
  <thread>1</thread>
  <message>End action : if (concepto == \&amp;quot;TransferenciaDeMercancias\&amp;quot;)</message>
  <nestedLevel>3</nestedLevel>
</record>
<record>
  <date>2020-03-03T10:49:41</date>
  <millis>1583246981340</millis>
  <sequence>369</sequence>
  <level>START</level>
  <class>com.kms.katalon.core.logging.XmlKeywordLogger</class>
  <method>startKeyword</method>
  <thread>1</thread>
  <message>Start action : else</message>
  <nestedLevel>3</nestedLevel>
  <property name="startLine">92</property>
  <property name="stepIndex">3</property>
</record>
<record>
  <date>2020-03-03T10:49:41</date>
  <millis>1583246981341</millis>
  <sequence>370</sequence>
  <level>START</level>
  <class>com.kms.katalon.core.logging.XmlKeywordLogger</class>
  <method>startKeyword</method>
  <thread>1</thread>
  <message>Start action : click(findTestObject(\&amp;quot;Object Repository/Page_Create - KAIZEN/mi_btn_Guardar\&amp;quot;))</message>
  <nestedLevel>4</nestedLevel>
  <property name="startLine">93</property>
  <property name="stepIndex">1</property>
</record>
