<?xml version="1.0" encoding="UTF-8" standalone="no"?>
<!DOCTYPE log SYSTEM "logger.dtd">
<log>
<record>
  <date>2020-03-10T10:25:10</date>
  <millis>1583850310801</millis>
  <sequence>0</sequence>
  <level>START</level>
  <class>com.kms.katalon.core.logging.XmlKeywordLogger</class>
  <method>startSuite</method>
  <thread>1</thread>
  <message>Start Test Suite : Test Suites/Funcionalidades_Pedidos/Flujo Completo 40 pies</message>
  <nestedLevel>0</nestedLevel>
  <property name="name">Flujo Completo 40 pies</property>
  <property name="description"></property>
  <property name="id">Test Suites/Funcionalidades_Pedidos/Flujo Completo 40 pies</property>
</record>
<record>
  <date>2020-03-10T10:25:10</date>
  <millis>1583850310819</millis>
  <sequence>1</sequence>
  <level>RUN_DATA</level>
  <class>com.kms.katalon.core.logging.XmlKeywordLogger</class>
  <method>logMessage</method>
  <thread>1</thread>
  <message>hostName = kaizen - LAPTOP-K43U1BVQ</message>
  <nestedLevel>0</nestedLevel>
  <property name="hostName">kaizen - LAPTOP-K43U1BVQ</property>
</record>
<record>
  <date>2020-03-10T10:25:10</date>
  <millis>1583850310820</millis>
  <sequence>2</sequence>
  <level>RUN_DATA</level>
  <class>com.kms.katalon.core.logging.XmlKeywordLogger</class>
  <method>logMessage</method>
  <thread>1</thread>
  <message>os = Windows 10 64bit</message>
  <nestedLevel>0</nestedLevel>
  <property name="os">Windows 10 64bit</property>
</record>
<record>
  <date>2020-03-10T10:25:10</date>
  <millis>1583850310821</millis>
  <sequence>3</sequence>
  <level>RUN_DATA</level>
  <class>com.kms.katalon.core.logging.XmlKeywordLogger</class>
  <method>logMessage</method>
  <thread>1</thread>
  <message>hostAddress = 192.168.99.1</message>
  <nestedLevel>0</nestedLevel>
  <property name="hostAddress">192.168.99.1</property>
</record>
<record>
  <date>2020-03-10T10:25:10</date>
  <millis>1583850310822</millis>
  <sequence>4</sequence>
  <level>RUN_DATA</level>
  <class>com.kms.katalon.core.logging.XmlKeywordLogger</class>
  <method>logMessage</method>
  <thread>1</thread>
  <message>katalonVersion = 7.2.1.1</message>
  <nestedLevel>0</nestedLevel>
  <property name="katalonVersion">7.2.1.1</property>
</record>
<record>
  <date>2020-03-10T10:25:11</date>
  <millis>1583850311256</millis>
  <sequence>5</sequence>
  <level>START</level>
  <class>com.kms.katalon.core.logging.XmlKeywordLogger</class>
  <method>startTest</method>
  <thread>1</thread>
  <message>Start Test Case : Test Cases/Generar_Excels_Secuencias/TC_Generar_Excel_Aprobaciones</message>
  <nestedLevel>1</nestedLevel>
  <property name="name">Test Cases/Generar_Excels_Secuencias/TC_Generar_Excel_Aprobaciones</property>
  <property name="description"></property>
  <property name="id">Test Cases/Generar_Excels_Secuencias/TC_Generar_Excel_Aprobaciones</property>
  <property name="source">C:\\Users\\kaizen\\git\\AutomatizacionKatalon\\Test Cases\\Generar_Excels_Secuencias\\TC_Generar_Excel_Aprobaciones.tc</property>
  <property name="tag"></property>
  <property name="isOptional">false</property>
</record>
<record>
  <date>2020-03-10T10:25:11</date>
  <millis>1583850311657</millis>
  <sequence>7</sequence>
  <level>START</level>
  <class>com.kms.katalon.core.logging.XmlKeywordLogger</class>
  <method>startKeyword</method>
  <thread>1</thread>
  <message>Start action : python.ejecutarAleatoriosPython.runPython(\&amp;quot;Aprobar\&amp;quot;)</message>
  <nestedLevel>1</nestedLevel>
  <property name="startLine">18</property>
  <property name="stepIndex">1</property>
</record>
<record>
  <date>2020-03-10T10:25:41</date>
  <millis>1583850341057</millis>
  <sequence>8</sequence>
  <level>PASSED</level>
  <class>com.kms.katalon.core.logging.XmlKeywordLogger</class>
  <method>logMessage</method>
  <thread>1</thread>
  <message>python.ejecutarAleatoriosPython.runPython is PASSED</message>
  <nestedLevel>1</nestedLevel>
</record>
<record>
  <date>2020-03-10T10:25:41</date>
  <millis>1583850341058</millis>
  <sequence>9</sequence>
  <level>END</level>
  <class>com.kms.katalon.core.logging.XmlKeywordLogger</class>
  <method>endKeyword</method>
  <thread>1</thread>
  <message>End action : python.ejecutarAleatoriosPython.runPython(\&amp;quot;Aprobar\&amp;quot;)</message>
  <nestedLevel>1</nestedLevel>
</record>
<record>
  <date>2020-03-10T10:25:41</date>
  <millis>1583850341058</millis>
  <sequence>10</sequence>
  <level>PASSED</level>
  <class>com.kms.katalon.core.logging.XmlKeywordLogger</class>
  <method>logMessage</method>
  <thread>1</thread>
  <message>Test Cases/Generar_Excels_Secuencias/TC_Generar_Excel_Aprobaciones</message>
  <nestedLevel>1</nestedLevel>
</record>
<record>
  <date>2020-03-10T10:25:41</date>
  <millis>1583850341059</millis>
  <sequence>11</sequence>
  <level>END</level>
  <class>com.kms.katalon.core.logging.XmlKeywordLogger</class>
  <method>endTest</method>
  <thread>1</thread>
  <message>End Test Case : Test Cases/Generar_Excels_Secuencias/TC_Generar_Excel_Aprobaciones</message>
  <nestedLevel>0</nestedLevel>
</record>
<record>
  <date>2020-03-10T10:25:41</date>
  <millis>1583850341224</millis>
  <sequence>12</sequence>
  <level>START</level>
  <class>com.kms.katalon.core.logging.XmlKeywordLogger</class>
  <method>startTest</method>
  <thread>1</thread>
  <message>Start Test Case : Test Cases/Secuencias de Ejecucion/TC_Agregar_Inventario</message>
  <nestedLevel>1</nestedLevel>
  <property name="name">Test Cases/Secuencias de Ejecucion/TC_Agregar_Inventario</property>
  <property name="description"></property>
  <property name="id">Test Cases/Secuencias de Ejecucion/TC_Agregar_Inventario</property>
  <property name="source">C:\\Users\\kaizen\\git\\AutomatizacionKatalon\\Test Cases\\Secuencias de Ejecucion\\TC_Agregar_Inventario.tc</property>
  <property name="tag"></property>
  <property name="isOptional">false</property>
</record>
<record>
  <date>2020-03-10T10:25:41</date>
  <millis>1583850341517</millis>
  <sequence>14</sequence>
  <level>START</level>
  <class>com.kms.katalon.core.logging.XmlKeywordLogger</class>
  <method>startKeyword</method>
  <thread>1</thread>
  <message>Start action : archivo = $RunConfiguration.getProjectDir()/Pedidos/DataExcel/Inventario_20pies.xlsx</message>
  <nestedLevel>1</nestedLevel>
  <property name="startLine">21</property>
  <property name="stepIndex">1</property>
</record>
<record>
  <date>2020-03-10T10:25:41</date>
  <millis>1583850341553</millis>
  <sequence>15</sequence>
  <level>END</level>
  <class>com.kms.katalon.core.logging.XmlKeywordLogger</class>
  <method>endKeyword</method>
  <thread>1</thread>
  <message>End action : archivo = $RunConfiguration.getProjectDir()/Pedidos/DataExcel/Inventario_20pies.xlsx</message>
  <nestedLevel>1</nestedLevel>
</record>
<record>
  <date>2020-03-10T10:25:41</date>
  <millis>1583850341554</millis>
  <sequence>16</sequence>
  <level>START</level>
  <class>com.kms.katalon.core.logging.XmlKeywordLogger</class>
  <method>startKeyword</method>
  <thread>1</thread>
  <message>Start action : excelData = getExcelDataWithDefaultSheet(archivo, \&amp;quot;Sheet1\&amp;quot;, true)</message>
  <nestedLevel>1</nestedLevel>
  <property name="startLine">23</property>
  <property name="stepIndex">2</property>
</record>
<record>
  <date>2020-03-10T10:25:42</date>
  <millis>1583850342306</millis>
  <sequence>17</sequence>
  <level>END</level>
  <class>com.kms.katalon.core.logging.XmlKeywordLogger</class>
  <method>endKeyword</method>
  <thread>1</thread>
  <message>End action : excelData = getExcelDataWithDefaultSheet(archivo, \&amp;quot;Sheet1\&amp;quot;, true)</message>
  <nestedLevel>1</nestedLevel>
</record>
<record>
  <date>2020-03-10T10:25:42</date>
  <millis>1583850342306</millis>
  <sequence>18</sequence>
  <level>START</level>
  <class>com.kms.katalon.core.logging.XmlKeywordLogger</class>
  <method>startKeyword</method>
  <thread>1</thread>
  <message>Start action : for ([Index = 1, Index &amp;lt;= excelData.getRowNumbers(), (Index++)])</message>
  <nestedLevel>1</nestedLevel>
  <property name="startLine">25</property>
  <property name="stepIndex">3</property>
</record>
<record>
  <date>2020-03-10T10:25:42</date>
  <millis>1583850342323</millis>
  <sequence>19</sequence>
  <level>START</level>
  <class>com.kms.katalon.core.logging.XmlKeywordLogger</class>
  <method>startKeyword</method>
  <thread>1</thread>
  <message>Start action : callTestCase(findTestCase(\&amp;quot;Individual_Tests/Login\&amp;quot;), [\&amp;quot;Evento\&amp;quot;:\&amp;quot;Inventario\&amp;quot;, \&amp;quot;Index\&amp;quot;:Index], STOP_ON_FAILURE)</message>
  <nestedLevel>2</nestedLevel>
  <property name="startLine">30</property>
  <property name="stepIndex">1</property>
</record>
<record>
  <date>2020-03-10T10:25:42</date>
  <millis>1583850342473</millis>
  <sequence>22</sequence>
  <level>START</level>
  <class>com.kms.katalon.core.logging.XmlKeywordLogger</class>
  <method>startTest</method>
  <thread>1</thread>
  <message>Start Test Case : Test Cases/Individual_Tests/Login</message>
  <nestedLevel>2</nestedLevel>
  <property name="name">Test Cases/Individual_Tests/Login</property>
  <property name="description"></property>
  <property name="id">Test Cases/Individual_Tests/Login</property>
  <property name="source">C:\\Users\\kaizen\\git\\AutomatizacionKatalon\\Test Cases\\Individual_Tests\\Login.tc</property>
  <property name="tag"></property>
  <property name="isOptional">false</property>
</record>
<record>
  <date>2020-03-10T10:25:42</date>
  <millis>1583850342521</millis>
  <sequence>24</sequence>
  <level>INFO</level>
  <class>com.kms.katalon.core.logging.XmlKeywordLogger</class>
  <method>logMessage</method>
  <thread>1</thread>
  <message>Index = 1</message>
  <nestedLevel>2</nestedLevel>
</record>
<record>
  <date>2020-03-10T10:25:42</date>
  <millis>1583850342523</millis>
  <sequence>25</sequence>
  <level>INFO</level>
  <class>com.kms.katalon.core.logging.XmlKeywordLogger</class>
  <method>logMessage</method>
  <thread>1</thread>
  <message>Evento = Inventario</message>
  <nestedLevel>2</nestedLevel>
</record>
<record>
  <date>2020-03-10T10:25:42</date>
  <millis>1583850342990</millis>
  <sequence>26</sequence>
  <level>START</level>
  <class>com.kms.katalon.core.logging.XmlKeywordLogger</class>
  <method>startKeyword</method>
  <thread>1</thread>
  <message>Start action : print(\&amp;quot;Evento Seleccionado: \&amp;quot; + Evento + \&amp;quot;\n\&amp;quot;)</message>
  <nestedLevel>1</nestedLevel>
  <property name="startLine">19</property>
  <property name="stepIndex">1</property>
</record>
<record>
  <date>2020-03-10T10:25:42</date>
  <millis>1583850342999</millis>
  <sequence>27</sequence>
  <level>END</level>
  <class>com.kms.katalon.core.logging.XmlKeywordLogger</class>
  <method>endKeyword</method>
  <thread>1</thread>
  <message>End action : print(\&amp;quot;Evento Seleccionado: \&amp;quot; + Evento + \&amp;quot;\n\&amp;quot;)</message>
  <nestedLevel>1</nestedLevel>
</record>
<record>
  <date>2020-03-10T10:25:43</date>
  <millis>1583850343000</millis>
  <sequence>28</sequence>
  <level>START</level>
  <class>com.kms.katalon.core.logging.XmlKeywordLogger</class>
  <method>startKeyword</method>
  <thread>1</thread>
  <message>Start action : openBrowser(Web)</message>
  <nestedLevel>1</nestedLevel>
  <property name="startLine">21</property>
  <property name="stepIndex">2</property>
</record>
<record>
  <date>2020-03-10T10:25:43</date>
  <millis>1583850343910</millis>
  <sequence>30</sequence>
  <level>INFO</level>
  <class>com.kms.katalon.core.logging.XmlKeywordLogger</class>
  <method>logMessage</method>
  <thread>1</thread>
  <message>Starting &amp;apos;Chrome&amp;apos; driver</message>
  <nestedLevel>2</nestedLevel>
</record>
<record>
  <date>2020-03-10T10:25:44</date>
  <millis>1583850344023</millis>
  <sequence>32</sequence>
  <level>INFO</level>
  <class>com.kms.katalon.core.logging.XmlKeywordLogger</class>
  <method>logMessage</method>
  <thread>1</thread>
  <message>Action delay is set to 0 seconds</message>
  <nestedLevel>2</nestedLevel>
</record>
