<?xml version="1.0" encoding="UTF-8" standalone="no"?>
<!DOCTYPE log SYSTEM "logger.dtd">
<log>
<record>
  <date>2020-02-24T12:32:51</date>
  <millis>1582561971829</millis>
  <sequence>0</sequence>
  <level>START</level>
  <class>com.kms.katalon.core.logging.XmlKeywordLogger</class>
  <method>startSuite</method>
  <thread>1</thread>
  <message>Start Test Suite : Test Suites/Funcionalidades_Pedidos/Flujo Completo Mov Inventario</message>
  <nestedLevel>0</nestedLevel>
  <property name="name">Flujo Completo Mov Inventario</property>
  <property name="description"></property>
  <property name="id">Test Suites/Funcionalidades_Pedidos/Flujo Completo Mov Inventario</property>
</record>
<record>
  <date>2020-02-24T12:32:51</date>
  <millis>1582561971864</millis>
  <sequence>1</sequence>
  <level>RUN_DATA</level>
  <class>com.kms.katalon.core.logging.XmlKeywordLogger</class>
  <method>logMessage</method>
  <thread>1</thread>
  <message>hostName = kaizen - LAPTOP-K43U1BVQ</message>
  <nestedLevel>0</nestedLevel>
  <property name="hostName">kaizen - LAPTOP-K43U1BVQ</property>
</record>
<record>
  <date>2020-02-24T12:32:51</date>
  <millis>1582561971865</millis>
  <sequence>2</sequence>
  <level>RUN_DATA</level>
  <class>com.kms.katalon.core.logging.XmlKeywordLogger</class>
  <method>logMessage</method>
  <thread>1</thread>
  <message>os = Windows 10 64bit</message>
  <nestedLevel>0</nestedLevel>
  <property name="os">Windows 10 64bit</property>
</record>
<record>
  <date>2020-02-24T12:32:51</date>
  <millis>1582561971866</millis>
  <sequence>3</sequence>
  <level>RUN_DATA</level>
  <class>com.kms.katalon.core.logging.XmlKeywordLogger</class>
  <method>logMessage</method>
  <thread>1</thread>
  <message>hostAddress = 192.168.99.1</message>
  <nestedLevel>0</nestedLevel>
  <property name="hostAddress">192.168.99.1</property>
</record>
<record>
  <date>2020-02-24T12:32:51</date>
  <millis>1582561971868</millis>
  <sequence>4</sequence>
  <level>RUN_DATA</level>
  <class>com.kms.katalon.core.logging.XmlKeywordLogger</class>
  <method>logMessage</method>
  <thread>1</thread>
  <message>katalonVersion = 7.2.1.1</message>
  <nestedLevel>0</nestedLevel>
  <property name="katalonVersion">7.2.1.1</property>
</record>
<record>
  <date>2020-02-24T12:32:52</date>
  <millis>1582561972784</millis>
  <sequence>5</sequence>
  <level>START</level>
  <class>com.kms.katalon.core.logging.XmlKeywordLogger</class>
  <method>startTest</method>
  <thread>1</thread>
  <message>Start Test Case : Test Cases/Generar_Excels_Secuencias/TC_Generar_Excel_ProductoAlmacen</message>
  <nestedLevel>1</nestedLevel>
  <property name="name">Test Cases/Generar_Excels_Secuencias/TC_Generar_Excel_ProductoAlmacen</property>
  <property name="description"></property>
  <property name="id">Test Cases/Generar_Excels_Secuencias/TC_Generar_Excel_ProductoAlmacen</property>
  <property name="source">C:\\Users\\kaizen\\git\\AutomatizacionKatalon\\Test Cases\\Generar_Excels_Secuencias\\TC_Generar_Excel_ProductoAlmacen.tc</property>
  <property name="tag"></property>
  <property name="isOptional">false</property>
</record>
<record>
  <date>2020-02-24T12:32:53</date>
  <millis>1582561973616</millis>
  <sequence>7</sequence>
  <level>START</level>
  <class>com.kms.katalon.core.logging.XmlKeywordLogger</class>
  <method>startKeyword</method>
  <thread>1</thread>
  <message>Start action : python.ejecutarAleatoriosPython.runPython(\&amp;quot;ProductoAlmacen\&amp;quot;)</message>
  <nestedLevel>1</nestedLevel>
  <property name="startLine">18</property>
  <property name="stepIndex">1</property>
</record>
<record>
  <date>2020-02-24T12:33:01</date>
  <millis>1582561981488</millis>
  <sequence>8</sequence>
  <level>PASSED</level>
  <class>com.kms.katalon.core.logging.XmlKeywordLogger</class>
  <method>logMessage</method>
  <thread>1</thread>
  <message>python.ejecutarAleatoriosPython.runPython is PASSED</message>
  <nestedLevel>1</nestedLevel>
</record>
<record>
  <date>2020-02-24T12:33:01</date>
  <millis>1582561981489</millis>
  <sequence>9</sequence>
  <level>END</level>
  <class>com.kms.katalon.core.logging.XmlKeywordLogger</class>
  <method>endKeyword</method>
  <thread>1</thread>
  <message>End action : python.ejecutarAleatoriosPython.runPython(\&amp;quot;ProductoAlmacen\&amp;quot;)</message>
  <nestedLevel>1</nestedLevel>
</record>
<record>
  <date>2020-02-24T12:33:01</date>
  <millis>1582561981490</millis>
  <sequence>10</sequence>
  <level>PASSED</level>
  <class>com.kms.katalon.core.logging.XmlKeywordLogger</class>
  <method>logMessage</method>
  <thread>1</thread>
  <message>Test Cases/Generar_Excels_Secuencias/TC_Generar_Excel_ProductoAlmacen</message>
  <nestedLevel>1</nestedLevel>
</record>
<record>
  <date>2020-02-24T12:33:01</date>
  <millis>1582561981491</millis>
  <sequence>11</sequence>
  <level>END</level>
  <class>com.kms.katalon.core.logging.XmlKeywordLogger</class>
  <method>endTest</method>
  <thread>1</thread>
  <message>End Test Case : Test Cases/Generar_Excels_Secuencias/TC_Generar_Excel_ProductoAlmacen</message>
  <nestedLevel>0</nestedLevel>
</record>
<record>
  <date>2020-02-24T12:33:01</date>
  <millis>1582561981505</millis>
  <sequence>12</sequence>
  <level>START</level>
  <class>com.kms.katalon.core.logging.XmlKeywordLogger</class>
  <method>startTest</method>
  <thread>1</thread>
  <message>Start Test Case : Test Cases/Secuencias de Ejecucion/TC_Agregar_Producto_Almacen</message>
  <nestedLevel>1</nestedLevel>
  <property name="name">Test Cases/Secuencias de Ejecucion/TC_Agregar_Producto_Almacen</property>
  <property name="description"></property>
  <property name="id">Test Cases/Secuencias de Ejecucion/TC_Agregar_Producto_Almacen</property>
  <property name="source">C:\\Users\\kaizen\\git\\AutomatizacionKatalon\\Test Cases\\Secuencias de Ejecucion\\TC_Agregar_Producto_Almacen.tc</property>
  <property name="tag"></property>
  <property name="isOptional">false</property>
</record>
<record>
  <date>2020-02-24T12:33:02</date>
  <millis>1582561982169</millis>
  <sequence>14</sequence>
  <level>START</level>
  <class>com.kms.katalon.core.logging.XmlKeywordLogger</class>
  <method>startKeyword</method>
  <thread>1</thread>
  <message>Start action : archivo = $RunConfiguration.getProjectDir()/Pedidos/DataExcel/ProductoAlmacen.xlsx</message>
  <nestedLevel>1</nestedLevel>
  <property name="startLine">20</property>
  <property name="stepIndex">1</property>
</record>
<record>
  <date>2020-02-24T12:33:02</date>
  <millis>1582561982249</millis>
  <sequence>15</sequence>
  <level>END</level>
  <class>com.kms.katalon.core.logging.XmlKeywordLogger</class>
  <method>endKeyword</method>
  <thread>1</thread>
  <message>End action : archivo = $RunConfiguration.getProjectDir()/Pedidos/DataExcel/ProductoAlmacen.xlsx</message>
  <nestedLevel>1</nestedLevel>
</record>
<record>
  <date>2020-02-24T12:33:02</date>
  <millis>1582561982253</millis>
  <sequence>16</sequence>
  <level>START</level>
  <class>com.kms.katalon.core.logging.XmlKeywordLogger</class>
  <method>startKeyword</method>
  <thread>1</thread>
  <message>Start action : excelData = getExcelDataWithDefaultSheet(archivo, \&amp;quot;Sheet1\&amp;quot;, true)</message>
  <nestedLevel>1</nestedLevel>
  <property name="startLine">22</property>
  <property name="stepIndex">2</property>
</record>
<record>
  <date>2020-02-24T12:33:03</date>
  <millis>1582561983365</millis>
  <sequence>17</sequence>
  <level>END</level>
  <class>com.kms.katalon.core.logging.XmlKeywordLogger</class>
  <method>endKeyword</method>
  <thread>1</thread>
  <message>End action : excelData = getExcelDataWithDefaultSheet(archivo, \&amp;quot;Sheet1\&amp;quot;, true)</message>
  <nestedLevel>1</nestedLevel>
</record>
<record>
  <date>2020-02-24T12:33:03</date>
  <millis>1582561983366</millis>
  <sequence>18</sequence>
  <level>START</level>
  <class>com.kms.katalon.core.logging.XmlKeywordLogger</class>
  <method>startKeyword</method>
  <thread>1</thread>
  <message>Start action : for ([Index = 1, Index &amp;lt;= excelData.getRowNumbers(), (Index++)])</message>
  <nestedLevel>1</nestedLevel>
  <property name="startLine">24</property>
  <property name="stepIndex">3</property>
</record>
<record>
  <date>2020-02-24T12:33:03</date>
  <millis>1582561983388</millis>
  <sequence>19</sequence>
  <level>START</level>
  <class>com.kms.katalon.core.logging.XmlKeywordLogger</class>
  <method>startKeyword</method>
  <thread>1</thread>
  <message>Start action : callTestCase(findTestCase(\&amp;quot;Individual_Tests/Login\&amp;quot;), [\&amp;quot;Evento\&amp;quot;:\&amp;quot;ProductoAlmacen\&amp;quot;, \&amp;quot;Index\&amp;quot;:Index], STOP_ON_FAILURE)</message>
  <nestedLevel>2</nestedLevel>
  <property name="startLine">26</property>
  <property name="stepIndex">1</property>
</record>
<record>
  <date>2020-02-24T12:33:03</date>
  <millis>1582561983694</millis>
  <sequence>22</sequence>
  <level>START</level>
  <class>com.kms.katalon.core.logging.XmlKeywordLogger</class>
  <method>startTest</method>
  <thread>1</thread>
  <message>Start Test Case : Test Cases/Individual_Tests/Login</message>
  <nestedLevel>2</nestedLevel>
  <property name="name">Test Cases/Individual_Tests/Login</property>
  <property name="description"></property>
  <property name="id">Test Cases/Individual_Tests/Login</property>
  <property name="source">C:\\Users\\kaizen\\git\\AutomatizacionKatalon\\Test Cases\\Individual_Tests\\Login.tc</property>
  <property name="tag"></property>
  <property name="isOptional">false</property>
</record>
<record>
  <date>2020-02-24T12:33:03</date>
  <millis>1582561983762</millis>
  <sequence>24</sequence>
  <level>INFO</level>
  <class>com.kms.katalon.core.logging.XmlKeywordLogger</class>
  <method>logMessage</method>
  <thread>1</thread>
  <message>Index = 1</message>
  <nestedLevel>2</nestedLevel>
</record>
<record>
  <date>2020-02-24T12:33:03</date>
  <millis>1582561983771</millis>
  <sequence>25</sequence>
  <level>INFO</level>
  <class>com.kms.katalon.core.logging.XmlKeywordLogger</class>
  <method>logMessage</method>
  <thread>1</thread>
  <message>Evento = ProductoAlmacen</message>
  <nestedLevel>2</nestedLevel>
</record>
<record>
  <date>2020-02-24T12:33:04</date>
  <millis>1582561984325</millis>
  <sequence>26</sequence>
  <level>START</level>
  <class>com.kms.katalon.core.logging.XmlKeywordLogger</class>
  <method>startKeyword</method>
  <thread>1</thread>
  <message>Start action : print(\&amp;quot;Evento Seleccionado: \&amp;quot; + Evento + \&amp;quot;\n\&amp;quot;)</message>
  <nestedLevel>1</nestedLevel>
  <property name="startLine">19</property>
  <property name="stepIndex">1</property>
</record>
<record>
  <date>2020-02-24T12:33:04</date>
  <millis>1582561984330</millis>
  <sequence>27</sequence>
  <level>END</level>
  <class>com.kms.katalon.core.logging.XmlKeywordLogger</class>
  <method>endKeyword</method>
  <thread>1</thread>
  <message>End action : print(\&amp;quot;Evento Seleccionado: \&amp;quot; + Evento + \&amp;quot;\n\&amp;quot;)</message>
  <nestedLevel>1</nestedLevel>
</record>
<record>
  <date>2020-02-24T12:33:04</date>
  <millis>1582561984332</millis>
  <sequence>28</sequence>
  <level>START</level>
  <class>com.kms.katalon.core.logging.XmlKeywordLogger</class>
  <method>startKeyword</method>
  <thread>1</thread>
  <message>Start action : openBrowser(Web)</message>
  <nestedLevel>1</nestedLevel>
  <property name="startLine">21</property>
  <property name="stepIndex">2</property>
</record>
<record>
  <date>2020-02-24T12:33:05</date>
  <millis>1582561985175</millis>
  <sequence>30</sequence>
  <level>INFO</level>
  <class>com.kms.katalon.core.logging.XmlKeywordLogger</class>
  <method>logMessage</method>
  <thread>1</thread>
  <message>Starting &amp;apos;Chrome&amp;apos; driver</message>
  <nestedLevel>2</nestedLevel>
</record>
<record>
  <date>2020-02-24T12:33:05</date>
  <millis>1582561985329</millis>
  <sequence>32</sequence>
  <level>INFO</level>
  <class>com.kms.katalon.core.logging.XmlKeywordLogger</class>
  <method>logMessage</method>
  <thread>1</thread>
  <message>Action delay is set to 0 seconds</message>
  <nestedLevel>2</nestedLevel>
</record>
<record>
  <date>2020-02-24T12:33:11</date>
  <millis>1582561991143</millis>
  <sequence>34</sequence>
  <level>RUN_DATA</level>
  <class>com.kms.katalon.core.logging.XmlKeywordLogger</class>
  <method>logMessage</method>
  <thread>1</thread>
  <message>sessionId = 91f921d791e0f27e4e8800e18bec5793</message>
  <nestedLevel>2</nestedLevel>
  <property name="sessionId">91f921d791e0f27e4e8800e18bec5793</property>
</record>
<record>
  <date>2020-02-24T12:33:11</date>
  <millis>1582561991174</millis>
  <sequence>35</sequence>
  <level>RUN_DATA</level>
  <class>com.kms.katalon.core.logging.XmlKeywordLogger</class>
  <method>logMessage</method>
  <thread>1</thread>
  <message>browser = Chrome 80.0.3987.116</message>
  <nestedLevel>2</nestedLevel>
  <property name="browser">Chrome 80.0.3987.116</property>
</record>
<record>
  <date>2020-02-24T12:33:11</date>
  <millis>1582561991175</millis>
  <sequence>36</sequence>
  <level>RUN_DATA</level>
  <class>com.kms.katalon.core.logging.XmlKeywordLogger</class>
  <method>logMessage</method>
  <thread>1</thread>
  <message>platform = Windows 10</message>
  <nestedLevel>2</nestedLevel>
  <property name="platform">Windows 10</property>
</record>
<record>
  <date>2020-02-24T12:33:11</date>
  <millis>1582561991175</millis>
  <sequence>37</sequence>
  <level>RUN_DATA</level>
  <class>com.kms.katalon.core.logging.XmlKeywordLogger</class>
  <method>logMessage</method>
  <thread>1</thread>
  <message>seleniumVersion = 3.141.59</message>
  <nestedLevel>2</nestedLevel>
  <property name="seleniumVersion">3.141.59</property>
</record>
<record>
  <date>2020-02-24T12:33:11</date>
  <millis>1582561991176</millis>
  <sequence>38</sequence>
  <level>RUN_DATA</level>
  <class>com.kms.katalon.core.logging.XmlKeywordLogger</class>
  <method>logMessage</method>
  <thread>1</thread>
  <message>proxyInformation = ProxyInformation{proxyOption=NO_PROXY, proxyServerType=HTTP, password=, proxyServerAddress=, proxyServerPort=0, executionList=}</message>
  <nestedLevel>2</nestedLevel>
  <property name="proxyInformation">ProxyInformation{proxyOption=NO_PROXY, proxyServerType=HTTP, password=, proxyServerAddress=, proxyServerPort=0, executionList=}</property>
</record>
<record>
  <date>2020-02-24T12:35:39</date>
  <millis>1582562139338</millis>
  <sequence>40</sequence>
  <level>PASSED</level>
  <class>com.kms.katalon.core.logging.XmlKeywordLogger</class>
  <method>logMessage</method>
  <thread>1</thread>
  <message>Browser is opened with url: &amp;apos;http://test.kaizendev.net/Login/Accesar?salir=true&amp;apos;</message>
  <nestedLevel>2</nestedLevel>
</record>
<record>
  <date>2020-02-24T12:35:39</date>
  <millis>1582562139339</millis>
  <sequence>41</sequence>
  <level>END</level>
  <class>com.kms.katalon.core.logging.XmlKeywordLogger</class>
  <method>endKeyword</method>
  <thread>1</thread>
  <message>End action : openBrowser(Web)</message>
  <nestedLevel>1</nestedLevel>
</record>
<record>
  <date>2020-02-24T12:35:39</date>
  <millis>1582562139339</millis>
  <sequence>42</sequence>
  <level>START</level>
  <class>com.kms.katalon.core.logging.XmlKeywordLogger</class>
  <method>startKeyword</method>
  <thread>1</thread>
  <message>Start action : maximizeWindow()</message>
  <nestedLevel>1</nestedLevel>
  <property name="startLine">23</property>
  <property name="stepIndex">3</property>
</record>
<record>
  <date>2020-02-24T12:35:40</date>
  <millis>1582562140570</millis>
  <sequence>44</sequence>
  <level>PASSED</level>
  <class>com.kms.katalon.core.logging.XmlKeywordLogger</class>
  <method>logMessage</method>
  <thread>1</thread>
  <message>Current window maximized</message>
  <nestedLevel>2</nestedLevel>
</record>
<record>
  <date>2020-02-24T12:35:40</date>
  <millis>1582562140571</millis>
  <sequence>45</sequence>
  <level>END</level>
  <class>com.kms.katalon.core.logging.XmlKeywordLogger</class>
  <method>endKeyword</method>
  <thread>1</thread>
  <message>End action : maximizeWindow()</message>
  <nestedLevel>1</nestedLevel>
</record>
<record>
  <date>2020-02-24T12:35:40</date>
  <millis>1582562140572</millis>
  <sequence>46</sequence>
  <level>START</level>
  <class>com.kms.katalon.core.logging.XmlKeywordLogger</class>
  <method>startKeyword</method>
  <thread>1</thread>
  <message>Start action : if (Evento == \&amp;quot;Crear20\&amp;quot;)</message>
  <nestedLevel>1</nestedLevel>
  <property name="startLine">25</property>
  <property name="stepIndex">4</property>
</record>
<record>
  <date>2020-02-24T12:35:40</date>
  <millis>1582562140574</millis>
  <sequence>47</sequence>
  <level>END</level>
  <class>com.kms.katalon.core.logging.XmlKeywordLogger</class>
  <method>endKeyword</method>
  <thread>1</thread>
  <message>End action : if (Evento == \&amp;quot;Crear20\&amp;quot;)</message>
  <nestedLevel>1</nestedLevel>
</record>
<record>
  <date>2020-02-24T12:35:40</date>
  <millis>1582562140574</millis>
  <sequence>48</sequence>
  <level>START</level>
  <class>com.kms.katalon.core.logging.XmlKeywordLogger</class>
  <method>startKeyword</method>
  <thread>1</thread>
  <message>Start action : else if (Evento == \&amp;quot;Crear40\&amp;quot;)</message>
  <nestedLevel>1</nestedLevel>
  <property name="startLine">34</property>
  <property name="stepIndex">5</property>
</record>
<record>
  <date>2020-02-24T12:35:40</date>
  <millis>1582562140576</millis>
  <sequence>49</sequence>
  <level>END</level>
  <class>com.kms.katalon.core.logging.XmlKeywordLogger</class>
  <method>endKeyword</method>
  <thread>1</thread>
  <message>End action : else if (Evento == \&amp;quot;Crear40\&amp;quot;)</message>
  <nestedLevel>1</nestedLevel>
</record>
<record>
  <date>2020-02-24T12:35:40</date>
  <millis>1582562140583</millis>
  <sequence>50</sequence>
  <level>START</level>
  <class>com.kms.katalon.core.logging.XmlKeywordLogger</class>
  <method>startKeyword</method>
  <thread>1</thread>
  <message>Start action : else if (Evento == \&amp;quot;Aprobar\&amp;quot;)</message>
  <nestedLevel>1</nestedLevel>
  <property name="startLine">43</property>
  <property name="stepIndex">6</property>
</record>
<record>
  <date>2020-02-24T12:35:40</date>
  <millis>1582562140587</millis>
  <sequence>51</sequence>
  <level>END</level>
  <class>com.kms.katalon.core.logging.XmlKeywordLogger</class>
  <method>endKeyword</method>
  <thread>1</thread>
  <message>End action : else if (Evento == \&amp;quot;Aprobar\&amp;quot;)</message>
  <nestedLevel>1</nestedLevel>
</record>
<record>
  <date>2020-02-24T12:35:40</date>
  <millis>1582562140589</millis>
  <sequence>52</sequence>
  <level>START</level>
  <class>com.kms.katalon.core.logging.XmlKeywordLogger</class>
  <method>startKeyword</method>
  <thread>1</thread>
  <message>Start action : else if (Evento == \&amp;quot;Logistica\&amp;quot;)</message>
  <nestedLevel>1</nestedLevel>
  <property name="startLine">52</property>
  <property name="stepIndex">7</property>
</record>
<record>
  <date>2020-02-24T12:35:40</date>
  <millis>1582562140603</millis>
  <sequence>53</sequence>
  <level>END</level>
  <class>com.kms.katalon.core.logging.XmlKeywordLogger</class>
  <method>endKeyword</method>
  <thread>1</thread>
  <message>End action : else if (Evento == \&amp;quot;Logistica\&amp;quot;)</message>
  <nestedLevel>1</nestedLevel>
</record>
<record>
  <date>2020-02-24T12:35:40</date>
  <millis>1582562140604</millis>
  <sequence>54</sequence>
  <level>START</level>
  <class>com.kms.katalon.core.logging.XmlKeywordLogger</class>
  <method>startKeyword</method>
  <thread>1</thread>
  <message>Start action : else if (Evento == \&amp;quot;Produccion\&amp;quot;)</message>
  <nestedLevel>1</nestedLevel>
  <property name="startLine">61</property>
  <property name="stepIndex">8</property>
</record>
<record>
  <date>2020-02-24T12:35:40</date>
  <millis>1582562140605</millis>
  <sequence>55</sequence>
  <level>END</level>
  <class>com.kms.katalon.core.logging.XmlKeywordLogger</class>
  <method>endKeyword</method>
  <thread>1</thread>
  <message>End action : else if (Evento == \&amp;quot;Produccion\&amp;quot;)</message>
  <nestedLevel>1</nestedLevel>
</record>
<record>
  <date>2020-02-24T12:35:40</date>
  <millis>1582562140605</millis>
  <sequence>56</sequence>
  <level>START</level>
  <class>com.kms.katalon.core.logging.XmlKeywordLogger</class>
  <method>startKeyword</method>
  <thread>1</thread>
  <message>Start action : else if (Evento == \&amp;quot;Inventario\&amp;quot;)</message>
  <nestedLevel>1</nestedLevel>
  <property name="startLine">70</property>
  <property name="stepIndex">9</property>
</record>
<record>
  <date>2020-02-24T12:35:40</date>
  <millis>1582562140606</millis>
  <sequence>57</sequence>
  <level>END</level>
  <class>com.kms.katalon.core.logging.XmlKeywordLogger</class>
  <method>endKeyword</method>
  <thread>1</thread>
  <message>End action : else if (Evento == \&amp;quot;Inventario\&amp;quot;)</message>
  <nestedLevel>1</nestedLevel>
</record>
<record>
  <date>2020-02-24T12:35:40</date>
  <millis>1582562140607</millis>
  <sequence>58</sequence>
  <level>START</level>
  <class>com.kms.katalon.core.logging.XmlKeywordLogger</class>
  <method>startKeyword</method>
  <thread>1</thread>
  <message>Start action : else if (Evento == \&amp;quot;Despacho\&amp;quot;)</message>
  <nestedLevel>1</nestedLevel>
  <property name="startLine">79</property>
  <property name="stepIndex">10</property>
</record>
<record>
  <date>2020-02-24T12:35:40</date>
  <millis>1582562140608</millis>
  <sequence>59</sequence>
  <level>END</level>
  <class>com.kms.katalon.core.logging.XmlKeywordLogger</class>
  <method>endKeyword</method>
  <thread>1</thread>
  <message>End action : else if (Evento == \&amp;quot;Despacho\&amp;quot;)</message>
  <nestedLevel>1</nestedLevel>
</record>
<record>
  <date>2020-02-24T12:35:40</date>
  <millis>1582562140609</millis>
  <sequence>60</sequence>
  <level>START</level>
  <class>com.kms.katalon.core.logging.XmlKeywordLogger</class>
  <method>startKeyword</method>
  <thread>1</thread>
  <message>Start action : else if (Evento == \&amp;quot;ProductoAlmacen\&amp;quot;)</message>
  <nestedLevel>1</nestedLevel>
  <property name="startLine">88</property>
  <property name="stepIndex">11</property>
</record>
<record>
  <date>2020-02-24T12:35:40</date>
  <millis>1582562140611</millis>
  <sequence>61</sequence>
  <level>START</level>
  <class>com.kms.katalon.core.logging.XmlKeywordLogger</class>
  <method>startKeyword</method>
  <thread>1</thread>
  <message>Start action : data7 = obtener_excels.obtener_producto_almacen.getValuesExcelProductoAlmacen(Index)</message>
  <nestedLevel>2</nestedLevel>
  <property name="startLine">89</property>
  <property name="stepIndex">1</property>
</record>
<record>
  <date>2020-02-24T12:35:40</date>
  <millis>1582562140881</millis>
  <sequence>62</sequence>
  <level>PASSED</level>
  <class>com.kms.katalon.core.logging.XmlKeywordLogger</class>
  <method>logMessage</method>
  <thread>1</thread>
  <message>obtener_excels.obtener_producto_almacen.getValuesExcelProductoAlmacen is PASSED</message>
  <nestedLevel>2</nestedLevel>
</record>
<record>
  <date>2020-02-24T12:35:40</date>
  <millis>1582562140882</millis>
  <sequence>63</sequence>
  <level>END</level>
  <class>com.kms.katalon.core.logging.XmlKeywordLogger</class>
  <method>endKeyword</method>
  <thread>1</thread>
  <message>End action : data7 = obtener_excels.obtener_producto_almacen.getValuesExcelProductoAlmacen(Index)</message>
  <nestedLevel>2</nestedLevel>
</record>
<record>
  <date>2020-02-24T12:35:40</date>
  <millis>1582562140882</millis>
  <sequence>64</sequence>
  <level>START</level>
  <class>com.kms.katalon.core.logging.XmlKeywordLogger</class>
  <method>startKeyword</method>
  <thread>1</thread>
  <message>Start action : Usuario = data7[1]</message>
  <nestedLevel>2</nestedLevel>
  <property name="startLine">90</property>
  <property name="stepIndex">2</property>
</record>
<record>
  <date>2020-02-24T12:35:40</date>
  <millis>1582562140888</millis>
  <sequence>65</sequence>
  <level>END</level>
  <class>com.kms.katalon.core.logging.XmlKeywordLogger</class>
  <method>endKeyword</method>
  <thread>1</thread>
  <message>End action : Usuario = data7[1]</message>
  <nestedLevel>2</nestedLevel>
</record>
<record>
  <date>2020-02-24T12:35:40</date>
  <millis>1582562140888</millis>
  <sequence>66</sequence>
  <level>START</level>
  <class>com.kms.katalon.core.logging.XmlKeywordLogger</class>
  <method>startKeyword</method>
  <thread>1</thread>
  <message>Start action : Contrasena = data7[2]</message>
  <nestedLevel>2</nestedLevel>
  <property name="startLine">91</property>
  <property name="stepIndex">3</property>
</record>
<record>
  <date>2020-02-24T12:35:40</date>
  <millis>1582562140889</millis>
  <sequence>67</sequence>
  <level>END</level>
  <class>com.kms.katalon.core.logging.XmlKeywordLogger</class>
  <method>endKeyword</method>
  <thread>1</thread>
  <message>End action : Contrasena = data7[2]</message>
  <nestedLevel>2</nestedLevel>
</record>
<record>
  <date>2020-02-24T12:35:40</date>
  <millis>1582562140889</millis>
  <sequence>68</sequence>
  <level>START</level>
  <class>com.kms.katalon.core.logging.XmlKeywordLogger</class>
  <method>startKeyword</method>
  <thread>1</thread>
  <message>Start action : setText(findTestObject(\&amp;quot;Page_Iniciar Sesion - KAIZEN/is_input_email\&amp;quot;), Usuario)</message>
  <nestedLevel>2</nestedLevel>
  <property name="startLine">92</property>
  <property name="stepIndex">4</property>
</record>
<record>
  <date>2020-02-24T12:35:41</date>
  <millis>1582562141953</millis>
  <sequence>79</sequence>
  <level>PASSED</level>
  <class>com.kms.katalon.core.logging.XmlKeywordLogger</class>
  <method>logMessage</method>
  <thread>1</thread>
  <message>Text &amp;apos;automated.test@grupokaizen.net&amp;apos; is set on object &amp;apos;Object Repository/Page_Iniciar Sesion - KAIZEN/is_input_email&amp;apos;</message>
  <nestedLevel>2</nestedLevel>
</record>
<record>
  <date>2020-02-24T12:35:41</date>
  <millis>1582562141953</millis>
  <sequence>80</sequence>
  <level>END</level>
  <class>com.kms.katalon.core.logging.XmlKeywordLogger</class>
  <method>endKeyword</method>
  <thread>1</thread>
  <message>End action : setText(findTestObject(\&amp;quot;Page_Iniciar Sesion - KAIZEN/is_input_email\&amp;quot;), Usuario)</message>
  <nestedLevel>2</nestedLevel>
</record>
<record>
  <date>2020-02-24T12:35:41</date>
  <millis>1582562141954</millis>
  <sequence>81</sequence>
  <level>START</level>
  <class>com.kms.katalon.core.logging.XmlKeywordLogger</class>
  <method>startKeyword</method>
  <thread>1</thread>
  <message>Start action : setEncryptedText(findTestObject(\&amp;quot;Page_Iniciar Sesion - KAIZEN/IS_input_contrasena\&amp;quot;), Contrasena)</message>
  <nestedLevel>2</nestedLevel>
  <property name="startLine">93</property>
  <property name="stepIndex">5</property>
</record>
<record>
  <date>2020-02-24T12:35:42</date>
  <millis>1582562142593</millis>
  <sequence>92</sequence>
  <level>PASSED</level>
  <class>com.kms.katalon.core.logging.XmlKeywordLogger</class>
  <method>logMessage</method>
  <thread>1</thread>
  <message>Text ****** has been set on object &amp;apos;Object Repository/Page_Iniciar Sesion - KAIZEN/IS_input_contrasena&amp;apos;</message>
  <nestedLevel>2</nestedLevel>
</record>
<record>
  <date>2020-02-24T12:35:42</date>
  <millis>1582562142594</millis>
  <sequence>93</sequence>
  <level>END</level>
  <class>com.kms.katalon.core.logging.XmlKeywordLogger</class>
  <method>endKeyword</method>
  <thread>1</thread>
  <message>End action : setEncryptedText(findTestObject(\&amp;quot;Page_Iniciar Sesion - KAIZEN/IS_input_contrasena\&amp;quot;), Contrasena)</message>
  <nestedLevel>2</nestedLevel>
</record>
<record>
  <date>2020-02-24T12:35:42</date>
  <millis>1582562142594</millis>
  <sequence>94</sequence>
  <level>START</level>
  <class>com.kms.katalon.core.logging.XmlKeywordLogger</class>
  <method>startKeyword</method>
  <thread>1</thread>
  <message>Start action : click(findTestObject(\&amp;quot;Page_Iniciar Sesion - KAIZEN/is_btn_ingresar_sistema\&amp;quot;))</message>
  <nestedLevel>2</nestedLevel>
  <property name="startLine">94</property>
  <property name="stepIndex">6</property>
</record>
<record>
  <date>2020-02-24T12:35:45</date>
  <millis>1582562145986</millis>
  <sequence>105</sequence>
  <level>PASSED</level>
  <class>com.kms.katalon.core.logging.XmlKeywordLogger</class>
  <method>logMessage</method>
  <thread>1</thread>
  <message>Object: &amp;apos;Object Repository/Page_Iniciar Sesion - KAIZEN/is_btn_ingresar_sistema&amp;apos; is clicked on</message>
  <nestedLevel>2</nestedLevel>
</record>
<record>
  <date>2020-02-24T12:35:45</date>
  <millis>1582562145986</millis>
  <sequence>106</sequence>
  <level>END</level>
  <class>com.kms.katalon.core.logging.XmlKeywordLogger</class>
  <method>endKeyword</method>
  <thread>1</thread>
  <message>End action : click(findTestObject(\&amp;quot;Page_Iniciar Sesion - KAIZEN/is_btn_ingresar_sistema\&amp;quot;))</message>
  <nestedLevel>2</nestedLevel>
</record>
<record>
  <date>2020-02-24T12:35:45</date>
  <millis>1582562145987</millis>
  <sequence>107</sequence>
  <level>END</level>
  <class>com.kms.katalon.core.logging.XmlKeywordLogger</class>
  <method>endKeyword</method>
  <thread>1</thread>
  <message>End action : else if (Evento == \&amp;quot;ProductoAlmacen\&amp;quot;)</message>
  <nestedLevel>1</nestedLevel>
</record>
<record>
  <date>2020-02-24T12:35:45</date>
  <millis>1582562145987</millis>
  <sequence>108</sequence>
  <level>PASSED</level>
  <class>com.kms.katalon.core.logging.XmlKeywordLogger</class>
  <method>logMessage</method>
  <thread>1</thread>
  <message>Test Cases/Individual_Tests/Login</message>
  <nestedLevel>2</nestedLevel>
</record>
<record>
  <date>2020-02-24T12:35:45</date>
  <millis>1582562145987</millis>
  <sequence>109</sequence>
  <level>END</level>
  <class>com.kms.katalon.core.logging.XmlKeywordLogger</class>
  <method>endTest</method>
  <thread>1</thread>
  <message>End Test Case : Test Cases/Individual_Tests/Login</message>
  <nestedLevel>1</nestedLevel>
</record>
<record>
  <date>2020-02-24T12:35:45</date>
  <millis>1582562145994</millis>
  <sequence>110</sequence>
  <level>PASSED</level>
  <class>com.kms.katalon.core.logging.XmlKeywordLogger</class>
  <method>logMessage</method>
  <thread>1</thread>
  <message>Call Test Case &amp;apos;Test Cases/Individual_Tests/Login&amp;apos; successfully</message>
  <nestedLevel>1</nestedLevel>
</record>
<record>
  <date>2020-02-24T12:35:45</date>
  <millis>1582562145995</millis>
  <sequence>111</sequence>
  <level>END</level>
  <class>com.kms.katalon.core.logging.XmlKeywordLogger</class>
  <method>endKeyword</method>
  <thread>1</thread>
  <message>End action : callTestCase(findTestCase(\&amp;quot;Individual_Tests/Login\&amp;quot;), [\&amp;quot;Evento\&amp;quot;:\&amp;quot;ProductoAlmacen\&amp;quot;, \&amp;quot;Index\&amp;quot;:Index], STOP_ON_FAILURE)</message>
  <nestedLevel>2</nestedLevel>
</record>
<record>
  <date>2020-02-24T12:35:45</date>
  <millis>1582562145995</millis>
  <sequence>112</sequence>
  <level>START</level>
  <class>com.kms.katalon.core.logging.XmlKeywordLogger</class>
  <method>startKeyword</method>
  <thread>1</thread>
  <message>Start action : callTestCase(findTestCase(\&amp;quot;Individual_Tests/Seleccionar_Idioma\&amp;quot;), [\&amp;quot;Evento\&amp;quot;:\&amp;quot;ProductoAlmacen\&amp;quot;, \&amp;quot;Index\&amp;quot;:Index], STOP_ON_FAILURE)</message>
  <nestedLevel>2</nestedLevel>
  <property name="startLine">28</property>
  <property name="stepIndex">2</property>
</record>
<record>
  <date>2020-02-24T12:35:46</date>
  <millis>1582562146106</millis>
  <sequence>115</sequence>
  <level>START</level>
  <class>com.kms.katalon.core.logging.XmlKeywordLogger</class>
  <method>startTest</method>
  <thread>1</thread>
  <message>Start Test Case : Test Cases/Individual_Tests/Seleccionar_Idioma</message>
  <nestedLevel>2</nestedLevel>
  <property name="name">Test Cases/Individual_Tests/Seleccionar_Idioma</property>
  <property name="description"></property>
  <property name="id">Test Cases/Individual_Tests/Seleccionar_Idioma</property>
  <property name="source">C:\\Users\\kaizen\\git\\AutomatizacionKatalon\\Test Cases\\Individual_Tests\\Seleccionar_Idioma.tc</property>
  <property name="tag"></property>
  <property name="isOptional">false</property>
</record>
<record>
  <date>2020-02-24T12:35:46</date>
  <millis>1582562146154</millis>
  <sequence>117</sequence>
  <level>INFO</level>
  <class>com.kms.katalon.core.logging.XmlKeywordLogger</class>
  <method>logMessage</method>
  <thread>1</thread>
  <message>Evento = ProductoAlmacen</message>
  <nestedLevel>2</nestedLevel>
</record>
<record>
  <date>2020-02-24T12:35:46</date>
  <millis>1582562146154</millis>
  <sequence>118</sequence>
  <level>INFO</level>
  <class>com.kms.katalon.core.logging.XmlKeywordLogger</class>
  <method>logMessage</method>
  <thread>1</thread>
  <message>Index = 1</message>
  <nestedLevel>2</nestedLevel>
</record>
<record>
  <date>2020-02-24T12:35:46</date>
  <millis>1582562146590</millis>
  <sequence>119</sequence>
  <level>START</level>
  <class>com.kms.katalon.core.logging.XmlKeywordLogger</class>
  <method>startKeyword</method>
  <thread>1</thread>
  <message>Start action : Idioma = 0</message>
  <nestedLevel>1</nestedLevel>
  <property name="startLine">17</property>
  <property name="stepIndex">1</property>
</record>
<record>
  <date>2020-02-24T12:35:46</date>
  <millis>1582562146592</millis>
  <sequence>120</sequence>
  <level>END</level>
  <class>com.kms.katalon.core.logging.XmlKeywordLogger</class>
  <method>endKeyword</method>
  <thread>1</thread>
  <message>End action : Idioma = 0</message>
  <nestedLevel>1</nestedLevel>
</record>
<record>
  <date>2020-02-24T12:35:46</date>
  <millis>1582562146599</millis>
  <sequence>121</sequence>
  <level>START</level>
  <class>com.kms.katalon.core.logging.XmlKeywordLogger</class>
  <method>startKeyword</method>
  <thread>1</thread>
  <message>Start action : if (Evento == \&amp;quot;Crear20\&amp;quot;)</message>
  <nestedLevel>1</nestedLevel>
  <property name="startLine">19</property>
  <property name="stepIndex">2</property>
</record>
<record>
  <date>2020-02-24T12:35:46</date>
  <millis>1582562146601</millis>
  <sequence>122</sequence>
  <level>END</level>
  <class>com.kms.katalon.core.logging.XmlKeywordLogger</class>
  <method>endKeyword</method>
  <thread>1</thread>
  <message>End action : if (Evento == \&amp;quot;Crear20\&amp;quot;)</message>
  <nestedLevel>1</nestedLevel>
</record>
<record>
  <date>2020-02-24T12:35:46</date>
  <millis>1582562146602</millis>
  <sequence>123</sequence>
  <level>START</level>
  <class>com.kms.katalon.core.logging.XmlKeywordLogger</class>
  <method>startKeyword</method>
  <thread>1</thread>
  <message>Start action : else if (Evento == \&amp;quot;Crear40\&amp;quot;)</message>
  <nestedLevel>1</nestedLevel>
  <property name="startLine">23</property>
  <property name="stepIndex">3</property>
</record>
<record>
  <date>2020-02-24T12:35:46</date>
  <millis>1582562146605</millis>
  <sequence>124</sequence>
  <level>END</level>
  <class>com.kms.katalon.core.logging.XmlKeywordLogger</class>
  <method>endKeyword</method>
  <thread>1</thread>
  <message>End action : else if (Evento == \&amp;quot;Crear40\&amp;quot;)</message>
  <nestedLevel>1</nestedLevel>
</record>
<record>
  <date>2020-02-24T12:35:46</date>
  <millis>1582562146606</millis>
  <sequence>125</sequence>
  <level>START</level>
  <class>com.kms.katalon.core.logging.XmlKeywordLogger</class>
  <method>startKeyword</method>
  <thread>1</thread>
  <message>Start action : else if (Evento == \&amp;quot;Aprobar\&amp;quot;)</message>
  <nestedLevel>1</nestedLevel>
  <property name="startLine">27</property>
  <property name="stepIndex">4</property>
</record>
<record>
  <date>2020-02-24T12:35:46</date>
  <millis>1582562146608</millis>
  <sequence>126</sequence>
  <level>END</level>
  <class>com.kms.katalon.core.logging.XmlKeywordLogger</class>
  <method>endKeyword</method>
  <thread>1</thread>
  <message>End action : else if (Evento == \&amp;quot;Aprobar\&amp;quot;)</message>
  <nestedLevel>1</nestedLevel>
</record>
<record>
  <date>2020-02-24T12:35:46</date>
  <millis>1582562146608</millis>
  <sequence>127</sequence>
  <level>START</level>
  <class>com.kms.katalon.core.logging.XmlKeywordLogger</class>
  <method>startKeyword</method>
  <thread>1</thread>
  <message>Start action : else if (Evento == \&amp;quot;Logistica\&amp;quot;)</message>
  <nestedLevel>1</nestedLevel>
  <property name="startLine">31</property>
  <property name="stepIndex">5</property>
</record>
<record>
  <date>2020-02-24T12:35:46</date>
  <millis>1582562146608</millis>
  <sequence>128</sequence>
  <level>END</level>
  <class>com.kms.katalon.core.logging.XmlKeywordLogger</class>
  <method>endKeyword</method>
  <thread>1</thread>
  <message>End action : else if (Evento == \&amp;quot;Logistica\&amp;quot;)</message>
  <nestedLevel>1</nestedLevel>
</record>
<record>
  <date>2020-02-24T12:35:46</date>
  <millis>1582562146608</millis>
  <sequence>129</sequence>
  <level>START</level>
  <class>com.kms.katalon.core.logging.XmlKeywordLogger</class>
  <method>startKeyword</method>
  <thread>1</thread>
  <message>Start action : else if (Evento == \&amp;quot;Produccion\&amp;quot;)</message>
  <nestedLevel>1</nestedLevel>
  <property name="startLine">35</property>
  <property name="stepIndex">6</property>
</record>
<record>
  <date>2020-02-24T12:35:46</date>
  <millis>1582562146616</millis>
  <sequence>130</sequence>
  <level>END</level>
  <class>com.kms.katalon.core.logging.XmlKeywordLogger</class>
  <method>endKeyword</method>
  <thread>1</thread>
  <message>End action : else if (Evento == \&amp;quot;Produccion\&amp;quot;)</message>
  <nestedLevel>1</nestedLevel>
</record>
<record>
  <date>2020-02-24T12:35:46</date>
  <millis>1582562146617</millis>
  <sequence>131</sequence>
  <level>START</level>
  <class>com.kms.katalon.core.logging.XmlKeywordLogger</class>
  <method>startKeyword</method>
  <thread>1</thread>
  <message>Start action : else if (Evento == \&amp;quot;Inventario\&amp;quot;)</message>
  <nestedLevel>1</nestedLevel>
  <property name="startLine">39</property>
  <property name="stepIndex">7</property>
</record>
<record>
  <date>2020-02-24T12:35:46</date>
  <millis>1582562146617</millis>
  <sequence>132</sequence>
  <level>END</level>
  <class>com.kms.katalon.core.logging.XmlKeywordLogger</class>
  <method>endKeyword</method>
  <thread>1</thread>
  <message>End action : else if (Evento == \&amp;quot;Inventario\&amp;quot;)</message>
  <nestedLevel>1</nestedLevel>
</record>
<record>
  <date>2020-02-24T12:35:46</date>
  <millis>1582562146618</millis>
  <sequence>133</sequence>
  <level>START</level>
  <class>com.kms.katalon.core.logging.XmlKeywordLogger</class>
  <method>startKeyword</method>
  <thread>1</thread>
  <message>Start action : else if (Evento == \&amp;quot;Despacho\&amp;quot;)</message>
  <nestedLevel>1</nestedLevel>
  <property name="startLine">43</property>
  <property name="stepIndex">8</property>
</record>
<record>
  <date>2020-02-24T12:35:46</date>
  <millis>1582562146625</millis>
  <sequence>134</sequence>
  <level>END</level>
  <class>com.kms.katalon.core.logging.XmlKeywordLogger</class>
  <method>endKeyword</method>
  <thread>1</thread>
  <message>End action : else if (Evento == \&amp;quot;Despacho\&amp;quot;)</message>
  <nestedLevel>1</nestedLevel>
</record>
<record>
  <date>2020-02-24T12:35:46</date>
  <millis>1582562146626</millis>
  <sequence>135</sequence>
  <level>START</level>
  <class>com.kms.katalon.core.logging.XmlKeywordLogger</class>
  <method>startKeyword</method>
  <thread>1</thread>
  <message>Start action : else if (Evento == \&amp;quot;ProductoAlmacen\&amp;quot;)</message>
  <nestedLevel>1</nestedLevel>
  <property name="startLine">48</property>
  <property name="stepIndex">9</property>
</record>
<record>
  <date>2020-02-24T12:35:46</date>
  <millis>1582562146628</millis>
  <sequence>136</sequence>
  <level>START</level>
  <class>com.kms.katalon.core.logging.XmlKeywordLogger</class>
  <method>startKeyword</method>
  <thread>1</thread>
  <message>Start action : data8 = obtener_excels.obtener_producto_almacen.getValuesExcelProductoAlmacen(Index)</message>
  <nestedLevel>2</nestedLevel>
  <property name="startLine">49</property>
  <property name="stepIndex">1</property>
</record>
<record>
  <date>2020-02-24T12:35:46</date>
  <millis>1582562146803</millis>
  <sequence>137</sequence>
  <level>PASSED</level>
  <class>com.kms.katalon.core.logging.XmlKeywordLogger</class>
  <method>logMessage</method>
  <thread>1</thread>
  <message>obtener_excels.obtener_producto_almacen.getValuesExcelProductoAlmacen is PASSED</message>
  <nestedLevel>2</nestedLevel>
</record>
<record>
  <date>2020-02-24T12:35:46</date>
  <millis>1582562146804</millis>
  <sequence>138</sequence>
  <level>END</level>
  <class>com.kms.katalon.core.logging.XmlKeywordLogger</class>
  <method>endKeyword</method>
  <thread>1</thread>
  <message>End action : data8 = obtener_excels.obtener_producto_almacen.getValuesExcelProductoAlmacen(Index)</message>
  <nestedLevel>2</nestedLevel>
</record>
<record>
  <date>2020-02-24T12:35:46</date>
  <millis>1582562146804</millis>
  <sequence>139</sequence>
  <level>START</level>
  <class>com.kms.katalon.core.logging.XmlKeywordLogger</class>
  <method>startKeyword</method>
  <thread>1</thread>
  <message>Start action : Idioma = data8[0]</message>
  <nestedLevel>2</nestedLevel>
  <property name="startLine">50</property>
  <property name="stepIndex">2</property>
</record>
<record>
  <date>2020-02-24T12:35:46</date>
  <millis>1582562146805</millis>
  <sequence>140</sequence>
  <level>END</level>
  <class>com.kms.katalon.core.logging.XmlKeywordLogger</class>
  <method>endKeyword</method>
  <thread>1</thread>
  <message>End action : Idioma = data8[0]</message>
  <nestedLevel>2</nestedLevel>
</record>
<record>
  <date>2020-02-24T12:35:46</date>
  <millis>1582562146805</millis>
  <sequence>141</sequence>
  <level>END</level>
  <class>com.kms.katalon.core.logging.XmlKeywordLogger</class>
  <method>endKeyword</method>
  <thread>1</thread>
  <message>End action : else if (Evento == \&amp;quot;ProductoAlmacen\&amp;quot;)</message>
  <nestedLevel>1</nestedLevel>
</record>
<record>
  <date>2020-02-24T12:35:46</date>
  <millis>1582562146805</millis>
  <sequence>142</sequence>
  <level>START</level>
  <class>com.kms.katalon.core.logging.XmlKeywordLogger</class>
  <method>startKeyword</method>
  <thread>1</thread>
  <message>Start action : click(findTestObject(\&amp;quot;Page_- KAIZEN/si_btn_idioma\&amp;quot;))</message>
  <nestedLevel>1</nestedLevel>
  <property name="startLine">59</property>
  <property name="stepIndex">11</property>
</record>
<record>
  <date>2020-02-24T12:35:47</date>
  <millis>1582562147765</millis>
  <sequence>153</sequence>
  <level>PASSED</level>
  <class>com.kms.katalon.core.logging.XmlKeywordLogger</class>
  <method>logMessage</method>
  <thread>1</thread>
  <message>Object: &amp;apos;Object Repository/Page_- KAIZEN/si_btn_idioma&amp;apos; is clicked on</message>
  <nestedLevel>2</nestedLevel>
</record>
<record>
  <date>2020-02-24T12:35:47</date>
  <millis>1582562147765</millis>
  <sequence>154</sequence>
  <level>END</level>
  <class>com.kms.katalon.core.logging.XmlKeywordLogger</class>
  <method>endKeyword</method>
  <thread>1</thread>
  <message>End action : click(findTestObject(\&amp;quot;Page_- KAIZEN/si_btn_idioma\&amp;quot;))</message>
  <nestedLevel>1</nestedLevel>
</record>
<record>
  <date>2020-02-24T12:35:47</date>
  <millis>1582562147766</millis>
  <sequence>155</sequence>
  <level>START</level>
  <class>com.kms.katalon.core.logging.XmlKeywordLogger</class>
  <method>startKeyword</method>
  <thread>1</thread>
  <message>Start action : if (Idioma == \&amp;quot;0\&amp;quot;)</message>
  <nestedLevel>1</nestedLevel>
  <property name="startLine">61</property>
  <property name="stepIndex">12</property>
</record>
<record>
  <date>2020-02-24T12:35:47</date>
  <millis>1582562147766</millis>
  <sequence>156</sequence>
  <level>END</level>
  <class>com.kms.katalon.core.logging.XmlKeywordLogger</class>
  <method>endKeyword</method>
  <thread>1</thread>
  <message>End action : if (Idioma == \&amp;quot;0\&amp;quot;)</message>
  <nestedLevel>1</nestedLevel>
</record>
<record>
  <date>2020-02-24T12:35:47</date>
  <millis>1582562147766</millis>
  <sequence>157</sequence>
  <level>START</level>
  <class>com.kms.katalon.core.logging.XmlKeywordLogger</class>
  <method>startKeyword</method>
  <thread>1</thread>
  <message>Start action : else</message>
  <nestedLevel>1</nestedLevel>
  <property name="startLine">66</property>
  <property name="stepIndex">13</property>
</record>
<record>
  <date>2020-02-24T12:35:47</date>
  <millis>1582562147767</millis>
  <sequence>158</sequence>
  <level>START</level>
  <class>com.kms.katalon.core.logging.XmlKeywordLogger</class>
  <method>startKeyword</method>
  <thread>1</thread>
  <message>Start action : click(findTestObject(\&amp;quot;Page_- KAIZEN/si_Spanish\&amp;quot;))</message>
  <nestedLevel>2</nestedLevel>
  <property name="startLine">68</property>
  <property name="stepIndex">1</property>
</record>
<record>
  <date>2020-02-24T12:35:49</date>
  <millis>1582562149257</millis>
  <sequence>169</sequence>
  <level>PASSED</level>
  <class>com.kms.katalon.core.logging.XmlKeywordLogger</class>
  <method>logMessage</method>
  <thread>1</thread>
  <message>Object: &amp;apos;Object Repository/Page_- KAIZEN/si_Spanish&amp;apos; is clicked on</message>
  <nestedLevel>2</nestedLevel>
</record>
<record>
  <date>2020-02-24T12:35:49</date>
  <millis>1582562149258</millis>
  <sequence>170</sequence>
  <level>END</level>
  <class>com.kms.katalon.core.logging.XmlKeywordLogger</class>
  <method>endKeyword</method>
  <thread>1</thread>
  <message>End action : click(findTestObject(\&amp;quot;Page_- KAIZEN/si_Spanish\&amp;quot;))</message>
  <nestedLevel>2</nestedLevel>
</record>
<record>
  <date>2020-02-24T12:35:49</date>
  <millis>1582562149258</millis>
  <sequence>171</sequence>
  <level>END</level>
  <class>com.kms.katalon.core.logging.XmlKeywordLogger</class>
  <method>endKeyword</method>
  <thread>1</thread>
  <message>End action : else</message>
  <nestedLevel>1</nestedLevel>
</record>
<record>
  <date>2020-02-24T12:35:49</date>
  <millis>1582562149258</millis>
  <sequence>172</sequence>
  <level>PASSED</level>
  <class>com.kms.katalon.core.logging.XmlKeywordLogger</class>
  <method>logMessage</method>
  <thread>1</thread>
  <message>Test Cases/Individual_Tests/Seleccionar_Idioma</message>
  <nestedLevel>2</nestedLevel>
</record>
<record>
  <date>2020-02-24T12:35:49</date>
  <millis>1582562149258</millis>
  <sequence>173</sequence>
  <level>END</level>
  <class>com.kms.katalon.core.logging.XmlKeywordLogger</class>
  <method>endTest</method>
  <thread>1</thread>
  <message>End Test Case : Test Cases/Individual_Tests/Seleccionar_Idioma</message>
  <nestedLevel>1</nestedLevel>
</record>
<record>
  <date>2020-02-24T12:35:49</date>
  <millis>1582562149258</millis>
  <sequence>174</sequence>
  <level>PASSED</level>
  <class>com.kms.katalon.core.logging.XmlKeywordLogger</class>
  <method>logMessage</method>
  <thread>1</thread>
  <message>Call Test Case &amp;apos;Test Cases/Individual_Tests/Seleccionar_Idioma&amp;apos; successfully</message>
  <nestedLevel>1</nestedLevel>
</record>
<record>
  <date>2020-02-24T12:35:49</date>
  <millis>1582562149259</millis>
  <sequence>175</sequence>
  <level>END</level>
  <class>com.kms.katalon.core.logging.XmlKeywordLogger</class>
  <method>endKeyword</method>
  <thread>1</thread>
  <message>End action : callTestCase(findTestCase(\&amp;quot;Individual_Tests/Seleccionar_Idioma\&amp;quot;), [\&amp;quot;Evento\&amp;quot;:\&amp;quot;ProductoAlmacen\&amp;quot;, \&amp;quot;Index\&amp;quot;:Index], STOP_ON_FAILURE)</message>
  <nestedLevel>2</nestedLevel>
</record>
<record>
  <date>2020-02-24T12:35:49</date>
  <millis>1582562149259</millis>
  <sequence>176</sequence>
  <level>START</level>
  <class>com.kms.katalon.core.logging.XmlKeywordLogger</class>
  <method>startKeyword</method>
  <thread>1</thread>
  <message>Start action : callTestCase(findTestCase(\&amp;quot;Individual_Tests/Anadir_Producto_Almacen\&amp;quot;), [\&amp;quot;Index\&amp;quot;:Index], STOP_ON_FAILURE)</message>
  <nestedLevel>2</nestedLevel>
  <property name="startLine">30</property>
  <property name="stepIndex">3</property>
</record>
<record>
  <date>2020-02-24T12:35:49</date>
  <millis>1582562149320</millis>
  <sequence>179</sequence>
  <level>START</level>
  <class>com.kms.katalon.core.logging.XmlKeywordLogger</class>
  <method>startTest</method>
  <thread>1</thread>
  <message>Start Test Case : Test Cases/Individual_Tests/Anadir_Producto_Almacen</message>
  <nestedLevel>2</nestedLevel>
  <property name="name">Test Cases/Individual_Tests/Anadir_Producto_Almacen</property>
  <property name="description"></property>
  <property name="id">Test Cases/Individual_Tests/Anadir_Producto_Almacen</property>
  <property name="source">C:\\Users\\kaizen\\git\\AutomatizacionKatalon\\Test Cases\\Individual_Tests\\Anadir_Producto_Almacen.tc</property>
  <property name="tag"></property>
  <property name="isOptional">false</property>
</record>
<record>
  <date>2020-02-24T12:35:49</date>
  <millis>1582562149356</millis>
  <sequence>181</sequence>
  <level>INFO</level>
  <class>com.kms.katalon.core.logging.XmlKeywordLogger</class>
  <method>logMessage</method>
  <thread>1</thread>
  <message>Index = 1</message>
  <nestedLevel>2</nestedLevel>
</record>
<record>
  <date>2020-02-24T12:35:49</date>
  <millis>1582562149857</millis>
  <sequence>182</sequence>
  <level>START</level>
  <class>com.kms.katalon.core.logging.XmlKeywordLogger</class>
  <method>startKeyword</method>
  <thread>1</thread>
  <message>Start action : data = obtener_excels.obtener_producto_almacen.getValuesExcelProductoAlmacen(Index)</message>
  <nestedLevel>1</nestedLevel>
  <property name="startLine">19</property>
  <property name="stepIndex">1</property>
</record>
<record>
  <date>2020-02-24T12:35:49</date>
  <millis>1582562149922</millis>
  <sequence>183</sequence>
  <level>PASSED</level>
  <class>com.kms.katalon.core.logging.XmlKeywordLogger</class>
  <method>logMessage</method>
  <thread>1</thread>
  <message>obtener_excels.obtener_producto_almacen.getValuesExcelProductoAlmacen is PASSED</message>
  <nestedLevel>2</nestedLevel>
</record>
<record>
  <date>2020-02-24T12:35:49</date>
  <millis>1582562149925</millis>
  <sequence>184</sequence>
  <level>END</level>
  <class>com.kms.katalon.core.logging.XmlKeywordLogger</class>
  <method>endKeyword</method>
  <thread>1</thread>
  <message>End action : data = obtener_excels.obtener_producto_almacen.getValuesExcelProductoAlmacen(Index)</message>
  <nestedLevel>1</nestedLevel>
</record>
<record>
  <date>2020-02-24T12:35:49</date>
  <millis>1582562149925</millis>
  <sequence>185</sequence>
  <level>START</level>
  <class>com.kms.katalon.core.logging.XmlKeywordLogger</class>
  <method>startKeyword</method>
  <thread>1</thread>
  <message>Start action : Producto = data[3]</message>
  <nestedLevel>1</nestedLevel>
  <property name="startLine">20</property>
  <property name="stepIndex">2</property>
</record>
<record>
  <date>2020-02-24T12:35:49</date>
  <millis>1582562149926</millis>
  <sequence>186</sequence>
  <level>END</level>
  <class>com.kms.katalon.core.logging.XmlKeywordLogger</class>
  <method>endKeyword</method>
  <thread>1</thread>
  <message>End action : Producto = data[3]</message>
  <nestedLevel>1</nestedLevel>
</record>
<record>
  <date>2020-02-24T12:35:49</date>
  <millis>1582562149926</millis>
  <sequence>187</sequence>
  <level>START</level>
  <class>com.kms.katalon.core.logging.XmlKeywordLogger</class>
  <method>startKeyword</method>
  <thread>1</thread>
  <message>Start action : CantidadMinima = data[4]</message>
  <nestedLevel>1</nestedLevel>
  <property name="startLine">21</property>
  <property name="stepIndex">3</property>
</record>
<record>
  <date>2020-02-24T12:35:49</date>
  <millis>1582562149926</millis>
  <sequence>188</sequence>
  <level>END</level>
  <class>com.kms.katalon.core.logging.XmlKeywordLogger</class>
  <method>endKeyword</method>
  <thread>1</thread>
  <message>End action : CantidadMinima = data[4]</message>
  <nestedLevel>1</nestedLevel>
</record>
<record>
  <date>2020-02-24T12:35:49</date>
  <millis>1582562149926</millis>
  <sequence>189</sequence>
  <level>START</level>
  <class>com.kms.katalon.core.logging.XmlKeywordLogger</class>
  <method>startKeyword</method>
  <thread>1</thread>
  <message>Start action : CantidadMaxima = data[5]</message>
  <nestedLevel>1</nestedLevel>
  <property name="startLine">22</property>
  <property name="stepIndex">4</property>
</record>
<record>
  <date>2020-02-24T12:35:49</date>
  <millis>1582562149927</millis>
  <sequence>190</sequence>
  <level>END</level>
  <class>com.kms.katalon.core.logging.XmlKeywordLogger</class>
  <method>endKeyword</method>
  <thread>1</thread>
  <message>End action : CantidadMaxima = data[5]</message>
  <nestedLevel>1</nestedLevel>
</record>
<record>
  <date>2020-02-24T12:35:49</date>
  <millis>1582562149927</millis>
  <sequence>191</sequence>
  <level>START</level>
  <class>com.kms.katalon.core.logging.XmlKeywordLogger</class>
  <method>startKeyword</method>
  <thread>1</thread>
  <message>Start action : Almacen = data[6]</message>
  <nestedLevel>1</nestedLevel>
  <property name="startLine">23</property>
  <property name="stepIndex">5</property>
</record>
<record>
  <date>2020-02-24T12:35:49</date>
  <millis>1582562149928</millis>
  <sequence>192</sequence>
  <level>END</level>
  <class>com.kms.katalon.core.logging.XmlKeywordLogger</class>
  <method>endKeyword</method>
  <thread>1</thread>
  <message>End action : Almacen = data[6]</message>
  <nestedLevel>1</nestedLevel>
</record>
<record>
  <date>2020-02-24T12:35:49</date>
  <millis>1582562149928</millis>
  <sequence>193</sequence>
  <level>START</level>
  <class>com.kms.katalon.core.logging.XmlKeywordLogger</class>
  <method>startKeyword</method>
  <thread>1</thread>
  <message>Start action : Almacen2 = data[7]</message>
  <nestedLevel>1</nestedLevel>
  <property name="startLine">24</property>
  <property name="stepIndex">6</property>
</record>
<record>
  <date>2020-02-24T12:35:49</date>
  <millis>1582562149929</millis>
  <sequence>194</sequence>
  <level>END</level>
  <class>com.kms.katalon.core.logging.XmlKeywordLogger</class>
  <method>endKeyword</method>
  <thread>1</thread>
  <message>End action : Almacen2 = data[7]</message>
  <nestedLevel>1</nestedLevel>
</record>
<record>
  <date>2020-02-24T12:35:49</date>
  <millis>1582562149929</millis>
  <sequence>195</sequence>
  <level>START</level>
  <class>com.kms.katalon.core.logging.XmlKeywordLogger</class>
  <method>startKeyword</method>
  <thread>1</thread>
  <message>Start action : click(findTestObject(\&amp;quot;Object Repository/Page_- KAIZEN/mvi_menu_Inventario\&amp;quot;))</message>
  <nestedLevel>1</nestedLevel>
  <property name="startLine">26</property>
  <property name="stepIndex">7</property>
</record>
<record>
  <date>2020-02-24T12:35:50</date>
  <millis>1582562150524</millis>
  <sequence>206</sequence>
  <level>PASSED</level>
  <class>com.kms.katalon.core.logging.XmlKeywordLogger</class>
  <method>logMessage</method>
  <thread>1</thread>
  <message>Object: &amp;apos;Object Repository/Page_- KAIZEN/mvi_menu_Inventario&amp;apos; is clicked on</message>
  <nestedLevel>2</nestedLevel>
</record>
<record>
  <date>2020-02-24T12:35:50</date>
  <millis>1582562150524</millis>
  <sequence>207</sequence>
  <level>END</level>
  <class>com.kms.katalon.core.logging.XmlKeywordLogger</class>
  <method>endKeyword</method>
  <thread>1</thread>
  <message>End action : click(findTestObject(\&amp;quot;Object Repository/Page_- KAIZEN/mvi_menu_Inventario\&amp;quot;))</message>
  <nestedLevel>1</nestedLevel>
</record>
<record>
  <date>2020-02-24T12:35:50</date>
  <millis>1582562150524</millis>
  <sequence>208</sequence>
  <level>START</level>
  <class>com.kms.katalon.core.logging.XmlKeywordLogger</class>
  <method>startKeyword</method>
  <thread>1</thread>
  <message>Start action : click(findTestObject(\&amp;quot;Object Repository/Page_- KAIZEN/mvi_menu_productos_por_almacen\&amp;quot;))</message>
  <nestedLevel>1</nestedLevel>
  <property name="startLine">28</property>
  <property name="stepIndex">8</property>
</record>
<record>
  <date>2020-02-24T12:35:54</date>
  <millis>1582562154251</millis>
  <sequence>219</sequence>
  <level>PASSED</level>
  <class>com.kms.katalon.core.logging.XmlKeywordLogger</class>
  <method>logMessage</method>
  <thread>1</thread>
  <message>Object: &amp;apos;Object Repository/Page_- KAIZEN/mvi_menu_productos_por_almacen&amp;apos; is clicked on</message>
  <nestedLevel>2</nestedLevel>
</record>
<record>
  <date>2020-02-24T12:35:54</date>
  <millis>1582562154251</millis>
  <sequence>220</sequence>
  <level>END</level>
  <class>com.kms.katalon.core.logging.XmlKeywordLogger</class>
  <method>endKeyword</method>
  <thread>1</thread>
  <message>End action : click(findTestObject(\&amp;quot;Object Repository/Page_- KAIZEN/mvi_menu_productos_por_almacen\&amp;quot;))</message>
  <nestedLevel>1</nestedLevel>
</record>
<record>
  <date>2020-02-24T12:35:54</date>
  <millis>1582562154251</millis>
  <sequence>221</sequence>
  <level>START</level>
  <class>com.kms.katalon.core.logging.XmlKeywordLogger</class>
  <method>startKeyword</method>
  <thread>1</thread>
  <message>Start action : click(findTestObject(\&amp;quot;Object Repository/Page_Index - KAIZEN/mvi_agregar\&amp;quot;))</message>
  <nestedLevel>1</nestedLevel>
  <property name="startLine">30</property>
  <property name="stepIndex">9</property>
</record>
<record>
  <date>2020-02-24T12:35:57</date>
  <millis>1582562157001</millis>
  <sequence>232</sequence>
  <level>PASSED</level>
  <class>com.kms.katalon.core.logging.XmlKeywordLogger</class>
  <method>logMessage</method>
  <thread>1</thread>
  <message>Object: &amp;apos;Object Repository/Page_Index - KAIZEN/mvi_agregar&amp;apos; is clicked on</message>
  <nestedLevel>2</nestedLevel>
</record>
<record>
  <date>2020-02-24T12:35:57</date>
  <millis>1582562157002</millis>
  <sequence>233</sequence>
  <level>END</level>
  <class>com.kms.katalon.core.logging.XmlKeywordLogger</class>
  <method>endKeyword</method>
  <thread>1</thread>
  <message>End action : click(findTestObject(\&amp;quot;Object Repository/Page_Index - KAIZEN/mvi_agregar\&amp;quot;))</message>
  <nestedLevel>1</nestedLevel>
</record>
<record>
  <date>2020-02-24T12:35:57</date>
  <millis>1582562157002</millis>
  <sequence>234</sequence>
  <level>START</level>
  <class>com.kms.katalon.core.logging.XmlKeywordLogger</class>
  <method>startKeyword</method>
  <thread>1</thread>
  <message>Start action : click(findTestObject(\&amp;quot;Object Repository/Page_Agregar Productos - KAIZEN/mvi_btn_seleccione\&amp;quot;))</message>
  <nestedLevel>1</nestedLevel>
  <property name="startLine">32</property>
  <property name="stepIndex">10</property>
</record>
<record>
  <date>2020-02-24T12:35:57</date>
  <millis>1582562157661</millis>
  <sequence>245</sequence>
  <level>PASSED</level>
  <class>com.kms.katalon.core.logging.XmlKeywordLogger</class>
  <method>logMessage</method>
  <thread>1</thread>
  <message>Object: &amp;apos;Object Repository/Page_Agregar Productos - KAIZEN/mvi_btn_seleccione&amp;apos; is clicked on</message>
  <nestedLevel>2</nestedLevel>
</record>
<record>
  <date>2020-02-24T12:35:57</date>
  <millis>1582562157662</millis>
  <sequence>246</sequence>
  <level>END</level>
  <class>com.kms.katalon.core.logging.XmlKeywordLogger</class>
  <method>endKeyword</method>
  <thread>1</thread>
  <message>End action : click(findTestObject(\&amp;quot;Object Repository/Page_Agregar Productos - KAIZEN/mvi_btn_seleccione\&amp;quot;))</message>
  <nestedLevel>1</nestedLevel>
</record>
<record>
  <date>2020-02-24T12:35:57</date>
  <millis>1582562157662</millis>
  <sequence>247</sequence>
  <level>START</level>
  <class>com.kms.katalon.core.logging.XmlKeywordLogger</class>
  <method>startKeyword</method>
  <thread>1</thread>
  <message>Start action : setText(findTestObject(\&amp;quot;Object Repository/Page_Agregar Productos - KAIZEN/mvi_assing_prodcuto\&amp;quot;), Producto)</message>
  <nestedLevel>1</nestedLevel>
  <property name="startLine">34</property>
  <property name="stepIndex">11</property>
</record>
<record>
  <date>2020-02-24T12:36:00</date>
  <millis>1582562160574</millis>
  <sequence>258</sequence>
  <level>PASSED</level>
  <class>com.kms.katalon.core.logging.XmlKeywordLogger</class>
  <method>logMessage</method>
  <thread>1</thread>
  <message>Text &amp;apos;TRENTON 5 LUBERMAX SYNTHETIC BLEND TOP HD FORTIFIED WITH MOLY 10W-40&amp;apos; is set on object &amp;apos;Object Repository/Page_Agregar Productos - KAIZEN/mvi_assing_prodcuto&amp;apos;</message>
  <nestedLevel>2</nestedLevel>
</record>
<record>
  <date>2020-02-24T12:36:00</date>
  <millis>1582562160575</millis>
  <sequence>259</sequence>
  <level>END</level>
  <class>com.kms.katalon.core.logging.XmlKeywordLogger</class>
  <method>endKeyword</method>
  <thread>1</thread>
  <message>End action : setText(findTestObject(\&amp;quot;Object Repository/Page_Agregar Productos - KAIZEN/mvi_assing_prodcuto\&amp;quot;), Producto)</message>
  <nestedLevel>1</nestedLevel>
</record>
<record>
  <date>2020-02-24T12:36:00</date>
  <millis>1582562160575</millis>
  <sequence>260</sequence>
  <level>START</level>
  <class>com.kms.katalon.core.logging.XmlKeywordLogger</class>
  <method>startKeyword</method>
  <thread>1</thread>
  <message>Start action : sendKeys(findTestObject(\&amp;quot;Object Repository/Page_Agregar Productos - KAIZEN/mvi_assing_prodcuto\&amp;quot;), Keys.chord(ENTER))</message>
  <nestedLevel>1</nestedLevel>
  <property name="startLine">36</property>
  <property name="stepIndex">12</property>
</record>
<record>
  <date>2020-02-24T12:36:01</date>
  <millis>1582562161350</millis>
  <sequence>268</sequence>
  <level>PASSED</level>
  <class>com.kms.katalon.core.logging.XmlKeywordLogger</class>
  <method>logMessage</method>
  <thread>1</thread>
  <message>Keys &amp;apos;ENTER + &amp;apos; sent to object: &amp;apos;Object Repository/Page_Agregar Productos - KAIZEN/mvi_assing_prodcuto&amp;apos;</message>
  <nestedLevel>2</nestedLevel>
</record>
<record>
  <date>2020-02-24T12:36:01</date>
  <millis>1582562161350</millis>
  <sequence>269</sequence>
  <level>END</level>
  <class>com.kms.katalon.core.logging.XmlKeywordLogger</class>
  <method>endKeyword</method>
  <thread>1</thread>
  <message>End action : sendKeys(findTestObject(\&amp;quot;Object Repository/Page_Agregar Productos - KAIZEN/mvi_assing_prodcuto\&amp;quot;), Keys.chord(ENTER))</message>
  <nestedLevel>1</nestedLevel>
</record>
<record>
  <date>2020-02-24T12:36:01</date>
  <millis>1582562161350</millis>
  <sequence>270</sequence>
  <level>START</level>
  <class>com.kms.katalon.core.logging.XmlKeywordLogger</class>
  <method>startKeyword</method>
  <thread>1</thread>
  <message>Start action : selectOptionByValue(findTestObject(\&amp;quot;Object Repository/Page_Agregar Productos - KAIZEN/mvi_assing_almacen\&amp;quot;), Almacen, true)</message>
  <nestedLevel>1</nestedLevel>
  <property name="startLine">38</property>
  <property name="stepIndex">13</property>
</record>
<record>
  <date>2020-02-24T12:36:02</date>
  <millis>1582562162550</millis>
  <sequence>283</sequence>
  <level>PASSED</level>
  <class>com.kms.katalon.core.logging.XmlKeywordLogger</class>
  <method>logMessage</method>
  <thread>1</thread>
  <message>All options with value &amp;apos;7&amp;apos; are selected in object &amp;apos;Object Repository/Page_Agregar Productos - KAIZEN/mvi_assing_almacen&amp;apos;  using regular expression</message>
  <nestedLevel>2</nestedLevel>
</record>
<record>
  <date>2020-02-24T12:36:02</date>
  <millis>1582562162551</millis>
  <sequence>284</sequence>
  <level>END</level>
  <class>com.kms.katalon.core.logging.XmlKeywordLogger</class>
  <method>endKeyword</method>
  <thread>1</thread>
  <message>End action : selectOptionByValue(findTestObject(\&amp;quot;Object Repository/Page_Agregar Productos - KAIZEN/mvi_assing_almacen\&amp;quot;), Almacen, true)</message>
  <nestedLevel>1</nestedLevel>
</record>
<record>
  <date>2020-02-24T12:36:02</date>
  <millis>1582562162552</millis>
  <sequence>285</sequence>
  <level>START</level>
  <class>com.kms.katalon.core.logging.XmlKeywordLogger</class>
  <method>startKeyword</method>
  <thread>1</thread>
  <message>Start action : setText(findTestObject(\&amp;quot;Object Repository/Page_Agregar Productos - KAIZEN/mvi_cantidad_mnima_almacn\&amp;quot;), CantidadMinima)</message>
  <nestedLevel>1</nestedLevel>
  <property name="startLine">40</property>
  <property name="stepIndex">14</property>
</record>
<record>
  <date>2020-02-24T12:36:03</date>
  <millis>1582562163323</millis>
  <sequence>296</sequence>
  <level>PASSED</level>
  <class>com.kms.katalon.core.logging.XmlKeywordLogger</class>
  <method>logMessage</method>
  <thread>1</thread>
  <message>Text &amp;apos;4&amp;apos; is set on object &amp;apos;Object Repository/Page_Agregar Productos - KAIZEN/mvi_cantidad_mnima_almacn&amp;apos;</message>
  <nestedLevel>2</nestedLevel>
</record>
<record>
  <date>2020-02-24T12:36:03</date>
  <millis>1582562163323</millis>
  <sequence>297</sequence>
  <level>END</level>
  <class>com.kms.katalon.core.logging.XmlKeywordLogger</class>
  <method>endKeyword</method>
  <thread>1</thread>
  <message>End action : setText(findTestObject(\&amp;quot;Object Repository/Page_Agregar Productos - KAIZEN/mvi_cantidad_mnima_almacn\&amp;quot;), CantidadMinima)</message>
  <nestedLevel>1</nestedLevel>
</record>
<record>
  <date>2020-02-24T12:36:03</date>
  <millis>1582562163324</millis>
  <sequence>298</sequence>
  <level>START</level>
  <class>com.kms.katalon.core.logging.XmlKeywordLogger</class>
  <method>startKeyword</method>
  <thread>1</thread>
  <message>Start action : setText(findTestObject(\&amp;quot;Object Repository/Page_Agregar Productos - KAIZEN/mvi_cantidad_mxima_en_almacn\&amp;quot;), CantidadMaxima)</message>
  <nestedLevel>1</nestedLevel>
  <property name="startLine">42</property>
  <property name="stepIndex">15</property>
</record>
<record>
  <date>2020-02-24T12:36:03</date>
  <millis>1582562163984</millis>
  <sequence>309</sequence>
  <level>PASSED</level>
  <class>com.kms.katalon.core.logging.XmlKeywordLogger</class>
  <method>logMessage</method>
  <thread>1</thread>
  <message>Text &amp;apos;246&amp;apos; is set on object &amp;apos;Object Repository/Page_Agregar Productos - KAIZEN/mvi_cantidad_mxima_en_almacn&amp;apos;</message>
  <nestedLevel>2</nestedLevel>
</record>
<record>
  <date>2020-02-24T12:36:03</date>
  <millis>1582562163985</millis>
  <sequence>310</sequence>
  <level>END</level>
  <class>com.kms.katalon.core.logging.XmlKeywordLogger</class>
  <method>endKeyword</method>
  <thread>1</thread>
  <message>End action : setText(findTestObject(\&amp;quot;Object Repository/Page_Agregar Productos - KAIZEN/mvi_cantidad_mxima_en_almacn\&amp;quot;), CantidadMaxima)</message>
  <nestedLevel>1</nestedLevel>
</record>
<record>
  <date>2020-02-24T12:36:03</date>
  <millis>1582562163985</millis>
  <sequence>311</sequence>
  <level>START</level>
  <class>com.kms.katalon.core.logging.XmlKeywordLogger</class>
  <method>startKeyword</method>
  <thread>1</thread>
  <message>Start action : click(findTestObject(\&amp;quot;Object Repository/Page_Agregar Productos - KAIZEN/mvi_button_OK\&amp;quot;))</message>
  <nestedLevel>1</nestedLevel>
  <property name="startLine">44</property>
  <property name="stepIndex">16</property>
</record>
<record>
  <date>2020-02-24T12:36:05</date>
  <millis>1582562165284</millis>
  <sequence>322</sequence>
  <level>PASSED</level>
  <class>com.kms.katalon.core.logging.XmlKeywordLogger</class>
  <method>logMessage</method>
  <thread>1</thread>
  <message>Object: &amp;apos;Object Repository/Page_Agregar Productos - KAIZEN/mvi_button_OK&amp;apos; is clicked on</message>
  <nestedLevel>2</nestedLevel>
</record>
<record>
  <date>2020-02-24T12:36:05</date>
  <millis>1582562165284</millis>
  <sequence>323</sequence>
  <level>END</level>
  <class>com.kms.katalon.core.logging.XmlKeywordLogger</class>
  <method>endKeyword</method>
  <thread>1</thread>
  <message>End action : click(findTestObject(\&amp;quot;Object Repository/Page_Agregar Productos - KAIZEN/mvi_button_OK\&amp;quot;))</message>
  <nestedLevel>1</nestedLevel>
</record>
<record>
  <date>2020-02-24T12:36:05</date>
  <millis>1582562165285</millis>
  <sequence>324</sequence>
  <level>START</level>
  <class>com.kms.katalon.core.logging.XmlKeywordLogger</class>
  <method>startKeyword</method>
  <thread>1</thread>
  <message>Start action : click(findTestObject(\&amp;quot;Object Repository/Page_Agregar Productos - KAIZEN/mvi_Guardar\&amp;quot;))</message>
  <nestedLevel>1</nestedLevel>
  <property name="startLine">46</property>
  <property name="stepIndex">17</property>
</record>
<record>
  <date>2020-02-24T12:36:06</date>
  <millis>1582562166128</millis>
  <sequence>336</sequence>
  <level>ERROR</level>
  <class>com.kms.katalon.core.logging.XmlKeywordLogger</class>
  <method>logMessage</method>
  <thread>1</thread>
  <message>javascript error: Failed to execute &amp;apos;elementsFromPoint&amp;apos; on &amp;apos;Document&amp;apos;: The provided double value is non-finite.\n  (Session info: chrome=80.0.3987.116)\nBuild info: version: &amp;apos;3.141.59&amp;apos;, revision: &amp;apos;e82be7d358&amp;apos;, time: &amp;apos;2018-11-14T08:25:53&amp;apos;\nSystem info: host: &amp;apos;LAPTOP-K43U1BVQ&amp;apos;, ip: &amp;apos;192.168.99.1&amp;apos;, os.name: &amp;apos;Windows 10&amp;apos;, os.arch: &amp;apos;amd64&amp;apos;, os.version: &amp;apos;10.0&amp;apos;, java.version: &amp;apos;1.8.0_181&amp;apos;\nDriver info: com.kms.katalon.selenium.driver.CChromeDriver\nCapabilities {acceptInsecureCerts: false, browserName: chrome, browserVersion: 80.0.3987.116, chrome: {chromedriverVersion: 79.0.3945.36 (3582db32b3389..., userDataDir: C:\\Users\\kaizen\\AppData\\Loc...}, goog:chromeOptions: {debuggerAddress: localhost:20085}, javascriptEnabled: true, networkConnectionEnabled: false, pageLoadStrategy: normal, platform: WINDOWS, platformName: WINDOWS, proxy: Proxy(), setWindowRect: true, strictFileInteractability: false, timeouts: {implicit: 0, pageLoad: 300000, script: 30000}, unhandledPromptBehavior: dismiss and notify}\nSession ID: 91f921d791e0f27e4e8800e18bec5793</message>
  <nestedLevel>2</nestedLevel>
</record>
<record>
  <date>2020-02-24T12:36:36</date>
  <millis>1582562196579</millis>
  <sequence>338</sequence>
  <level>ERROR</level>
  <class>com.kms.katalon.core.logging.XmlKeywordLogger</class>
  <method>logMessage</method>
  <thread>1</thread>
  <message>javascript error: Failed to execute &amp;apos;elementsFromPoint&amp;apos; on &amp;apos;Document&amp;apos;: The provided double value is non-finite.\n  (Session info: chrome=80.0.3987.116)\nBuild info: version: &amp;apos;3.141.59&amp;apos;, revision: &amp;apos;e82be7d358&amp;apos;, time: &amp;apos;2018-11-14T08:25:53&amp;apos;\nSystem info: host: &amp;apos;LAPTOP-K43U1BVQ&amp;apos;, ip: &amp;apos;192.168.99.1&amp;apos;, os.name: &amp;apos;Windows 10&amp;apos;, os.arch: &amp;apos;amd64&amp;apos;, os.version: &amp;apos;10.0&amp;apos;, java.version: &amp;apos;1.8.0_181&amp;apos;\nDriver info: com.kms.katalon.selenium.driver.CChromeDriver\nCapabilities {acceptInsecureCerts: false, browserName: chrome, browserVersion: 80.0.3987.116, chrome: {chromedriverVersion: 79.0.3945.36 (3582db32b3389..., userDataDir: C:\\Users\\kaizen\\AppData\\Loc...}, goog:chromeOptions: {debuggerAddress: localhost:20085}, javascriptEnabled: true, networkConnectionEnabled: false, pageLoadStrategy: normal, platform: WINDOWS, platformName: WINDOWS, proxy: Proxy(), setWindowRect: true, strictFileInteractability: false, timeouts: {implicit: 0, pageLoad: 300000, script: 30000}, unhandledPromptBehavior: dismiss and notify}\nSession ID: 91f921d791e0f27e4e8800e18bec5793</message>
  <nestedLevel>2</nestedLevel>
</record>
<record>
  <date>2020-02-24T12:36:36</date>
  <millis>1582562196659</millis>
  <sequence>339</sequence>
  <level>PASSED</level>
  <class>com.kms.katalon.core.logging.XmlKeywordLogger</class>
  <method>logMessage</method>
  <thread>1</thread>
  <message>Object: &amp;apos;Object Repository/Page_Agregar Productos - KAIZEN/mvi_Guardar&amp;apos; is clicked on</message>
  <nestedLevel>2</nestedLevel>
</record>
<record>
  <date>2020-02-24T12:36:36</date>
  <millis>1582562196660</millis>
  <sequence>340</sequence>
  <level>END</level>
  <class>com.kms.katalon.core.logging.XmlKeywordLogger</class>
  <method>endKeyword</method>
  <thread>1</thread>
  <message>End action : click(findTestObject(\&amp;quot;Object Repository/Page_Agregar Productos - KAIZEN/mvi_Guardar\&amp;quot;))</message>
  <nestedLevel>1</nestedLevel>
</record>
<record>
  <date>2020-02-24T12:36:36</date>
  <millis>1582562196660</millis>
  <sequence>341</sequence>
  <level>START</level>
  <class>com.kms.katalon.core.logging.XmlKeywordLogger</class>
  <method>startKeyword</method>
  <thread>1</thread>
  <message>Start action : click(findTestObject(\&amp;quot;Object Repository/Page_Index - KAIZEN/mvi_agregar\&amp;quot;))</message>
  <nestedLevel>1</nestedLevel>
  <property name="startLine">50</property>
  <property name="stepIndex">18</property>
</record>
